 
 GRASP version 10.4.0 (Windows amd64/em64t 64-bit)
 
 GRASP found  16 CPU cores
 
 Program started at 15:32:10 on 10 June 2019
GRASP>COMMAND OBJECT ata01_sub_po get_currents ( source : sequence(ref(ata01_feed)),   auto_convergence_of_po : on, convergence_on_scatterer :   sequence(ref(ata01_main_reflector), ref(ata01_main_shield),   ref(ata01_sub_shield)), convergence_on_output_grid : sequence(ref(ata01_cut)))   ata01_po_sub 
 ----- TASK No. 1 -----     Started at 15:32:10 on June 10, 2019                 
  PO1 =  115  PO2 =  440  Face =    1, Final PO-values from auto-convergence
  PTD =  530              Edge =    1, Final PTD-value from auto-convergence.
 Total task time:  3.25 sec               
GRASP>COMMAND OBJECT ata01_main_po get_currents ( source :   sequence(ref(ata01_sub_po), ref(ata01_feed)), auto_convergence_of_po : on,   convergence_on_scatterer : sequence(ref(ata01_main_shield),   ref(ata01_sub_shield)), convergence_on_output_grid : sequence(ref(ata01_cut)))   ata01_po_main 
 ----- TASK No. 2 -----     Started at 15:32:13 on June 10, 2019                 
  PO1 =  450  PO2 = 1520  Face =    1, Final PO-values from auto-convergence
  PTD = 1840              Edge =    1, Final PTD-value from auto-convergence.
 Total task time:  1:15 min               
GRASP>COMMAND OBJECT ata01_sub_shield_po get_currents ( source :   sequence(ref(ata01_sub_po), ref(ata01_feed), ref(ata01_main_po)),   auto_convergence_of_po : on, convergence_on_scatterer :   sequence(ref(ata01_main_shield)), convergence_on_output_grid :   sequence(ref(ata01_cut))) cmd_5 
 ----- TASK No. 3 -----     Started at 15:33:28 on June 10, 2019                 
  PO1 =    9  PO2 =    8  Face =    1, Final PO-values from auto-convergence of advanced mesh.
  PTD = 1280              Edge =    1, Final PTD-value from auto-convergence.
  PTD = 7040              Edge =    2, Grid limit reached (acc: -50 dB).
WARNING: Message from object ata01_sub_shield_po: 
The integration does not converge within the allowed integration grid limit. 
See the output-file for details. 
 
 Total task time:  5:44 min               
GRASP>COMMAND OBJECT ata01_main_shield_po get_currents ( source :   sequence(ref(ata01_sub_po), ref(ata01_feed), ref(ata01_main_po)),   auto_convergence_of_po : on, convergence_on_output_grid :   sequence(ref(ata01_cut))) cmd_6 
 ----- TASK No. 4 -----     Started at 15:39:13 on June 10, 2019                 
  PO1 =   64  PO2 =    9  Face =    1, Final PO-values from auto-convergence of advanced mesh.
  PTD = 3360              Edge =    1, Final PTD-value from auto-convergence.
  PTD =19790              Edge =    2, Grid limit reached (acc: -11 dB).
WARNING: Message from object ata01_main_shield_po: 
The integration does not converge within the allowed integration grid limit. 
See the output-file for details. 
 
 Total task time: 51:48 min               
GRASP>COMMAND OBJECT ata01_cut get_field ( source : sequence(ref(ata01_main_po)))   ata01_get_field 
 ----- TASK No. 5 -----     Started at 16:31:01 on June 10, 2019                 
 Total task time:  1:17 min               
GRASP>COMMAND OBJECT ata01_cut add_field ( source : sequence(ref(ata01_feed),   ref(ata01_sub_po), ref(ata01_main_shield_po), ref(ata01_sub_shield_po)))   ata01_add_field_feed 
 ----- TASK No. 6 -----     Started at 16:32:19 on June 10, 2019                 
 Total task time:  5:56 min               
GRASP>QUIT 
 ----- END OF TASKS -----     Completed at 16:38:16 on June 10, 2019             
INFO: 2 WARNINGS ENCOUNTERED. 
 
WARNING NO. 1 
Message from object ata01_sub_shield_po: 
The integration does not converge within the allowed integration grid limit. 
See the output-file for details. 
 
WARNING NO. 2 
Message from object ata01_main_shield_po: 
The integration does not converge within the allowed integration grid limit. 
See the output-file for details. 
 
 
 Total time was 1:06 hrs
 Program stopped at 16:38:16 on 10 June 2019
