Add Component: Footprint Not Found LED_VCCLITE_0603_VCC
Add Component: Footprint Not Found LED_VCCLITE_0603_VCC
Add Component: Footprint Not Found LED_VCCLITE_0603_VCC
Add Component: Footprint Not Found LED_VCCLITE_0603_VCC
Added Component: Designator=Amp 1(CON4_2X2_UF_DF11_HIR)
Add component (AddParameter): Name = "Copyright"; Value = "Copyright (C) 2025 Ultra Librarian. All rights reserved."; VariantName = "[No Variations]"
Add component (AddParameter): Name = "Manufacturer_Name"; Value = "Hirose"; VariantName = "[No Variations]"
Add component (AddParameter): Name = "Manufacturer_Part_Number"; Value = "DF11-4DP-2DSA(24)"; VariantName = "[No Variations]"
Add component (AddParameter): Name = "RefDes"; Value = "RefDes"; VariantName = "[No Variations]"
Add component (AddParameter): Name = "Type"; Value = "Type"; VariantName = "[No Variations]"
Added Component: Designator=Amp 2(CON4_2X2_UF_DF11_HIR)
Add component (AddParameter): Name = "Copyright"; Value = "Copyright (C) 2025 Ultra Librarian. All rights reserved."; VariantName = "[No Variations]"
Add component (AddParameter): Name = "Manufacturer_Name"; Value = "Hirose"; VariantName = "[No Variations]"
Add component (AddParameter): Name = "Manufacturer_Part_Number"; Value = "DF11-4DP-2DSA(24)"; VariantName = "[No Variations]"
Add component (AddParameter): Name = "RefDes"; Value = "RefDes"; VariantName = "[No Variations]"
Add component (AddParameter): Name = "Type"; Value = "Type"; VariantName = "[No Variations]"
Added Component: Designator=Amp 3(CON4_2X2_UF_DF11_HIR)
Add component (AddParameter): Name = "Copyright"; Value = "Copyright (C) 2025 Ultra Librarian. All rights reserved."; VariantName = "[No Variations]"
Add component (AddParameter): Name = "Manufacturer_Name"; Value = "Hirose"; VariantName = "[No Variations]"
Add component (AddParameter): Name = "Manufacturer_Part_Number"; Value = "DF11-4DP-2DSA(24)"; VariantName = "[No Variations]"
Add component (AddParameter): Name = "RefDes"; Value = "RefDes"; VariantName = "[No Variations]"
Add component (AddParameter): Name = "Type"; Value = "Type"; VariantName = "[No Variations]"
Added Component: Designator=Amp 4(CON4_2X2_UF_DF11_HIR)
Add component (AddParameter): Name = "Copyright"; Value = "Copyright (C) 2025 Ultra Librarian. All rights reserved."; VariantName = "[No Variations]"
Add component (AddParameter): Name = "Manufacturer_Name"; Value = "Hirose"; VariantName = "[No Variations]"
Add component (AddParameter): Name = "Manufacturer_Part_Number"; Value = "DF11-4DP-2DSA(24)"; VariantName = "[No Variations]"
Add component (AddParameter): Name = "RefDes"; Value = "RefDes"; VariantName = "[No Variations]"
Add component (AddParameter): Name = "Type"; Value = "Type"; VariantName = "[No Variations]"
Added Component: Designator=Attenuator(HIROSE_DF11-6DP-2DSA(24))
Add component (AddParameter): Name = "Check_prices"; Value = "https://www.snapeda.com/parts/DF11-6DP-2DSA(24)/Hirose+Electric+Co+Ltd/view-part/?ref=eda"; VariantName = "[No Variations]"
Add component (AddParameter): Name = "MF"; Value = "Hirose Electric Co Ltd"; VariantName = "[No Variations]"
Add component (AddParameter): Name = "MP"; Value = "DF11-6DP-2DSA(24)"; VariantName = "[No Variations]"
Add component (AddParameter): Name = "Package"; Value = "None"; VariantName = "[No Variations]"
Add component (AddParameter): Name = "SnapEDA_Link"; Value = "https://www.snapeda.com/parts/DF11-6DP-2DSA(24)/Hirose+Electric+Co+Ltd/view-part/?ref=snap"; VariantName = "[No Variations]"
Add component (AddParameter): Name = "Value"; Value = ""; VariantName = "[No Variations]"
Added Component: Designator=Bias(CON4_2X2_UF_DF11_HIR)
Add component (AddParameter): Name = "Copyright"; Value = "Copyright (C) 2025 Ultra Librarian. All rights reserved."; VariantName = "[No Variations]"
Add component (AddParameter): Name = "Manufacturer_Name"; Value = "Hirose"; VariantName = "[No Variations]"
Add component (AddParameter): Name = "Manufacturer_Part_Number"; Value = "DF11-4DP-2DSA(24)"; VariantName = "[No Variations]"
Add component (AddParameter): Name = "RefDes"; Value = "RefDes"; VariantName = "[No Variations]"
Add component (AddParameter): Name = "Type"; Value = "Type"; VariantName = "[No Variations]"
Add Component: Footprint Not Found LED_VCCLITE_0603_VCC
Added Component: Designator=D-Sep Supply(CON14_2X7_UF_DF11_HIR)
Add component (AddParameter): Name = "Copyright"; Value = "Copyright (C) 2025 Ultra Librarian. All rights reserved."; VariantName = "[No Variations]"
Add component (AddParameter): Name = "Manufacturer_Name"; Value = "Hirose"; VariantName = "[No Variations]"
Add component (AddParameter): Name = "Manufacturer_Part_Number"; Value = "DF11-14DP-2DSA(24)"; VariantName = "[No Variations]"
Add component (AddParameter): Name = "RefDes"; Value = "RefDes"; VariantName = "[No Variations]"
Add component (AddParameter): Name = "Type"; Value = "Type"; VariantName = "[No Variations]"
Add Component: Footprint Not Found LED_VCCLITE_0603_VCC
Add Component: Footprint Not Found LED_VCCLITE_0603_VCC
Add Component: Footprint Not Found PW14
Added Component: Designator=Fiber OTX(HIROSE_DF11-8DP-2DSA(24))
Add component (AddParameter): Name = "Check_prices"; Value = "https://www.snapeda.com/parts/DF11-8DP-2DSA(24)/Hirose/view-part/?ref=eda"; VariantName = "[No Variations]"
Add component (AddParameter): Name = "MF"; Value = "Hirose Electric"; VariantName = "[No Variations]"
Add component (AddParameter): Name = "MP"; Value = "DF11-8DP-2DSA(24)"; VariantName = "[No Variations]"
Add component (AddParameter): Name = "Package"; Value = "None"; VariantName = "[No Variations]"
Add component (AddParameter): Name = "SnapEDA_Link"; Value = "https://www.snapeda.com/parts/DF11-8DP-2DSA(24)/Hirose/view-part/?ref=snap"; VariantName = "[No Variations]"
Add component (AddParameter): Name = "Value"; Value = ""; VariantName = "[No Variations]"
Add Component: Footprint Not Found LED_VCCLITE_0603_VCC
Added Component: Designator=Power Detector Module(CON4_2X2_UF_DF11_HIR)
Add component (AddParameter): Name = "Copyright"; Value = "Copyright (C) 2025 Ultra Librarian. All rights reserved."; VariantName = "[No Variations]"
Add component (AddParameter): Name = "Manufacturer_Name"; Value = "Hirose"; VariantName = "[No Variations]"
Add component (AddParameter): Name = "Manufacturer_Part_Number"; Value = "DF11-4DP-2DSA(24)"; VariantName = "[No Variations]"
Add component (AddParameter): Name = "RefDes"; Value = "RefDes"; VariantName = "[No Variations]"
Add component (AddParameter): Name = "Type"; Value = "Type"; VariantName = "[No Variations]"
Add Component: Footprint Not Found DBV5
Added Pin To Net: NetName=+5V Pin=Amp 1-1
Added Pin To Net: NetName=+5V Pin=Amp 2-1
Added Pin To Net: NetName=+5V Pin=Amp 3-1
Added Pin To Net: NetName=+5V Pin=Amp 4-1
Added Pin To Net: NetName=+5V Pin=Attenuator-2
Added Pin To Net: NetName=+5V Pin=D-Sep Supply-1
Added Pin To Net: NetName=+5V Pin=Power Detector Module-1
Added Net: Name=+5V
Added Pin To Net: NetName=-5V Pin=Attenuator-6
Added Pin To Net: NetName=-5V Pin=D-Sep Supply-12
Added Pin To Net: NetName=-5V Pin=Fiber OTX-5
Added Net: Name=-5V
Added Pin To Net: NetName=GND Pin=Amp 2-2
Added Pin To Net: NetName=GND Pin=Amp 4-2
Added Pin To Net: NetName=GND Pin=Attenuator-4
Added Pin To Net: NetName=GND Pin=Bias-3
Added Pin To Net: NetName=GND Pin=D-Sep Supply-2
Added Pin To Net: NetName=GND Pin=D-Sep Supply-4
Added Pin To Net: NetName=GND Pin=D-Sep Supply-9
Added Pin To Net: NetName=GND Pin=D-Sep Supply-11
Added Pin To Net: NetName=GND Pin=D-Sep Supply-13
Added Pin To Net: NetName=GND Pin=Fiber OTX-3
Added Pin To Net: NetName=GND Pin=Fiber OTX-6
Added Pin To Net: NetName=GND Pin=Fiber OTX-8
Added Pin To Net: NetName=GND Pin=Power Detector Module-2
Added Net: Name=GND
Added Net: Name=Net+5V_1
Added Net: Name=Net+5VO_1
Added Pin To Net: NetName=Net+5VO_2 Pin=D-Sep Supply-10
Added Pin To Net: NetName=Net+5VO_2 Pin=Fiber OTX-4
Added Net: Name=Net+5VO_2
Added Pin To Net: NetName=Net+5VT_2 Pin=D-Sep Supply-3
Added Pin To Net: NetName=Net+5VT_2 Pin=Fiber OTX-2
Added Net: Name=Net+5VT_2
Added Net: Name=Net-5V_2
Added Pin To Net: NetName=NetAttenuator_1 Pin=Attenuator-1
Added Pin To Net: NetName=NetAttenuator_1 Pin=D-Sep Supply-7
Added Net: Name=NetAttenuator_1
Added Pin To Net: NetName=NetAttenuator_3 Pin=Attenuator-3
Added Pin To Net: NetName=NetAttenuator_3 Pin=D-Sep Supply-6
Added Net: Name=NetAttenuator_3
Added Pin To Net: NetName=NetAttenuator_5 Pin=Attenuator-5
Added Net: Name=NetAttenuator_5
Added Pin To Net: NetName=NetBias_4 Pin=Bias-4
Added Pin To Net: NetName=NetBias_4 Pin=Fiber OTX-1
Added Net: Name=NetBias_4
Added Net: Name=NetCLK_1
Added Pin To Net: NetName=NetD-Sep Supply_5 Pin=D-Sep Supply-5
Added Pin To Net: NetName=NetD-Sep Supply_5 Pin=Power Detector Module-3
Added Net: Name=NetD-Sep Supply_5
Added Pin To Net: NetName=NetD-Sep Supply_14 Pin=D-Sep Supply-14
Added Net: Name=NetD-Sep Supply_14
Added Net: Name=NetDATA_1
Added Net: Name=NetDET_1
Added Net: Name=Netdual Flip Flop 1_2
Added Net: Name=Netdual Flip Flop 1_12
Added Net: Name=NetLOAD_1
Added Class: Name=Sheet1
Added Rule: Name=Schematic Supply Nets
