Add Component: Footprint Not Found PW14
Add Component: Footprint Not Found RES_ERA6VEB1000V
Add Component: Footprint Not Found RES_ERA6VEB1000V
Add Component: Footprint Not Found RES_ERA6VEB1000V
Add Component: Footprint Not Found RES_ERA6VEB1000V
Add Component: Footprint Not Found RES_ERA6VEB1000V
Add Component: Footprint Not Found RES_ERA6VEB1000V
Add Component: Footprint Not Found RES_ERA6VEB1000V
Add Component: Footprint Not Found RES_ERA6VEB1000V
Add Component: Footprint Not Found DBV5
Add Pin To Net: Unknown Pin: Pin dual Flip Flop 1-1
Add Pin To Net: Unknown Pin: Pin dual Flip Flop 1-2
Add Pin To Net: Unknown Pin: Pin dual Flip Flop 1-3
Add Pin To Net: Unknown Pin: Pin dual Flip Flop 1-4
Add Pin To Net: Unknown Pin: Pin dual Flip Flop 1-5
Add Pin To Net: Unknown Pin: Pin dual Flip Flop 1-6
Add Pin To Net: Unknown Pin: Pin dual Flip Flop 1-7
Add Pin To Net: Unknown Pin: Pin dual Flip Flop 1-9
Add Pin To Net: Unknown Pin: Pin dual Flip Flop 1-10
Add Pin To Net: Unknown Pin: Pin dual Flip Flop 1-11
Add Pin To Net: Unknown Pin: Pin dual Flip Flop 1-12
Add Pin To Net: Unknown Pin: Pin dual Flip Flop 1-13
Add Pin To Net: Unknown Pin: Pin dual Flip Flop 1-14
Add Pin To Net: Unknown Pin: Pin R1-1
Add Pin To Net: Unknown Pin: Pin R1-2
Add Pin To Net: Unknown Pin: Pin R3-1
Add Pin To Net: Unknown Pin: Pin R3-2
Add Pin To Net: Unknown Pin: Pin R5-1
Add Pin To Net: Unknown Pin: Pin R5-2
Add Pin To Net: Unknown Pin: Pin R6-1
Add Pin To Net: Unknown Pin: Pin R6-2
Add Pin To Net: Unknown Pin: Pin R7-1
Add Pin To Net: Unknown Pin: Pin R7-2
Add Pin To Net: Unknown Pin: Pin R10-1
Add Pin To Net: Unknown Pin: Pin R10-2
Add Pin To Net: Unknown Pin: Pin R12-1
Add Pin To Net: Unknown Pin: Pin R12-2
Add Pin To Net: Unknown Pin: Pin R14-1
Add Pin To Net: Unknown Pin: Pin R14-2
Add Pin To Net: Unknown Pin: Pin Schmitt-Trigger-2
Add Pin To Net: Unknown Pin: Pin Schmitt-Trigger-3
Add Pin To Net: Unknown Pin: Pin Schmitt-Trigger-4
Add Pin To Net: Unknown Pin: Pin Schmitt-Trigger-5
Add Class Member: Failed to add class member : Component dual Flip Flop 1 SN74ACT74PWRQ1
Add Class Member: Failed to add class member : Component R1 ERA6VEB1000V
Add Class Member: Failed to add class member : Component R3 ERA6VEB1000V
Add Class Member: Failed to add class member : Component R5 ERA6VEB1000V
Add Class Member: Failed to add class member : Component R6 ERA6VEB1000V
Add Class Member: Failed to add class member : Component R7 ERA6VEB1000V
Add Class Member: Failed to add class member : Component R10 ERA6VEB1000V
Add Class Member: Failed to add class member : Component R12 ERA6VEB1000V
Add Class Member: Failed to add class member : Component R14 ERA6VEB1000V
Add Class Member: Failed to add class member : Component Schmitt-Trigger SN74LVC1G17DBVR
