 
 
                                       G R A S P
                                       ==========
 
  General multi-reflector analysis program
 
 GRASP version 10.4.0 (Windows amd64/em64t 64-bit)
 
 
 GRASP found  16 CPU cores
 
  Reading tor-file: shield_po.tor
 
 
  *** Object name:  ata01_main_reflector
  *** Class name :  reflector
  *** Message    :  Object created
 
 
 
  *** Object name:  ata01_main_reflector
  *** Class name :  reflector
  *** Message    :  New values in object
 
  Coordinate system: ata01_global_coor
  Surface: ata01_main_surface
  Rim: ata01_main_rim
 
 
  *** Object name:  ata01_global_coor
  *** Class name :  coor_sys
  *** Message    :  Object created
 
 
 
  *** Object name:  ata01_global_coor
  *** Class name :  coor_sys
  *** Message    :  New values in object
 
  Z_axis :     0.000000    0.000000    1.000000
 
 
  *** Object name:  ata01_main_surface
  *** Class name :  paraboloid
  *** Message    :  Object created
 
 
 
  *** Object name:  ata01_main_surface
  *** Class name :  paraboloid
  *** Message    :  New values in object
 
 
  Focal length     :    2.43593 m
   and in SI units :    2.43593 meter
 
 
  *** Object name:  ata01_main_rim
  *** Class name :  elliptical_rim
  *** Message    :  Object created
 
 
 
  *** Object name:  ata01_main_rim
  *** Class name :  elliptical_rim
  *** Message    :  Definition of elliptical_rim
 
  The rim centre is placed at
    x :    3.36749 m
    y :    0.00000 m
  and in SI units
    x :    3.36749     meter
    y :    0.00000     meter
 
  The half axes of the ellipse are defined by
    in x-direction :    3.04491 m
    in y-direction :    3.04491 m
  and in SI units
    in x-direction :    3.04491     meter
    in y-direction :    3.04491     meter
 
  The rim limits in radii are
    minimum :    3.04491     meter
    maximum :    3.04491     meter
 
  The rim limits in x direction are
    minimum :   0.322576     meter
    maximum :    6.41240     meter
 
  The rim limits in y direction are
    minimum :   -3.04491     meter
    maximum :    3.04491     meter
 
 
  *** Object name:  ata01_sub_reflector
  *** Class name :  reflector
  *** Message    :  Object created
 
 
 
  *** Object name:  ata01_sub_reflector
  *** Class name :  reflector
  *** Message    :  New values in object
 
  Coordinate system: ata01_sub_coor
  Surface: ata01_sub_surface
  Rim: ata01_sub_rim
 
 
  *** Object name:  ata01_sub_coor
  *** Class name :  coor_sys
  *** Message    :  Object created
 
 
 
  *** Object name:  ata01_sub_coor
  *** Class name :  coor_sys
  *** Message    :  New values in object
 
  Origin :   0.000000E+00 m     0.000000E+00 m     0.243593E+01 m
  Base name : ata01_global_coor
  X_axis :     0.720874    0.000000    0.693067
  Y_axis :     0.000000   -1.000000    0.000000
  Z_axis :     0.693067    0.000000   -0.720874
 
 
  *** Object name:  ata01_sub_surface
  *** Class name :  ellipsoid
  *** Message    :  Object created
 
 
 
  *** Object name:  ata01_sub_surface
  *** Class name :  ellipsoid
  *** Message    :  New values in object
 
 
  Distance between the vertices, 2a :    3.38618 m
   and in SI units                  :    3.38618 meter
 
  Distance between the foci, 2c     :    1.16382 m
   and in SI units                  :    1.16382 meter
 
  Angle between z-axis and ellipsoid axis:    76.8733 degrees
 
    giving the eccentricity         :   0.343697
 
 
  *** Object name:  ata01_sub_rim
  *** Class name :  elliptical_rim
  *** Message    :  Object created
 
 
 
  *** Object name:  ata01_sub_rim
  *** Class name :  elliptical_rim
  *** Message    :  Definition of elliptical_rim
 
  The rim centre is placed at
    x :  -0.534740 m
    y :    0.00000 m
  and in SI units
    x :  -0.534740     meter
    y :    0.00000     meter
 
  The half axes of the ellipse are defined by
    in x-direction :    1.23564 m
    in y-direction :    1.16436 m
  and in SI units
    in x-direction :    1.23564     meter
    in y-direction :    1.16436     meter
 
  The rim limits in radii are
    minimum :    1.16436     meter
    maximum :    1.23564     meter
 
  The rim limits in x direction are
    minimum :   -1.77038     meter
    maximum :   0.700897     meter
 
  The rim limits in y direction are
    minimum :   -1.16436     meter
    maximum :    1.16436     meter
 
 
  *** Object name:  ata01_feed
  *** Class name :  gaussian_beam_pattern
  *** Message    :  Object created
 
 
 
  *** Object name:  ata01_feed
  *** Class name :  gaussian_beam_pattern
  *** Message    :  Object created
 
 
 
  *** Object name:  ata01_feed
  *** Class name :  gaussian_beam_pattern
  *** Message    :  New values in object
 
  Frequency : ata01_frequencies
  Coor_sys : ata01_feed_coor
 
 
  *** Object name:  ata01_feed
  *** Class name :  gaussian_beam_pattern
  *** Message    :  Definition of common feed attributes
 
 
 
  *** Object name:  ata01_feed
  *** Class name :  gaussian_beam_pattern
  *** Message    :  Definition of gaussian feed
 
 
  Taper angle :   42.0000 degrees
 
  Taper compared to on-axis level :  -12.0000 dB
 
  The imaginary displacement along the negative z-axis
    is  0.770877 wavelengths
 
 
  *** Object name:  ata01_frequencies
  *** Class name :  frequency
  *** Message    :  Object created
 
 
 
  *** Object name:  ata01_frequencies
  *** Class name :  frequency
  *** Message    :  New values in object
 
  Frequency No.    1  :   0.110000E+02 GHz
 
 
  *** Object name:  ata01_feed_coor
  *** Class name :  coor_sys
  *** Message    :  Object created
 
 
 
  *** Object name:  ata01_feed_coor
  *** Class name :  coor_sys
  *** Message    :  New values in object
 
  Origin :  -0.113341E+01 m     0.000000E+00 m     0.264309E+00 m
  Base name : ata01_sub_coor
  X_axis :     0.968570    0.000000    0.248743
  Y_axis :     0.000000   -1.000000    0.000000
  Z_axis :     0.248743    0.000000   -0.968570
 
 
  *** Object name:  ata01_cut
  *** Class name :  spherical_cut
  *** Message    :  Object created
 
 
 
  *** Object name:  ata01_cut
  *** Class name :  spherical_cut
  *** Message    :  New values in object
 
  Frequency : ata01_frequencies
  Coor_sys : ata01_cut_coor
  Theta range : start-180.00000    end 180.00000    points 18001
  Phi range : start   0.00000    end  90.00000    points     3
 
 
  *** Object name:  ata01_cut_coor
  *** Class name :  coor_sys
  *** Message    :  Object created
 
 
 
  *** Object name:  ata01_cut_coor
  *** Class name :  coor_sys
  *** Message    :  New values in object
 
  Origin :   0.336749E+01 m     0.000000E+00 m     0.116382E+01 m
  Base name : ata01_global_coor
  Z_axis :     0.000000    0.000000    1.000000
 
 
  *** Object name:  ata01_main_po
  *** Class name :  po_single_face_scatterer
  *** Message    :  Object created
 
 
 
  *** Object name:  ata01_main_po
  *** Class name :  po_single_face_scatterer
  *** Message    :  New values in object
 
  Frequency : ata01_frequencies
  Scatterer : ata01_main_reflector
  Coordinate system : ata01_global_coor
 
 
  *** Object name:  ata01_sub_po
  *** Class name :  po_single_face_scatterer
  *** Message    :  Object created
 
 
 
  *** Object name:  ata01_sub_po
  *** Class name :  po_single_face_scatterer
  *** Message    :  New values in object
 
  Frequency : ata01_frequencies
  Scatterer : ata01_sub_reflector
  Coordinate system : ata01_global_coor
 
 
  *** Object name:  hybrid_mode_conical_horn
  *** Class name :  hybrid_mode_conical_horn
  *** Message    :  Object created
 
 
 
  *** Object name:  hybrid_mode_conical_horn
  *** Class name :  hybrid_mode_conical_horn
  *** Message    :  Object created
 
 
 
  *** Object name:  hybrid_mode_conical_horn
  *** Class name :  hybrid_mode_conical_horn
  *** Message    :  New values in object
 
  Frequency : ata01_frequencies
  Coor_sys : ata01_feed_coor
 
 
  *** Object name:  hybrid_mode_conical_horn
  *** Class name :  hybrid_mode_conical_horn
  *** Message    :  Definition of common feed attributes
 
 
 
  *** Object name:  hybrid_mode_conical_horn
  *** Class name :  hybrid_mode_conical_horn
  *** Message    :  Definition of HYBRID feed
 
 
  Waveguide_radius :    13.0201 mm
   and in SI units         :   0.130201E-01 meter
 
  Circular aperture radius :    70.9090 mm
   and in SI units         :   0.709090E-01 meter
 
  Semi flare angle is  :    12.0000 degrees
  mode power normalization is : on
 
  Axial length of horn :   0.333601     meter
  Flare length of horn :   0.341053     meter
 
  Cut-off data for waveguide with wl/4 corrugations
    NO.   TYPE   CUT-OFF FREQ.(Hz)   CUT-OFF WAV.(m)
     1    HE11   0.8285343421E+10    0.3618346793E-01
 
 
  *** Object name:  ata01_sub_reflector_surface_cut
  *** Class name :  surface_cut
  *** Message    :  Object created
 
 
 
  *** Object name:  ata01_sub_reflector_surface_cut
  *** Class name :  surface_cut
  *** Message    :  New values in object
 
  Frequency : ata01_frequencies
  Scatterer : ata01_sub_reflector
  Rho range : start -0.200000E+01 m   end  0.200000E+01 m   points  2001
  Phi range : start   0.00000    end  90.00000    points     3
 
 
  *** Object name:  ata01_main_reflector_surface_cut
  *** Class name :  surface_cut
  *** Message    :  Object created
 
 
 
  *** Object name:  ata01_main_reflector_surface_cut
  *** Class name :  surface_cut
  *** Message    :  New values in object
 
  Frequency : ata01_frequencies
  Scatterer : ata01_main_reflector
  Rho range : start -0.310000E+01 m   end  0.310000E+01 m   points  6201
  Phi range : start   0.00000    end  90.00000    points     3
 
 
  *** Object name:  ata01_main_shield
  *** Class name :  reflector
  *** Message    :  Object created
 
 
 
  *** Object name:  ata01_main_shield
  *** Class name :  reflector
  *** Message    :  New values in object
 
  Coordinate system: ata01_main_shield_coor
  Surface: ata01_main_shield_surface_01
  Rim: ata01_main_shield_outer_rim
  Hole No.    1  : ata01_main_shield_inner_rim
 
 
  *** Object name:  ata01_main_shield_surface
  *** Class name :  paraboloid
  *** Message    :  Object created
 
 
 
  *** Object name:  ata01_main_shield_surface
  *** Class name :  paraboloid
  *** Message    :  New values in object
 
 
  Focal length     :    300.000 m
   and in SI units :    300.000 meter
 
 
  *** Object name:  ata01_strut_coor
  *** Class name :  coor_sys_grasp_angles
  *** Message    :  Object created
 
 
 
  *** Object name:  ata01_strut_coor
  *** Class name :  coor_sys_grasp_angles
  *** Message    :  New values in object
 
  Origin :  -0.700000E-01 m     0.000000E+00 m     0.200000E-01 m
  Base name : ata01_main_shield_coor
  Calculated axes:
  X_axis :     1.000000    0.000000    0.000000
  Y_axis :     0.000000    1.000000    0.000000
  Z_axis :     0.000000    0.000000    1.000000
 
 
  *** Object name:  ata01_sub_shield_surface
  *** Class name :  plane
  *** Message    :  Object created
 
 
 
  *** Object name:  ata01_sub_shield_surface
  *** Class name :  plane
  *** Message    :  New values in object
 
 
 
  *** Object name:  ata01_sub_shield
  *** Class name :  reflector
  *** Message    :  Object created
 
 
 
  *** Object name:  ata01_sub_shield
  *** Class name :  reflector
  *** Message    :  New values in object
 
  Coordinate system: ata01_sub_shield_coor
  Surface: ata01_sub_shield_surface
  Rim: ata01_sub_shield_rim
  Hole No.    1  : ata01_sub_rim
 
 
  *** Object name:  ata01_sub_shield_rim
  *** Class name :  elliptical_rim
  *** Message    :  Object created
 
 
 
  *** Object name:  ata01_sub_shield_rim
  *** Class name :  elliptical_rim
  *** Message    :  Definition of elliptical_rim
 
  The rim centre is placed at
    x :  -0.534740 m
    y :    0.00000 m
  and in SI units
    x :  -0.534740     meter
    y :    0.00000     meter
 
  The half axes of the ellipse are defined by
    in x-direction :    1.42066 m
    in y-direction :    1.34939 m
  and in SI units
    in x-direction :    1.42066     meter
    in y-direction :    1.34939     meter
 
  The rim limits in radii are
    minimum :    1.34939     meter
    maximum :    1.42066     meter
 
  The rim limits in x direction are
    minimum :   -1.95540     meter
    maximum :   0.885923     meter
 
  The rim limits in y direction are
    minimum :   -1.34939     meter
    maximum :    1.34939     meter
 
 
  *** Object name:  ata01_sub_shield_coor
  *** Class name :  coor_sys
  *** Message    :  Object created
 
 
 
  *** Object name:  ata01_sub_shield_coor
  *** Class name :  coor_sys
  *** Message    :  New values in object
 
  Origin :   0.000000E+00 m     0.000000E+00 m    -0.950000E+00 m
  Base name : ata01_sub_coor
  Z_axis :     0.000000    0.000000    1.000000
 
 
  *** Object name:  ata01_main_shield_surface_01
  *** Class name :  plane
  *** Message    :  Object created
 
 
 
  *** Object name:  ata01_main_shield_surface_01
  *** Class name :  plane
  *** Message    :  New values in object
 
 
 
  *** Object name:  ata01_main_shield_coor
  *** Class name :  coor_sys_grasp_angles
  *** Message    :  Object created
 
 
 
  *** Object name:  ata01_main_shield_coor
  *** Class name :  coor_sys_grasp_angles
  *** Message    :  New values in object
 
  Base name : ata01_main_edge
  Theta  :    34.800000 deg.
  Phi    :   180.000000 deg.
  Calculated axes:
  X_axis :     0.821149    0.000000    0.570714
  Y_axis :     0.000000    1.000000   -0.000000
  Z_axis :    -0.570714    0.000000    0.821149
 
 
  *** Object name:  ata01_main_edge
  *** Class name :  coor_sys_grasp_angles
  *** Message    :  Object created
 
 
 
  *** Object name:  ata01_main_edge
  *** Class name :  coor_sys_grasp_angles
  *** Message    :  New values in object
 
  Origin :   0.325000E+00 m     0.000000E+00 m     0.000000E+00 m
  Base name : ata01_global_coor
  Calculated axes:
  X_axis :     1.000000    0.000000    0.000000
  Y_axis :     0.000000    1.000000    0.000000
  Z_axis :     0.000000    0.000000    1.000000
 
 
  *** Object name:  ata01_main_shield_inner_rim
  *** Class name :  elliptical_rim
  *** Message    :  Object created
 
 
 
  *** Object name:  ata01_main_shield_inner_rim
  *** Class name :  elliptical_rim
  *** Message    :  Definition of elliptical_rim
 
  The rim centre is placed at
    x :    3.70000 m
    y :    0.00000 m
  and in SI units
    x :    3.70000     meter
    y :    0.00000     meter
 
  The half axes of the ellipse are defined by
    in x-direction :    3.70000 m
    in y-direction :    3.04413 m
  and in SI units
    in x-direction :    3.70000     meter
    in y-direction :    3.04413     meter
 
  The rim limits in radii are
    minimum :    3.04413     meter
    maximum :    3.70000     meter
 
  The rim limits in x direction are
    minimum :  -0.444089E-15 meter
    maximum :    7.40000     meter
 
  The rim limits in y direction are
    minimum :   -3.04413     meter
    maximum :    3.04413     meter
 
 
  *** Object name:  ata01_main_shield_outer_rim
  *** Class name :  elliptical_rim
  *** Message    :  Object created
 
 
 
  *** Object name:  ata01_main_shield_outer_rim
  *** Class name :  elliptical_rim
  *** Message    :  Definition of elliptical_rim
 
  The rim centre is placed at
    x :    3.70000 m
    y :    0.00000 m
  and in SI units
    x :    3.70000     meter
    y :    0.00000     meter
 
  The half axes of the ellipse are defined by
    in x-direction :    3.90000 m
    in y-direction :    3.30000 m
  and in SI units
    in x-direction :    3.90000     meter
    in y-direction :    3.30000     meter
 
  The rim limits in radii are
    minimum :    3.30000     meter
    maximum :    3.90000     meter
 
  The rim limits in x direction are
    minimum :  -0.200000     meter
    maximum :    7.60000     meter
 
  The rim limits in y direction are
    minimum :   -3.30000     meter
    maximum :    3.30000     meter
 
 
  *** Object name:  circular_struts
  *** Class name :  circular_struts
  *** Message    :  Object created
 
 
 
  *** Object name:  circular_struts
  *** Class name :  circular_struts
  *** Message    :  New values in object
 
  Coordinate system: ata01_strut_pos_coor
 
  Circular strut radius :    25.4000 mm
   and in SI units      :   0.254000E-01 meter
 
  Number of struts :   11
 
  End points
    for strut number:    1
    start point:   0.000000E+00 m     0.000000E+00 m     0.000000E+00 m
    end   point:   0.000000E+00 m     0.000000E+00 m     0.290000E+01 m
 
    and in SI units
    start point:   0.000000E+00 m     0.000000E+00 m     0.000000E+00 m
    end   point:   0.000000E+00 m     0.000000E+00 m     0.290000E+01 m
    for strut number:    2
    start point:   0.140400E+00 m     0.917000E+00 m     0.000000E+00 m
    end   point:   0.729000E+00 m     0.116000E+01 m     0.280000E+01 m
 
    and in SI units
    start point:   0.140400E+00 m     0.917000E+00 m     0.000000E+00 m
    end   point:   0.729000E+00 m     0.116000E+01 m     0.280000E+01 m
    for strut number:    3
    start point:   0.140400E+00 m    -0.917000E+00 m     0.000000E+00 m
    end   point:   0.729000E+00 m    -0.116000E+01 m     0.280000E+01 m
 
    and in SI units
    start point:   0.140400E+00 m    -0.917000E+00 m     0.000000E+00 m
    end   point:   0.729000E+00 m    -0.116000E+01 m     0.280000E+01 m
    for strut number:    4
    start point:   0.865000E+00 m     0.212850E+01 m    -0.250000E+00 m
    end   point:   0.000000E+00 m     0.152730E+00 m     0.290000E+01 m
 
    and in SI units
    start point:   0.865000E+00 m     0.212850E+01 m    -0.250000E+00 m
    end   point:   0.000000E+00 m     0.152730E+00 m     0.290000E+01 m
    for strut number:    5
    start point:   0.865000E+00 m    -0.212850E+01 m    -0.250000E+00 m
    end   point:   0.000000E+00 m    -0.152730E+00 m     0.290000E+01 m
 
    and in SI units
    start point:   0.865000E+00 m    -0.212850E+01 m    -0.250000E+00 m
    end   point:   0.000000E+00 m    -0.152730E+00 m     0.290000E+01 m
    for strut number:    6
    start point:   0.899900E+00 m     0.217400E+01 m    -0.250000E+00 m
    end   point:   0.800000E+00 m     0.113000E+01 m     0.280000E+01 m
 
    and in SI units
    start point:   0.899900E+00 m     0.217400E+01 m    -0.250000E+00 m
    end   point:   0.800000E+00 m     0.113000E+01 m     0.280000E+01 m
    for strut number:    7
    start point:   0.899900E+00 m    -0.217400E+01 m    -0.250000E+00 m
    end   point:   0.800000E+00 m    -0.113000E+01 m     0.280000E+01 m
 
    and in SI units
    start point:   0.899900E+00 m    -0.217400E+01 m    -0.250000E+00 m
    end   point:   0.800000E+00 m    -0.113000E+01 m     0.280000E+01 m
    for strut number:    8
    start point:   0.944800E+00 m     0.221000E+01 m    -0.300000E+00 m
    end   point:   0.207000E+01 m     0.990000E+00 m     0.270000E+01 m
 
    and in SI units
    start point:   0.944800E+00 m     0.221000E+01 m    -0.300000E+00 m
    end   point:   0.207000E+01 m     0.990000E+00 m     0.270000E+01 m
    for strut number:    9
    start point:   0.944800E+00 m    -0.221000E+01 m    -0.300000E+00 m
    end   point:   0.207000E+01 m    -0.990000E+00 m     0.270000E+01 m
 
    and in SI units
    start point:   0.944800E+00 m    -0.221000E+01 m    -0.300000E+00 m
    end   point:   0.207000E+01 m    -0.990000E+00 m     0.270000E+01 m
    for strut number:   10
    start point:   0.228900E+01 m     0.293300E+01 m    -0.650000E+00 m
    end   point:   0.872000E+00 m     0.115000E+01 m     0.280000E+01 m
 
    and in SI units
    start point:   0.228900E+01 m     0.293300E+01 m    -0.650000E+00 m
    end   point:   0.872000E+00 m     0.115000E+01 m     0.280000E+01 m
    for strut number:   11
    start point:   0.228900E+01 m    -0.293300E+01 m    -0.650000E+00 m
    end   point:   0.872000E+00 m    -0.115000E+01 m     0.280000E+01 m
 
    and in SI units
    start point:   0.228900E+01 m    -0.293300E+01 m    -0.650000E+00 m
    end   point:   0.872000E+00 m    -0.115000E+01 m     0.280000E+01 m
 
 
  *** Object name:  ata01_strut_pos_coor
  *** Class name :  coor_sys_grasp_angles
  *** Message    :  Object created
 
 
 
  *** Object name:  ata01_strut_pos_coor
  *** Class name :  coor_sys_grasp_angles
  *** Message    :  New values in object
 
  Base name : ata01_strut_coor
  Theta  :   -15.000000 deg.
  Phi    :     0.000000 deg.
  Calculated axes:
  X_axis :     0.965926   -0.000000    0.258819
  Y_axis :    -0.000000    1.000000    0.000000
  Z_axis :    -0.258819   -0.000000    0.965926
 
 
  *** Object name:  strut_analysis_circ_cross
  *** Class name :  strut_analysis_circ_cross
  *** Message    :  Object created
 
 
 
  *** Object name:  strut_analysis_circ_cross
  *** Class name :  strut_analysis_circ_cross
  *** Message    :  New values in object
 
  Frequency : ata01_frequencies
  Scatterer : circular_struts
 
 
  *** Object name:  ata01_main_shield_po
  *** Class name :  po_single_face_scatterer
  *** Message    :  Object created
 
 
 
  *** Object name:  ata01_main_shield_po
  *** Class name :  po_single_face_scatterer
  *** Message    :  New values in object
 
  Frequency : ata01_frequencies
  Scatterer : ata01_main_shield
  Coordinate system : ata01_global_coor
 
 
  *** Object name:  ata01_sub_shield_po
  *** Class name :  po_single_face_scatterer
  *** Message    :  Object created
 
 
 
  *** Object name:  ata01_sub_shield_po
  *** Class name :  po_single_face_scatterer
  *** Message    :  New values in object
 
  Frequency : ata01_frequencies
  Scatterer : ata01_sub_shield
  Coordinate system : ata01_global_coor
 
 
  *** Object name:  view_1
  *** Class name :  view
  *** Message    :  Object created
 
 
 
  *** Object name:  view_1
  *** Class name :  view
  *** Message    :  New values in object
 
 
  Number of objects :      6
 
  Definition of objects   :
   No.  Name
     1  view_1_reflector_plot
     2  view_1_coor_sys_plot
     3  view_1_feed_plot
     4  view_1_output_points_plot
     5  rays_from_point_sources
     6  view_1_circular_struts_plot
 
 
 
  *** Object name:  view_1_reflector_plot
  *** Class name :  reflector_plot
  *** Message    :  Object created
 
 
 
  *** Object name:  view_1_reflector_plot
  *** Class name :  reflector_plot
  *** Message    :  Definition of reflector_plot
 
 
 
  *** Object name:  view_1_coor_sys_plot
  *** Class name :  coor_sys_plot
  *** Message    :  Object created
 
 
 
  *** Object name:  view_1_coor_sys_plot
  *** Class name :  coor_sys_plot
  *** Message    :  Definition of coor_sys_plot
 
 
 
  *** Object name:  view_1_feed_plot
  *** Class name :  feed_plot
  *** Message    :  Object created
 
 
 
  *** Object name:  view_1_feed_plot
  *** Class name :  feed_plot
  *** Message    :  Definition of feed_plot
 
 
 
  *** Object name:  view_1_output_points_plot
  *** Class name :  output_points_plot
  *** Message    :  Object created
 
 
 
  *** Object name:  view_1_output_points_plot
  *** Class name :  output_points_plot
  *** Message    :  Definition of output_points_plot
 
 
 
  *** Object name:  rays_from_point_sources
  *** Class name :  rays_from_point_sources
  *** Message    :  Object created
 
 
 
  *** Object name:  rays_from_point_sources
  *** Class name :  rays_from_point_sources
  *** Message    :  Definition of ray_plot
 
 
  Theta range : start -42.00000    end  42.00000    points    42
 
  Phi range : start   0.00000    end  90.00000    points     1
 
  Ray path range :
  Start:    0.00000 m
  End  :    20.0000 m
   and in SI units
  Start:    0.00000     meter
  End  :    20.0000     meter
 
  number of objects: 1
 
    No.  Plot objects
     1   hybrid_mode_conical_horn
 
 
  *** Object name:  view_1_circular_struts_plot
  *** Class name :  circular_struts_plot
  *** Message    :  Object created
 
 
 
  *** Object name:  view_1_circular_struts_plot
  *** Class name :  circular_struts_plot
  *** Message    :  Definition of circular_struts_plot
 
 Program started at 15:32:10 on 10 June 2019
 
 
 ----- TASK No. 1 -----     Started at 15:32:10 on June 10, 2019
 ata01_sub_po get_currents ( source : sequence(ref(ata01_feed)),
 auto_convergence_of_po : on, convergence_on_scatterer :
 sequence(ref(ata01_main_reflector), ref(ata01_main_shield),
 ref(ata01_sub_shield)), convergence_on_output_grid : sequence(ref(ata01_cut)))
 
 
  *** Object name:  ata01_sub_po
  *** Class name :  po_single_face_scatterer
  *** Message    :  Get_currents message received
 
  Source : ata01_feed
  PO-auto-convergence selection : on
  Convergence test on scatterer object : ata01_main_reflector
  Convergence test on scatterer object : ata01_main_shield
  Convergence test on scatterer object : ata01_sub_shield
  Convergence test on output grid : ata01_cut
 
 
  *** Object name:  ata01_sub_po
  *** Class name :  po_single_face_scatterer
  *** Message    :  Initialization
 
 
  Auto-convergence with desired accuracy of -80.00 dB.
 
  Face 1:
  Max. values: po1/po2 = 2930/7040
 
 PO convergence
  Test-grid  Ref-grid    Freq  Beam  Grid       P_max   P_level  Accuracy
    po1/po2   po1/po2                           [dBi]     [dBi]      [dB]
      20/10     10/10       1     1     1      -23.38    -23.38      2.41
      20/10     10/10       1     1     2      -19.08    -19.08      0.93
      20/10     10/10       1     1     3      -10.79    -10.79      2.05
      20/10     10/10       1     1     4       39.39     39.39      0.39
      40/10     20/10       1     1     1      -26.97    -26.97      3.57
      40/10     20/10       1     1     2      -22.84    -22.84      1.91
      40/10     20/10       1     1     3      -11.69    -11.69     -0.22
      40/10     20/10       1     1     4       33.94     33.94     -0.44
      80/10     40/10       1     1     1      -31.32    -31.32      1.45
      80/10     40/10       1     1     2      -27.37    -27.37     -2.08
      80/10     40/10       1     1     3      -16.41    -16.41      3.55
      80/10     40/10       1     1     4       29.09     29.09      6.28
     160/10     80/10       1     1     1      -32.39    -32.39   -161.10  *
     160/10     80/10       1     1     2      -32.58    -32.58   -105.16  *
     160/10     80/10       1     1     3      -18.24    -18.24     -1.71
     160/10     80/10       1     1     4       30.27     30.27     -1.56
     320/10    160/10       1     1     3      -27.18    -27.18   -205.79  *
     320/10    160/10       1     1     4       28.23     28.23   -235.13  *
     120/10    320/10       1     1     3      -27.18    -27.18   -136.54  *
     120/10    320/10       1     1     4       28.23     28.23   -141.11  *
     100/10    320/10       1     1     3      -27.18    -27.18     -6.65
     100/10    320/10       1     1     4       28.23     28.23    -19.99
     110/10    320/10       1     1     3      -27.18    -27.18    -51.76
     110/10    320/10       1     1     4       28.23     28.23    -60.25
     115/10    320/10       1     1     3      -27.18    -27.18    -89.70  *
     115/10    320/10       1     1     4       28.23     28.23    -96.27  *
     113/10    320/10       1     1     3      -27.18    -27.18    -73.34
     113/10    320/10       1     1     4       28.23     28.23    -80.68  *
 
 PO convergence
  Test-grid  Ref-grid    Freq  Beam  Grid       P_max   P_level  Accuracy
    po1/po2   po1/po2                           [dBi]     [dBi]      [dB]
      10/20     10/10       1     1     1      -23.38    -23.38      2.56
      10/20     10/10       1     1     2      -19.08    -19.08      0.32
      10/20     10/10       1     1     3      -10.79    -10.79      1.65
      10/20     10/10       1     1     4       39.39     39.39     -1.31
      10/40     10/20       1     1     1      -24.46    -24.46      0.17
      10/40     10/20       1     1     2      -22.61    -22.61      1.53
      10/40     10/20       1     1     3      -13.10    -13.10      2.26
      10/40     10/20       1     1     4       33.04     33.04      2.04
      10/80     10/40       1     1     1      -25.71    -25.71      0.63
      10/80     10/40       1     1     2      -24.19    -24.19      0.05
      10/80     10/40       1     1     3      -15.67    -15.67     -1.96
      10/80     10/40       1     1     4       32.70     32.70     -1.78
     10/160     10/80       1     1     1      -27.64    -27.64     -7.05
     10/160     10/80       1     1     2      -27.97    -27.97     -0.45
     10/160     10/80       1     1     3      -19.54    -19.54      1.67
     10/160     10/80       1     1     4       31.58     31.58     -0.77
     10/320    10/160       1     1     1      -27.64    -27.64    -18.04
     10/320    10/160       1     1     2      -30.68    -30.68     -6.11
     10/320    10/160       1     1     3      -22.15    -22.15     -0.88
     10/320    10/160       1     1     4       31.44     31.44     -6.83
     10/640    10/320       1     1     1      -27.64    -27.64   -263.18  *
     10/640    10/320       1     1     2      -33.98    -32.58   -258.98  *
     10/640    10/320       1     1     3      -27.44    -27.18     -4.30
     10/640    10/320       1     1     4       31.44     31.44    -21.14
    10/1280    10/640       1     1     3      -28.30    -27.18   -145.37  *
    10/1280    10/640       1     1     4       31.44     31.44   -265.27  *
     10/480   10/1280       1     1     3      -28.30    -27.18    -94.92  *
     10/480   10/1280       1     1     4       31.44     31.44   -266.79  *
     10/400   10/1280       1     1     3      -28.30    -27.18    -62.73
     10/400   10/1280       1     1     4       31.44     31.44   -198.79  *
     10/440   10/1280       1     1     3      -28.30    -27.18    -80.36  *
     10/420   10/1280       1     1     3      -28.30    -27.18    -72.34
     10/420   10/1280       1     1     4       31.44     31.44   -266.40  *
     10/430   10/1280       1     1     3      -28.30    -27.18    -76.44
  PO1 =  115  PO2 =  440  Face =    1, Final PO-values from auto-convergence
 
  Edge 1:
  Max. value: ptd = 7040
 
 PO convergence
  Test-grid  Ref-grid    Freq  Beam  Grid       P_max   P_level  Accuracy
        ptd       ptd                           [dBi]     [dBi]      [dB]
         20        10       1     1     1      -74.86    -27.64    -47.23
         20        10       1     1     2      -72.40    -32.58    -41.58
         20        10       1     1     3      -43.92    -27.18    -20.75
         20        10       1     1     4       -7.87     31.44    -42.30
         40        20       1     1     1      -75.79    -27.64    -48.25
         40        20       1     1     2      -74.94    -32.58    -45.34
         40        20       1     1     3      -48.56    -27.18    -27.20
         40        20       1     1     4      -10.49     31.44    -45.55
         80        40       1     1     1      -78.07    -27.64    -53.32
         80        40       1     1     2      -77.75    -32.58    -50.16
         80        40       1     1     3      -54.42    -27.18    -31.04
         80        40       1     1     4      -11.32     31.44    -48.05
        160        80       1     1     1      -78.39    -27.64    -55.98
        160        80       1     1     2      -79.76    -32.58    -54.35
        160        80       1     1     3      -58.62    -27.18    -34.25
        160        80       1     1     4      -11.80     31.44    -45.44
        320       160       1     1     1      -78.50    -27.64    -51.00
        320       160       1     1     2      -79.35    -32.58    -47.70
        320       160       1     1     3      -62.30    -27.18    -38.24
        320       160       1     1     4      -19.36     31.44    -57.78
        640       320       1     1     1      -81.63    -27.64   -319.81  *
        640       320       1     1     2      -91.64    -32.58   -313.21  *
        640       320       1     1     3      -63.62    -27.18    -37.48
        640       320       1     1     4      -19.36     31.44    -61.67
       1280       640       1     1     3      -70.83    -27.18    -96.81  *
       1280       640       1     1     4      -19.36     31.44   -155.24  *
        480      1280       1     1     3      -70.83    -27.18    -73.74
        480      1280       1     1     4      -19.36     31.44   -137.93  *
        560      1280       1     1     3      -70.83    -27.18    -85.52  *
        520      1280       1     1     3      -70.83    -27.18    -79.72
        520      1280       1     1     4      -19.36     31.44   -141.97  *
        540      1280       1     1     3      -70.83    -27.18    -82.70  *
        530      1280       1     1     3      -70.83    -27.18    -81.22  *
        530      1280       1     1     4      -19.36     31.44   -143.43  *
  PTD =  530              Edge =    1, Final PTD-value from auto-convergence.
 
 ----- TASK No. 2 -----     Started at 15:32:13 on June 10, 2019
 ata01_main_po get_currents ( source : sequence(ref(ata01_sub_po),
 ref(ata01_feed)), auto_convergence_of_po : on, convergence_on_scatterer :
 sequence(ref(ata01_main_shield), ref(ata01_sub_shield)),
 convergence_on_output_grid : sequence(ref(ata01_cut)))
 
 
  *** Object name:  ata01_main_po
  *** Class name :  po_single_face_scatterer
  *** Message    :  Get_currents message received
 
  Source : ata01_sub_po
  Source : ata01_feed
  PO-auto-convergence selection : on
  Convergence test on scatterer object : ata01_main_shield
  Convergence test on scatterer object : ata01_sub_shield
  Convergence test on output grid : ata01_cut
 
 
  *** Object name:  ata01_main_po
  *** Class name :  po_single_face_scatterer
  *** Message    :  Initialization
 
 
  Auto-convergence with desired accuracy of -80.00 dB.
 
  Face 1:
  Max. values: po1/po2 = 7440/17870
 
  Name of currents file: tmp_0003
 
  Control values found in the file:
    No. of frequencies: 1
    No. of beams      : 1
    No. of faces      : 1
    No. of edges      : 1
    No. of gaps       : 0
 
  Frequency number  1 :  11.000 GHz
 
    Face No.      PO1       PO2     Partitions
          1       115       440         1
 
    Edge No.     PTD1
          1       530
 
 
 PO convergence
  Test-grid  Ref-grid    Freq  Beam  Grid       P_max   P_level  Accuracy
    po1/po2   po1/po2                           [dBi]     [dBi]      [dB]
      20/10     10/10       1     1     1       -7.66     -7.66      0.85
      20/10     10/10       1     1     2      -14.92    -14.92      2.13
      20/10     10/10       1     1     3       55.76     55.76     -8.98
      40/10     20/10       1     1     1      -12.52    -12.52      1.03
      40/10     20/10       1     1     2      -18.39    -18.39      2.15
      40/10     20/10       1     1     3       55.66     55.66    -10.22
      80/10     40/10       1     1     1      -15.48    -15.48      0.72
      80/10     40/10       1     1     2      -19.79    -19.79      1.64
      80/10     40/10       1     1     3       55.71     55.71    -16.85
     160/10     80/10       1     1     1      -18.81    -18.81      3.02
     160/10     80/10       1     1     2      -22.42    -22.42      0.18
     160/10     80/10       1     1     3       55.70     55.70    -17.76
     320/10    160/10       1     1     1      -20.26    -20.26     -0.07
     320/10    160/10       1     1     2      -26.28    -26.28      0.87
     320/10    160/10       1     1     3       55.70     55.70    -16.93
     640/10    320/10       1     1     1      -25.47    -25.47     -3.23
     640/10    320/10       1     1     2      -29.51    -29.51     -4.20
     640/10    320/10       1     1     3       55.70     55.70    -23.21
    1280/10    640/10       1     1     1      -25.47    -25.47   -176.91  *
    1280/10    640/10       1     1     2      -30.77    -30.77   -198.62  *
    1280/10    640/10       1     1     3       55.70     55.70   -224.40  *
     480/10   1280/10       1     1     1      -25.47    -25.47   -175.73  *
     480/10   1280/10       1     1     2      -30.77    -30.77   -197.43  *
     480/10   1280/10       1     1     3       55.70     55.70   -194.50  *
     400/10   1280/10       1     1     1      -25.47    -25.47    -14.66
     400/10   1280/10       1     1     2      -30.77    -30.77    -69.75
     400/10   1280/10       1     1     3       55.70     55.70    -37.47
     440/10   1280/10       1     1     1      -25.47    -25.47    -65.83
     440/10   1280/10       1     1     2      -30.77    -30.77   -197.21  *
     440/10   1280/10       1     1     3       55.70     55.70    -73.26
     460/10   1280/10       1     1     1      -25.47    -25.47   -120.11  *
     460/10   1280/10       1     1     3       55.70     55.70   -123.35  *
     450/10   1280/10       1     1     1      -25.47    -25.47    -87.83  *
     450/10   1280/10       1     1     2      -30.77    -30.77   -197.27  *
     450/10   1280/10       1     1     3       55.70     55.70   -100.38  *
 
 PO convergence
  Test-grid  Ref-grid    Freq  Beam  Grid       P_max   P_level  Accuracy
    po1/po2   po1/po2                           [dBi]     [dBi]      [dB]
      10/20     10/10       1     1     1       -7.66     -7.66      0.20
      10/20     10/10       1     1     2      -14.92    -14.92      3.37
      10/20     10/10       1     1     3       55.76     55.76     -9.86
      10/40     10/20       1     1     1      -13.04    -13.04      0.96
      10/40     10/20       1     1     2      -17.21    -17.21      1.74
      10/40     10/20       1     1     3       55.75     55.75    -12.04
      10/80     10/40       1     1     1      -15.94    -15.94      1.52
      10/80     10/40       1     1     2      -18.28    -18.28      0.38
      10/80     10/40       1     1     3       55.73     55.73    -14.70
     10/160     10/80       1     1     1      -17.43    -17.43      1.10
     10/160     10/80       1     1     2      -22.29    -22.29      0.61
     10/160     10/80       1     1     3       55.73     55.73    -16.46
     10/320    10/160       1     1     1      -21.80    -21.80      2.94
     10/320    10/160       1     1     2      -25.48    -25.48      1.46
     10/320    10/160       1     1     3       55.73     55.73    -17.96
     10/640    10/320       1     1     1      -24.12    -24.12      0.53
     10/640    10/320       1     1     2      -28.56    -28.56     -0.02
     10/640    10/320       1     1     3       55.73     55.73    -25.50
    10/1280    10/640       1     1     1      -26.17    -25.47     -2.65
    10/1280    10/640       1     1     2      -30.34    -30.34     -2.60
    10/1280    10/640       1     1     3       55.73     55.73    -28.60
    10/2560   10/1280       1     1     1      -31.35    -25.47    -26.74
    10/2560   10/1280       1     1     2      -37.26    -30.77    -85.05  *
    10/2560   10/1280       1     1     3       55.73     55.73    -60.49
    10/5120   10/2560       1     1     1      -31.37    -25.47   -118.60  *
    10/5120   10/2560       1     1     3       55.73     55.73   -118.33  *
    10/1920   10/5120       1     1     1      -31.37    -25.47   -118.60  *
    10/1920   10/5120       1     1     3       55.73     55.73   -118.33  *
    10/1600   10/5120       1     1     1      -31.37    -25.47   -116.24  *
    10/1600   10/5120       1     1     3       55.73     55.73   -118.33  *
    10/1440   10/5120       1     1     1      -31.37    -25.47    -69.32
    10/1440   10/5120       1     1     3       55.73     55.73   -108.22  *
    10/1520   10/5120       1     1     1      -31.37    -25.47   -102.04  *
    10/1480   10/5120       1     1     1      -31.37    -25.47    -79.82
    10/1480   10/5120       1     1     3       55.73     55.73   -118.33  *
  PO1 =  450  PO2 = 1520  Face =    1, Final PO-values from auto-convergence
 
  Edge 1:
  Max. value: ptd = 17870
 
 PO convergence
  Test-grid  Ref-grid    Freq  Beam  Grid       P_max   P_level  Accuracy
        ptd       ptd                           [dBi]     [dBi]      [dB]
         20        10       1     1     1      -46.13    -25.47    -26.77
         20        10       1     1     2      -80.47    -30.77    -50.75
         20        10       1     1     3      -16.61     55.73    -74.88
         40        20       1     1     1      -52.05    -25.47    -31.06
         40        20       1     1     2      -83.45    -30.77    -54.38
         40        20       1     1     3      -19.96     55.73    -77.69
         80        40       1     1     1      -56.76    -25.47    -36.67
         80        40       1     1     2      -85.57    -30.77    -57.66
         80        40       1     1     3      -22.25     55.73    -79.76
        160        80       1     1     1      -62.16    -25.47    -42.82
        160        80       1     1     2      -88.31    -30.77    -60.31
        160        80       1     1     3      -24.79     55.73    -85.15  *
        320       160       1     1     1      -68.03    -25.47    -46.10
        320       160       1     1     2      -91.61    -30.77    -62.94
        320       160       1     1     3      -25.43     55.73    -82.42  *
        640       320       1     1     1      -72.95    -25.47    -51.96
        640       320       1     1     2      -95.21    -30.77    -66.91
        640       320       1     1     3      -25.89     55.73    -90.60  *
       1280       640       1     1     1      -74.90    -25.47    -49.71
       1280       640       1     1     2      -98.87    -30.77    -69.23
       1280       640       1     1     3      -25.89     55.73    -90.70  *
       2560      1280       1     1     1      -82.95    -25.47    -62.56
       2560      1280       1     1     2     -106.20    -30.77   -113.78  *
       2560      1280       1     1     3      -25.89     55.73   -103.55  *
       5120      2560       1     1     1      -83.53    -25.47    -99.40  *
       1920      5120       1     1     1      -83.53    -25.47    -82.24  *
       1600      5120       1     1     1      -83.53    -25.47    -73.12
       1760      5120       1     1     1      -83.53    -25.47    -77.78
       1840      5120       1     1     1      -83.53    -25.47    -80.06  *
       1800      5120       1     1     1      -83.53    -25.47    -78.92
  PTD = 1840              Edge =    1, Final PTD-value from auto-convergence.
 
 ----- TASK No. 3 -----     Started at 15:33:28 on June 10, 2019
 ata01_sub_shield_po get_currents ( source : sequence(ref(ata01_sub_po),
 ref(ata01_feed), ref(ata01_main_po)), auto_convergence_of_po : on,
 convergence_on_scatterer : sequence(ref(ata01_main_shield)),
 convergence_on_output_grid : sequence(ref(ata01_cut)))
 
 
  *** Object name:  ata01_sub_shield_po
  *** Class name :  po_single_face_scatterer
  *** Message    :  Get_currents message received
 
  Source : ata01_sub_po
  Source : ata01_feed
  Source : ata01_main_po
  PO-auto-convergence selection : on
  Convergence test on scatterer object : ata01_main_shield
  Convergence test on output grid : ata01_cut
 
 
  *** Object name:  ata01_sub_shield_po
  *** Class name :  po_single_face_scatterer
  *** Message    :  Initialization
 
 
  Auto-convergence with desired accuracy of -80.00 dB.
 
  Face 1:
  Max. values: po1/po2 = 100/100
 
  Name of currents file: tmp_0003
 
  Control values found in the file:
    No. of frequencies: 1
    No. of beams      : 1
    No. of faces      : 1
    No. of edges      : 1
    No. of gaps       : 0
 
  Frequency number  1 :  11.000 GHz
 
    Face No.      PO1       PO2     Partitions
          1       115       440         1
 
    Edge No.     PTD1
          1       530
 
 
  Name of currents file: tmp_0004
 
  Control values found in the file:
    No. of frequencies: 1
    No. of beams      : 1
    No. of faces      : 1
    No. of edges      : 1
    No. of gaps       : 0
 
  Frequency number  1 :  11.000 GHz
 
    Face No.      PO1       PO2     Partitions
          1       450      1520         1
 
    Edge No.     PTD1
          1      1840
 
 
 PO convergence
  Test-grid  Ref-grid    Freq  Beam  Grid       P_max   P_level  Accuracy
    po1/po2   po1/po2                           [dBi]     [dBi]      [dB]
        2/1       1/1       1     1     1      -48.01    -48.01      3.93
        2/1       1/1       1     1     2        4.06      4.06      6.97
        4/1       2/1       1     1     1      -50.64    -50.64      0.86
        4/1       2/1       1     1     2        6.86      6.86     -0.38
        8/1       4/1       1     1     1      -58.48    -58.48     -4.37
        8/1       4/1       1     1     2        1.79      1.79     -5.98
       16/1       8/1       1     1     1      -58.72    -58.72    -96.67  *
       16/1       8/1       1     1     2        1.54      1.54    -78.38
       32/1      16/1       1     1     2        1.54      1.54   -100.93  *
       12/1      32/1       1     1     2        1.54      1.54   -100.41  *
       10/1      32/1       1     1     2        1.54      1.54   -100.91  *
        9/1      32/1       1     1     2        1.54      1.54   -100.40  *
 
 PO convergence
  Test-grid  Ref-grid    Freq  Beam  Grid       P_max   P_level  Accuracy
    po1/po2   po1/po2                           [dBi]     [dBi]      [dB]
        1/2       1/1       1     1     1      -48.01    -48.01     -2.38
        1/2       1/1       1     1     2        4.06      4.06      3.32
        1/4       1/2       1     1     1      -53.54    -53.54    -10.35
        1/4       1/2       1     1     2        1.95      1.95     -1.55
        1/8       1/4       1     1     1      -54.08    -54.08    -30.78
        1/8       1/4       1     1     2        2.61      2.61    -23.97
       1/16       1/8       1     1     1      -53.99    -53.99   -117.51  *
       1/16       1/8       1     1     2        2.61      2.61   -101.35  *
        1/6      1/16       1     1     1      -53.99    -53.99    -75.60
        1/6      1/16       1     1     2        2.61      2.61    -47.81
        1/7      1/16       1     1     1      -53.99    -53.99    -99.24  *
        1/7      1/16       1     1     2        2.61      2.61    -72.31
  PO1 =    9  PO2 =    8  Face =    1, Final PO-values from auto-convergence of advanced mesh.
 
  Edge 1:
  Max. value: ptd = 8130
 
 PO convergence
  Test-grid  Ref-grid    Freq  Beam  Grid       P_max   P_level  Accuracy
        ptd       ptd                           [dBi]     [dBi]      [dB]
         20        10       1     1     1      -74.38    -53.99    -22.75
         20        10       1     1     2      -16.65      2.61    -22.73
         40        20       1     1     1      -75.74    -53.99    -25.21
         40        20       1     1     2      -19.98      2.61    -23.23
         80        40       1     1     1      -80.14    -53.99    -27.52
         80        40       1     1     2      -19.90      2.61    -26.60
        160        80       1     1     1      -83.10    -53.99    -35.50
        160        80       1     1     2      -24.91      2.61    -32.65
        320       160       1     1     1      -86.40    -53.99    -33.15
        320       160       1     1     2      -24.48      2.61    -28.26
        640       320       1     1     1      -93.96    -53.99    -62.57
        640       320       1     1     2      -25.52      2.61    -35.98
       1280       640       1     1     1      -94.18    -53.99    -72.68
       1280       640       1     1     2      -25.51      2.61    -71.05
       2560      1280       1     1     1      -94.17    -53.99    -80.31  *
       2560      1280       1     1     2      -25.51      2.61    -80.82  *
        960      2560       1     1     1      -94.16    -53.99    -72.32
        960      2560       1     1     2      -25.51      2.61    -72.18
       1120      2560       1     1     1      -94.16    -53.99    -75.32
       1120      2560       1     1     2      -25.51      2.61    -75.81
       1200      2560       1     1     1      -94.16    -53.99    -75.40
       1200      2560       1     1     2      -25.51      2.61    -74.73
       1240      2560       1     1     1      -94.16    -53.99    -79.46
       1240      2560       1     1     2      -25.51      2.61    -71.47
       1260      2560       1     1     1      -94.16    -53.99    -77.98
       1260      2560       1     1     2      -25.51      2.61    -77.55
  PTD = 1280              Edge =    1, Final PTD-value from auto-convergence.
 
  Edge 2:
  Max. value: ptd = 7040
 
 PO convergence
  Test-grid  Ref-grid    Freq  Beam  Grid       P_max   P_level  Accuracy
        ptd       ptd                           [dBi]     [dBi]      [dB]
         20        10       1     1     1      -66.93    -53.99    -14.63
         20        10       1     1     2       -6.82      2.61    -12.07
         40        20       1     1     1      -69.49    -53.99    -18.93
         40        20       1     1     2       -8.94      2.61    -13.43
         80        40       1     1     1      -71.72    -53.99    -23.13
         80        40       1     1     2      -12.31      2.61    -16.90
        160        80       1     1     1      -74.31    -53.99    -27.17
        160        80       1     1     2      -13.74      2.61    -17.76
        320       160       1     1     1      -74.38    -53.99    -21.52
        320       160       1     1     2      -18.69      2.61    -24.12
        640       320       1     1     1      -82.88    -53.99    -38.16
        640       320       1     1     2      -21.11      2.61    -26.90
       1280       640       1     1     1      -85.15    -53.99    -42.55
       1280       640       1     1     2      -21.36      2.61    -35.84
       2560      1280       1     1     1      -86.14    -53.99    -47.04
       2560      1280       1     1     2      -21.41      2.61    -44.32
       5120      2560       1     1     1      -86.72    -53.99    -52.67
       5120      2560       1     1     2      -21.35      2.61    -48.69
       7040      5120       1     1     1      -86.64    -53.99    -53.21
       7040      5120       1     1     2      -21.36      2.61    -46.89
      10240      7040       1     1     1      -86.49    -53.99    -52.91
      10240      7040       1     1     2      -21.48      2.61    -50.06
  PTD = 7040              Edge =    2, Grid limit reached (acc: -50 dB).
 
 ----- TASK No. 4 -----     Started at 15:39:13 on June 10, 2019
 ata01_main_shield_po get_currents ( source : sequence(ref(ata01_sub_po),
 ref(ata01_feed), ref(ata01_main_po)), auto_convergence_of_po : on,
 convergence_on_output_grid : sequence(ref(ata01_cut)))
 
 
  *** Object name:  ata01_main_shield_po
  *** Class name :  po_single_face_scatterer
  *** Message    :  Get_currents message received
 
  Source : ata01_sub_po
  Source : ata01_feed
  Source : ata01_main_po
  PO-auto-convergence selection : on
  Convergence test on output grid : ata01_cut
 
 
  *** Object name:  ata01_main_shield_po
  *** Class name :  po_single_face_scatterer
  *** Message    :  Initialization
 
 
  Auto-convergence with desired accuracy of -80.00 dB.
 
  Face 1:
  Max. values: po1/po2 = 100/100
 
  Name of currents file: tmp_0003
 
  Control values found in the file:
    No. of frequencies: 1
    No. of beams      : 1
    No. of faces      : 1
    No. of edges      : 1
    No. of gaps       : 0
 
  Frequency number  1 :  11.000 GHz
 
    Face No.      PO1       PO2     Partitions
          1       115       440         1
 
    Edge No.     PTD1
          1       530
 
 
  Name of currents file: tmp_0004
 
  Control values found in the file:
    No. of frequencies: 1
    No. of beams      : 1
    No. of faces      : 1
    No. of edges      : 1
    No. of gaps       : 0
 
  Frequency number  1 :  11.000 GHz
 
    Face No.      PO1       PO2     Partitions
          1       450      1520         1
 
    Edge No.     PTD1
          1      1840
 
 
 PO convergence
  Test-grid  Ref-grid       P_max   P_level  Accuracy
    po1/po2   po1/po2       [dBi]     [dBi]      [dB]
        2/1       1/1        0.45      0.45      3.96
        4/1       2/1       -0.52     -0.52      1.03
        8/1       4/1       -6.55     -6.55     -2.38
       16/1       8/1       -5.87     -5.87    -36.10
       32/1      16/1       -5.83     -5.83    -49.79
       64/1      32/1       -5.82     -5.82    -56.67
      100/1      64/1       -5.83     -5.83    -87.56  *
       48/1     100/1       -5.83     -5.83    -59.56
       56/1     100/1       -5.83     -5.83    -58.22
       60/1     100/1       -5.83     -5.83    -68.13
       62/1     100/1       -5.83     -5.83    -63.24
       63/1     100/1       -5.83     -5.83    -67.37
 
 PO convergence
  Test-grid  Ref-grid       P_max   P_level  Accuracy
    po1/po2   po1/po2       [dBi]     [dBi]      [dB]
        1/2       1/1        0.45      0.45      2.18
        1/4       1/2       -0.54     -0.54      0.11
        1/8       1/4       -0.11     -0.11     -8.36
       1/16       1/8       -0.15     -0.15    -72.47
       1/32      1/16       -0.15     -0.15   -118.63  *
       1/12      1/32       -0.15     -0.15   -117.95  *
       1/10      1/32       -0.15     -0.15   -104.21  *
        1/9      1/32       -0.15     -0.15    -93.71  *
  PO1 =   64  PO2 =    9  Face =    1, Final PO-values from auto-convergence of advanced mesh.
 
  Edge 1:
  Max. value: ptd = 21130
 
 PO convergence
  Test-grid  Ref-grid       P_max   P_level  Accuracy
        ptd       ptd       [dBi]     [dBi]      [dB]
         20        10      -20.38     -0.15    -24.58
         40        20      -24.61     -0.15    -27.58
         80        40      -25.05     -0.15    -28.56
        160        80      -27.40     -0.15    -34.86
        320       160      -27.42     -0.15    -36.25
        640       320      -27.40     -0.15    -32.73
       1280       640      -27.39     -0.15    -40.53
       2560      1280      -27.42     -0.15    -72.30
       5120      2560      -27.43     -0.15    -78.60
      10240      5120      -27.42     -0.15    -87.38  *
       3840     10240      -27.42     -0.15    -84.12  *
       3200     10240      -27.42     -0.15    -78.26
       3520     10240      -27.42     -0.15    -80.69  *
       3360     10240      -27.42     -0.15    -80.05  *
       3280     10240      -27.42     -0.15    -77.98
  PTD = 3360              Edge =    1, Final PTD-value from auto-convergence.
 
  Edge 2:
  Max. value: ptd = 19790
 
 PO convergence
  Test-grid  Ref-grid       P_max   P_level  Accuracy
        ptd       ptd       [dBi]     [dBi]      [dB]
         20        10       -8.86     -0.15    -11.29
         40        20       -9.37     -0.15     -9.81
         80        40      -10.11     -0.15     -1.69
        160        80       -0.56     -0.15     -5.77
        320       160       -7.19     -0.15    -12.92
        640       320      -13.36     -0.15    -18.22
       1280       640      -14.68     -0.15    -24.04
       2560      1280      -14.98     -0.15    -14.82
       5120      2560      -12.49     -0.15    -18.80
      10240      5120      -14.97     -0.15    -25.51
      19790     10240      -15.38     -0.15    -13.09
      20480     19790      -13.05     -0.15    -11.14
  PTD =19790              Edge =    2, Grid limit reached (acc: -11 dB).
 
 ----- TASK No. 5 -----     Started at 16:31:01 on June 10, 2019
 ata01_cut get_field ( source : sequence(ref(ata01_main_po)))
 
 
  *** Object name:  ata01_cut
  *** Class name :  spherical_cut
  *** Message    :  Get_field message received
 
  Source : ata01_main_po
 
 
  *** Object name:  ata01_cut
  *** Class name :  spherical_cut
  *** Message    :  Field calculated
 
  Frequency No. :     1
  Beam No. :     1
 
 ----- TASK No. 6 -----     Started at 16:32:19 on June 10, 2019
 ata01_cut add_field ( source : sequence(ref(ata01_feed), ref(ata01_sub_po),
 ref(ata01_main_shield_po), ref(ata01_sub_shield_po)))
 
 
  *** Object name:  ata01_cut
  *** Class name :  spherical_cut
  *** Message    :  Add_field message received
 
  Source : ata01_feed
  Source : ata01_sub_po
  Source : ata01_main_shield_po
  Source : ata01_sub_shield_po
 
 
  *** Object name:  ata01_cut
  *** Class name :  spherical_cut
  *** Message    :  Field calculated
 
  Frequency No. :     1
  Beam No. :     1
 
  Name of currents file: tmp_0003
 
  Control values found in the file:
    No. of frequencies: 1
    No. of beams      : 1
    No. of faces      : 1
    No. of edges      : 1
    No. of gaps       : 0
 
  Frequency number  1 :  11.000 GHz
 
    Face No.      PO1       PO2     Partitions
          1       115       440         1
 
    Edge No.     PTD1
          1       530
 
 
 
  *** Object name:  ata01_cut
  *** Class name :  spherical_cut
  *** Message    :  Field calculated
 
  Frequency No. :     1
  Beam No. :     1
 
  Name of currents file: tmp_0006
 
  Control values found in the file:
    No. of frequencies: 1
    No. of beams      : 1
    No. of faces      : 1
    No. of edges      : 2
    No. of gaps       : 0
 
  Frequency number  1 :  11.000 GHz
 
    Face No.      PO1       PO2     Partitions
          1        64         9         1
 
    Edge No.     PTD1
          1      3360
          2     19790
 
 
 
  *** Object name:  ata01_cut
  *** Class name :  spherical_cut
  *** Message    :  Field calculated
 
  Frequency No. :     1
  Beam No. :     1
 
  Name of currents file: tmp_0005
 
  Control values found in the file:
    No. of frequencies: 1
    No. of beams      : 1
    No. of faces      : 1
    No. of edges      : 2
    No. of gaps       : 0
 
  Frequency number  1 :  11.000 GHz
 
    Face No.      PO1       PO2     Partitions
          1         9         8         1
 
    Edge No.     PTD1
          1      1280
          2      7040
 
 
 
  *** Object name:  ata01_cut
  *** Class name :  spherical_cut
  *** Message    :  Field calculated
 
  Frequency No. :     1
  Beam No. :     1
 
 ----- END OF TASKS -----     Completed at 16:38:16 on June 10, 2019
 Total time was 1:06 hrs
 
 GRASP SN: 006720
 Program stopped at 16:38:16 on 10 June 2019
 
