This is pdfTeX, Version 3.14159265-2.6-1.40.21 (TeX Live 2020) (preloaded format=pdflatex 2020.4.7)  9 FEB 2023 09:57
entering extended mode
 restricted \write18 enabled.
 file:line:error style messages enabled.
 %&-line parsing enabled.
**"RFSoC Digitizer Module.tex"
(./RFSoC Digitizer Module.tex
LaTeX2e <2020-02-02> patch level 5
L3 programming layer <2020-03-06>
(/usr/local/texlive/2020/texmf-dist/tex/latex/base/article.cls
Document Class: article 2019/12/20 v1.4l Standard LaTeX document class
(/usr/local/texlive/2020/texmf-dist/tex/latex/base/size12.clo
File: size12.clo 2019/12/20 v1.4l Standard LaTeX file (size option)
)
\c@part=\count167
\c@section=\count168
\c@subsection=\count169
\c@subsubsection=\count170
\c@paragraph=\count171
\c@subparagraph=\count172
\c@figure=\count173
\c@table=\count174
\abovecaptionskip=\skip47
\belowcaptionskip=\skip48
\bibindent=\dimen134
)
(/usr/local/texlive/2020/texmf-dist/tex/latex/geometry/geometry.sty
Package: geometry 2020/01/02 v5.9 Page Geometry

(/usr/local/texlive/2020/texmf-dist/tex/latex/graphics/keyval.sty
Package: keyval 2014/10/28 v1.15 key=value parser (DPC)
\KV@toks@=\toks15
)
(/usr/local/texlive/2020/texmf-dist/tex/generic/iftex/ifvtex.sty
Package: ifvtex 2019/10/25 v1.7 ifvtex legacy package. Use iftex instead.

(/usr/local/texlive/2020/texmf-dist/tex/generic/iftex/iftex.sty
Package: iftex 2020/03/06 v1.0d TeX engine tests
))
\Gm@cnth=\count175
\Gm@cntv=\count176
\c@Gm@tempcnt=\count177
\Gm@bindingoffset=\dimen135
\Gm@wd@mp=\dimen136
\Gm@odd@mp=\dimen137
\Gm@even@mp=\dimen138
\Gm@layoutwidth=\dimen139
\Gm@layoutheight=\dimen140
\Gm@layouthoffset=\dimen141
\Gm@layoutvoffset=\dimen142
\Gm@dimlist=\toks16
)
(/usr/local/texlive/2020/texmf-dist/tex/latex/appendix/appendix.sty
Package: appendix 2020/02/08 v1.2c extra appendix facilities
\c@@pps=\count178
\c@@ppsavesec=\count179
\c@@ppsaveapp=\count180
)
(/usr/local/texlive/2020/texmf-dist/tex/latex/graphics/graphicx.sty
Package: graphicx 2019/11/30 v1.2a Enhanced LaTeX Graphics (DPC,SPQR)

(/usr/local/texlive/2020/texmf-dist/tex/latex/graphics/graphics.sty
Package: graphics 2019/11/30 v1.4a Standard LaTeX Graphics (DPC,SPQR)

(/usr/local/texlive/2020/texmf-dist/tex/latex/graphics/trig.sty
Package: trig 2016/01/03 v1.10 sin cos tan (DPC)
)
(/usr/local/texlive/2020/texmf-dist/tex/latex/graphics-cfg/graphics.cfg
File: graphics.cfg 2016/06/04 v1.11 sample graphics configuration
)
Package graphics Info: Driver file: dvips.def on input line 105.

(/usr/local/texlive/2020/texmf-dist/tex/latex/graphics-def/dvips.def
File: dvips.def 2017/06/20 v3.1d Graphics/color driver for dvips
))
\Gin@req@height=\dimen143
\Gin@req@width=\dimen144
)
(/usr/local/texlive/2020/texmf-dist/tex/latex/graphics/epsfig.sty
Package: epsfig 2017/06/25 v1.7b (e)psfig emulation (SPQR)
\epsfxsize=\dimen145
\epsfysize=\dimen146
)
(/usr/local/texlive/2020/texmf-dist/tex/latex/amsmath/amsmath.sty
Package: amsmath 2020/01/20 v2.17e AMS math features
\@mathmargin=\skip49

For additional information on amsmath, use the `?' option.
(/usr/local/texlive/2020/texmf-dist/tex/latex/amsmath/amstext.sty
Package: amstext 2000/06/29 v2.01 AMS text

(/usr/local/texlive/2020/texmf-dist/tex/latex/amsmath/amsgen.sty
File: amsgen.sty 1999/11/30 v2.0 generic functions
\@emptytoks=\toks17
\ex@=\dimen147
))
(/usr/local/texlive/2020/texmf-dist/tex/latex/amsmath/amsbsy.sty
Package: amsbsy 1999/11/29 v1.2d Bold Symbols
\pmbraise@=\dimen148
)
(/usr/local/texlive/2020/texmf-dist/tex/latex/amsmath/amsopn.sty
Package: amsopn 2016/03/08 v2.02 operator names
)
\inf@bad=\count181
LaTeX Info: Redefining \frac on input line 227.
\uproot@=\count182
\leftroot@=\count183
LaTeX Info: Redefining \overline on input line 389.
\classnum@=\count184
\DOTSCASE@=\count185
LaTeX Info: Redefining \ldots on input line 486.
LaTeX Info: Redefining \dots on input line 489.
LaTeX Info: Redefining \cdots on input line 610.
\Mathstrutbox@=\box45
\strutbox@=\box46
\big@size=\dimen149
LaTeX Font Info:    Redeclaring font encoding OML on input line 733.
LaTeX Font Info:    Redeclaring font encoding OMS on input line 734.
\macc@depth=\count186
\c@MaxMatrixCols=\count187
\dotsspace@=\muskip16
\c@parentequation=\count188
\dspbrk@lvl=\count189
\tag@help=\toks18
\row@=\count190
\column@=\count191
\maxfields@=\count192
\andhelp@=\toks19
\eqnshift@=\dimen150
\alignsep@=\dimen151
\tagshift@=\dimen152
\tagwidth@=\dimen153
\totwidth@=\dimen154
\lineht@=\dimen155
\@envbody=\toks20
\multlinegap=\skip50
\multlinetaggap=\skip51
\mathdisplay@stack=\toks21
LaTeX Info: Redefining \[ on input line 2859.
LaTeX Info: Redefining \] on input line 2860.
)
(/usr/local/texlive/2020/texmf-dist/tex/latex/amsfonts/amssymb.sty
Package: amssymb 2013/01/14 v3.01 AMS font symbols

(/usr/local/texlive/2020/texmf-dist/tex/latex/amsfonts/amsfonts.sty
Package: amsfonts 2013/01/14 v3.01 Basic AMSFonts support
\symAMSa=\mathgroup4
\symAMSb=\mathgroup5
LaTeX Font Info:    Redeclaring math symbol \hbar on input line 98.
LaTeX Font Info:    Overwriting math alphabet `\mathfrak' in version `bold'
(Font)                  U/euf/m/n --> U/euf/b/n on input line 106.
))
(/usr/local/texlive/2020/texmf-dist/tex/latex/psfrag/psfrag.sty
Package: psfrag 1998/04/11 v3.04 PSfrag (MCG)
\pfg@pcount=\count193
\pfg@scount=\count194
\pfg@temp=\write3
)
(/usr/local/texlive/2020/texmf-dist/tex/latex/natbib/natbib.sty
Package: natbib 2010/09/13 8.31b (PWD, AO)
\bibhang=\skip52
\bibsep=\skip53
LaTeX Info: Redefining \cite on input line 694.
\c@NAT@ctr=\count195
)
(/usr/local/texlive/2020/texmf-dist/tex/latex/fancyhdr/fancyhdr.sty
Package: fancyhdr 2019/01/31 v3.10 Extensive control of page headers and footer
s
\f@nch@headwidth=\skip54
\f@nch@O@elh=\skip55
\f@nch@O@erh=\skip56
\f@nch@O@olh=\skip57
\f@nch@O@orh=\skip58
\f@nch@O@elf=\skip59
\f@nch@O@erf=\skip60
\f@nch@O@olf=\skip61
\f@nch@O@orf=\skip62
)
(/usr/local/texlive/2020/texmf-dist/tex/latex/tocbibind/tocbibind.sty
Package: tocbibind 2010/10/13 v1.5k extra ToC listings
Package tocbibind Info: The document has section divisions on input line 50.


Package tocbibind Note: Using section or other style headings.

) (/usr/local/texlive/2020/texmf-dist/tex/latex/graphics/color.sty
Package: color 2019/11/23 v1.2a Standard LaTeX Color (DPC)

(/usr/local/texlive/2020/texmf-dist/tex/latex/graphics-cfg/color.cfg
File: color.cfg 2016/01/02 v1.6 sample color configuration
)
Package color Info: Driver file: pdftex.def on input line 147.

(/usr/local/texlive/2020/texmf-dist/tex/latex/graphics-def/pdftex.def
File: pdftex.def 2018/01/08 v1.0l Graphics/color driver for pdftex
))
(/usr/local/texlive/2020/texmf-dist/tex/latex/base/fixltx2e.sty
Package: fixltx2e 2016/12/29 v2.1a fixes to LaTeX (obsolete)
Applying: [2015/01/01] Old fixltx2e package on input line 46.


Package fixltx2e Warning: fixltx2e is not required with releases after 2015
(fixltx2e)                All fixes are now in the LaTeX kernel.
(fixltx2e)                See the latexrelease package for details.

Already applied: [0000/00/00] Old fixltx2e package on input line 53.
) (/usr/local/texlive/2020/texmf-dist/tex/latex/pdfpages/pdfpages.sty
Package: pdfpages 2020/01/28 v0.5q Insert pages of external PDF documents (AM)

(/usr/local/texlive/2020/texmf-dist/tex/latex/base/ifthen.sty
Package: ifthen 2014/09/29 v1.1c Standard LaTeX ifthen package (DPC)
)
(/usr/local/texlive/2020/texmf-dist/tex/latex/tools/calc.sty
Package: calc 2017/05/25 v4.3 Infix arithmetic (KKT,FJ)
\calc@Acount=\count196
\calc@Bcount=\count197
\calc@Adimen=\dimen156
\calc@Bdimen=\dimen157
\calc@Askip=\skip63
\calc@Bskip=\skip64
LaTeX Info: Redefining \setlength on input line 80.
LaTeX Info: Redefining \addtolength on input line 81.
\calc@Ccount=\count198
\calc@Cskip=\skip65
)
(/usr/local/texlive/2020/texmf-dist/tex/latex/eso-pic/eso-pic.sty
Package: eso-pic 2018/04/12 v2.0h eso-pic (RN)

(/usr/local/texlive/2020/texmf-dist/tex/generic/atbegshi/atbegshi.sty
Package: atbegshi 2019/12/05 v1.19 At begin shipout hook (HO)

(/usr/local/texlive/2020/texmf-dist/tex/generic/infwarerr/infwarerr.sty
Package: infwarerr 2019/12/03 v1.5 Providing info/warning/error messages (HO)
)
(/usr/local/texlive/2020/texmf-dist/tex/generic/ltxcmds/ltxcmds.sty
Package: ltxcmds 2019/12/15 v1.24 LaTeX kernel commands for general use (HO)
)))
\AM@pagewidth=\dimen158
\AM@pageheight=\dimen159

(/usr/local/texlive/2020/texmf-dist/tex/latex/pdfpages/pppdftex.def
File: pppdftex.def 2020/01/28 v0.5q Pdfpages driver for pdfTeX (AM)
)
\AM@pagebox=\box47
\AM@global@opts=\toks22
\AM@pagecnt=\count199
\AM@toc@title=\toks23
\c@AM@survey=\count266
\AM@templatesizebox=\box48
)
(/usr/local/texlive/2020/texmf-dist/tex/latex/pdflscape/pdflscape.sty
Package: pdflscape 2019/12/05 v0.12 Display of landscape pages in PDF (HO)

(/usr/local/texlive/2020/texmf-dist/tex/latex/graphics/lscape.sty
Package: lscape 2000/10/22 v3.01 Landscape Pages (DPC)
)
Package pdflscape Info: Auto-detected driver: pdftex on input line 81.
)
(/usr/local/texlive/2020/texmf-dist/tex/latex/booktabs/booktabs.sty
Package: booktabs 2020/01/12 v1.61803398 Publication quality tables
\heavyrulewidth=\dimen160
\lightrulewidth=\dimen161
\cmidrulewidth=\dimen162
\belowrulesep=\dimen163
\belowbottomsep=\dimen164
\aboverulesep=\dimen165
\abovetopsep=\dimen166
\cmidrulesep=\dimen167
\cmidrulekern=\dimen168
\defaultaddspace=\dimen169
\@cmidla=\count267
\@cmidlb=\count268
\@aboverulesep=\dimen170
\@belowrulesep=\dimen171
\@thisruleclass=\count269
\@lastruleclass=\count270
\@thisrulewidth=\dimen172
)
(/usr/local/texlive/2020/texmf-dist/tex/latex/float/float.sty
Package: float 2001/11/08 v1.3d Float enhancements (AL)
\c@float@type=\count271
\float@exts=\toks24
\float@box=\box49
\@float@everytoks=\toks25
\@floatcapt=\box50
)
(/usr/local/texlive/2020/texmf-dist/tex/latex/tools/afterpage.sty
Package: afterpage 2014/10/28 v1.08 After-Page Package (DPC)
\AP@output=\toks26
\AP@partial=\box51
\AP@footins=\box52
)
(/usr/local/texlive/2020/texmf-dist/tex/latex/caption/subcaption.sty
Package: subcaption 2020/01/22 v1.3d Sub-captions (AR)

(/usr/local/texlive/2020/texmf-dist/tex/latex/caption/caption.sty
Package: caption 2020/01/03 v3.4h Customizing captions (AR)

(/usr/local/texlive/2020/texmf-dist/tex/latex/caption/caption3.sty
Package: caption3 2020/01/03 v1.8h caption3 kernel (AR)
Package caption3 Info: TeX engine: e-TeX on input line 61.
\captionmargin=\dimen173
\captionmargin@=\dimen174
\captionwidth=\dimen175
\caption@tempdima=\dimen176
\caption@indent=\dimen177
\caption@parindent=\dimen178
\caption@hangindent=\dimen179
Package caption Info: Standard document class detected.
)
\c@caption@flags=\count272
\c@continuedfloat=\count273
Package caption Info: float package is loaded.
)
\c@subfigure=\count274
\c@subtable=\count275
)
(/usr/local/texlive/2020/texmf-dist/tex/latex/graphics/rotating.sty
Package: rotating 2016/08/11 v2.16d rotated objects in LaTeX
\c@r@tfl@t=\count276
\rotFPtop=\skip66
\rotFPbot=\skip67
\rot@float@box=\box53
\rot@mess@toks=\toks27
)
(/usr/local/texlive/2020/texmf-dist/tex/latex/enumitem/enumitem.sty
Package: enumitem 2019/06/20 v3.9 Customized lists
\labelindent=\skip68
\enit@outerparindent=\dimen180
\enit@toks=\toks28
\enit@inbox=\box54
\enit@count@id=\count277
\enitdp@description=\count278
)
(/usr/local/texlive/2020/texmf-dist/tex/latex/tools/array.sty
Package: array 2019/08/31 v2.4l Tabular extension package (FMi)
\col@sep=\dimen181
\ar@mcellbox=\box55
\extrarowheight=\dimen182
\NC@list=\toks29
\extratabsurround=\skip69
\backup@length=\skip70
\ar@cellbox=\box56
)
(/usr/local/texlive/2020/texmf-dist/tex/latex/tools/tabularx.sty
Package: tabularx 2020/01/15 v2.11c `tabularx' package (DPC)
\TX@col@width=\dimen183
\TX@old@table=\dimen184
\TX@old@col=\dimen185
\TX@target=\dimen186
\TX@delta=\dimen187
\TX@cols=\count279
\TX@ftn=\toks30
)
(/usr/local/texlive/2020/texmf-dist/tex/latex/fancyref/fancyref.sty
Package: fancyref 1999/02/03 v0.9c Fancy cross-referencing

(/usr/local/texlive/2020/texmf-dist/tex/latex/tools/varioref.sty
Package: varioref 2020/01/23 v1.6c package for extended references (FMi)
\c@vrcnt=\count280
))
(/usr/local/texlive/2020/texmf-dist/tex/latex/was/gensymb.sty
Package: gensymb 2003/07/02 v1.0 (WaS)
)
(/usr/local/texlive/2020/texmf-dist/tex/latex/xcolor/xcolor.sty
Package: xcolor 2016/05/11 v2.12 LaTeX color extensions (UK)

(/usr/local/texlive/2020/texmf-dist/tex/latex/graphics-cfg/color.cfg
File: color.cfg 2016/01/02 v1.6 sample color configuration
)
Package xcolor Info: Driver file: pdftex.def on input line 225.
LaTeX Info: Redefining \color on input line 709.
Package xcolor Info: Model `cmy' substituted by `cmy0' on input line 1348.
Package xcolor Info: Model `RGB' extended on input line 1364.
Package xcolor Info: Model `HTML' substituted by `rgb' on input line 1366.
Package xcolor Info: Model `Hsb' substituted by `hsb' on input line 1367.
Package xcolor Info: Model `tHsb' substituted by `hsb' on input line 1368.
Package xcolor Info: Model `HSB' substituted by `hsb' on input line 1369.
Package xcolor Info: Model `Gray' substituted by `gray' on input line 1370.
Package xcolor Info: Model `wave' substituted by `hsb' on input line 1371.

(/usr/local/texlive/2020/texmf-dist/tex/latex/graphics/dvipsnam.def
File: dvipsnam.def 2016/06/17 v3.0m Driver-dependent file (DPC,SPQR)
))
(/usr/local/texlive/2020/texmf-dist/tex/latex/hyperref/hyperref.sty
Package: hyperref 2020/01/14 v7.00d Hypertext links for LaTeX

(/usr/local/texlive/2020/texmf-dist/tex/latex/pdftexcmds/pdftexcmds.sty
Package: pdftexcmds 2019/11/24 v0.31 Utility functions of pdfTeX for LuaTeX (HO
)
Package pdftexcmds Info: \pdf@primitive is available.
Package pdftexcmds Info: \pdf@ifprimitive is available.
Package pdftexcmds Info: \pdfdraftmode found.
)
(/usr/local/texlive/2020/texmf-dist/tex/generic/kvsetkeys/kvsetkeys.sty
Package: kvsetkeys 2019/12/15 v1.18 Key value parser (HO)
)
(/usr/local/texlive/2020/texmf-dist/tex/generic/kvdefinekeys/kvdefinekeys.sty
Package: kvdefinekeys 2019-12-19 v1.6 Define keys (HO)
)
(/usr/local/texlive/2020/texmf-dist/tex/generic/pdfescape/pdfescape.sty
Package: pdfescape 2019/12/09 v1.15 Implements pdfTeX's escape features (HO)
)
(/usr/local/texlive/2020/texmf-dist/tex/latex/hycolor/hycolor.sty
Package: hycolor 2020-01-27 v1.10 Color options for hyperref/bookmark (HO)
)
(/usr/local/texlive/2020/texmf-dist/tex/latex/letltxmacro/letltxmacro.sty
Package: letltxmacro 2019/12/03 v1.6 Let assignment for LaTeX macros (HO)
)
(/usr/local/texlive/2020/texmf-dist/tex/latex/auxhook/auxhook.sty
Package: auxhook 2019-12-17 v1.6 Hooks for auxiliary files (HO)
)
(/usr/local/texlive/2020/texmf-dist/tex/latex/kvoptions/kvoptions.sty
Package: kvoptions 2019/11/29 v3.13 Key value format for package options (HO)
)
\@linkdim=\dimen188
\Hy@linkcounter=\count281
\Hy@pagecounter=\count282

(/usr/local/texlive/2020/texmf-dist/tex/latex/hyperref/pd1enc.def
File: pd1enc.def 2020/01/14 v7.00d Hyperref: PDFDocEncoding definition (HO)
Now handling font encoding PD1 ...
... no UTF-8 mapping file for font encoding PD1
)
(/usr/local/texlive/2020/texmf-dist/tex/generic/intcalc/intcalc.sty
Package: intcalc 2019/12/15 v1.3 Expandable calculations with integers (HO)
)
(/usr/local/texlive/2020/texmf-dist/tex/generic/etexcmds/etexcmds.sty
Package: etexcmds 2019/12/15 v1.7 Avoid name clashes with e-TeX commands (HO)
)
\Hy@SavedSpaceFactor=\count283
Package hyperref Info: Option `colorlinks' set `true' on input line 4421.
Package hyperref Info: Hyper figures OFF on input line 4547.
Package hyperref Info: Link nesting OFF on input line 4552.
Package hyperref Info: Hyper index ON on input line 4555.
Package hyperref Info: Plain pages OFF on input line 4562.
Package hyperref Info: Backreferencing OFF on input line 4567.
Package hyperref Info: Implicit mode ON; LaTeX internals redefined.
Package hyperref Info: Bookmarks ON on input line 4800.
\c@Hy@tempcnt=\count284

(/usr/local/texlive/2020/texmf-dist/tex/latex/url/url.sty
\Urlmuskip=\muskip17
Package: url 2013/09/16  ver 3.4  Verb mode for urls, etc.
)
LaTeX Info: Redefining \url on input line 5159.
\XeTeXLinkMargin=\dimen189

(/usr/local/texlive/2020/texmf-dist/tex/generic/bitset/bitset.sty
Package: bitset 2019/12/09 v1.3 Handle bit-vector datatype (HO)

(/usr/local/texlive/2020/texmf-dist/tex/generic/bigintcalc/bigintcalc.sty
Package: bigintcalc 2019/12/15 v1.5 Expandable calculations on big integers (HO
)
))
\Fld@menulength=\count285
\Field@Width=\dimen190
\Fld@charsize=\dimen191
Package hyperref Info: Hyper figures OFF on input line 6430.
Package hyperref Info: Link nesting OFF on input line 6435.
Package hyperref Info: Hyper index ON on input line 6438.
Package hyperref Info: backreferencing OFF on input line 6445.
Package hyperref Info: Link coloring ON on input line 6448.
Package hyperref Info: Link coloring with OCG OFF on input line 6455.
Package hyperref Info: PDF/A mode OFF on input line 6460.
LaTeX Info: Redefining \ref on input line 6500.
LaTeX Info: Redefining \pageref on input line 6504.
\Hy@abspage=\count286
\c@Item=\count287
\c@Hfootnote=\count288
)
Package hyperref Info: Driver (autodetected): hpdftex.

(/usr/local/texlive/2020/texmf-dist/tex/latex/hyperref/hpdftex.def
File: hpdftex.def 2020/01/14 v7.00d Hyperref driver for pdfTeX

(/usr/local/texlive/2020/texmf-dist/tex/latex/atveryend/atveryend.sty
Package: atveryend 2019-12-11 v1.11 Hooks at the very end of document (HO)
Package atveryend Info: \AP@enddocument detected (standard20110627).
)
\Fld@listcount=\count289
\c@bookmark@seq@number=\count290

(/usr/local/texlive/2020/texmf-dist/tex/latex/rerunfilecheck/rerunfilecheck.sty
Package: rerunfilecheck 2019/12/05 v1.9 Rerun checks for auxiliary files (HO)

(/usr/local/texlive/2020/texmf-dist/tex/generic/uniquecounter/uniquecounter.sty
Package: uniquecounter 2019/12/15 v1.4 Provide unlimited unique counter (HO)
)
Package uniquecounter Info: New unique counter `rerunfilecheck' on input line 2
86.
)
\Hy@SectionHShift=\skip71
)
(/usr/local/texlive/2020/texmf-dist/tex/latex/l3backend/l3backend-pdfmode.def
File: l3backend-pdfmode.def 2020-03-12 L3 backend support: PDF mode
\l__kernel_color_stack_int=\count291
\l__pdf_internal_box=\box57
)
(./RFSoC Digitizer Module.aux)
\openout1 = `"RFSoC Digitizer Module.aux"'.

LaTeX Font Info:    Checking defaults for OML/cmm/m/it on input line 66.
LaTeX Font Info:    ... okay on input line 66.
LaTeX Font Info:    Checking defaults for OMS/cmsy/m/n on input line 66.
LaTeX Font Info:    ... okay on input line 66.
LaTeX Font Info:    Checking defaults for OT1/cmr/m/n on input line 66.
LaTeX Font Info:    ... okay on input line 66.
LaTeX Font Info:    Checking defaults for T1/cmr/m/n on input line 66.
LaTeX Font Info:    ... okay on input line 66.
LaTeX Font Info:    Checking defaults for TS1/cmr/m/n on input line 66.
LaTeX Font Info:    ... okay on input line 66.
LaTeX Font Info:    Checking defaults for OMX/cmex/m/n on input line 66.
LaTeX Font Info:    ... okay on input line 66.
LaTeX Font Info:    Checking defaults for U/cmr/m/n on input line 66.
LaTeX Font Info:    ... okay on input line 66.
LaTeX Font Info:    Checking defaults for PD1/pdf/m/n on input line 66.
LaTeX Font Info:    ... okay on input line 66.

*geometry* driver: auto-detecting
*geometry* detected driver: pdftex
*geometry* verbose mode - [ preamble ] result:
* driver: pdftex
* paper: a4paper
* layout: <same size as paper>
* layoutoffset:(h,v)=(0.0pt,0.0pt)
* modes: 
* h-part:(L,W,R)=(86.72377pt, 424.06033pt, 86.72377pt)
* v-part:(T,H,B)=(86.72377pt, 671.5993pt, 86.72377pt)
* \paperwidth=597.50787pt
* \paperheight=845.04684pt
* \textwidth=424.06033pt
* \textheight=671.5993pt
* \oddsidemargin=14.45378pt
* \evensidemargin=14.45378pt
* \topmargin=-22.54622pt
* \headheight=12.0pt
* \headsep=25.0pt
* \topskip=12.0pt
* \footskip=30.0pt
* \marginparwidth=35.0pt
* \marginparsep=10.0pt
* \columnsep=10.0pt
* \skip\footins=10.8pt plus 4.0pt minus 2.0pt
* \hoffset=0.0pt
* \voffset=0.0pt
* \mag=1000
* \@twocolumnfalse
* \@twosidefalse
* \@mparswitchfalse
* \@reversemarginfalse
* (1in=72.27pt=25.4mm, 1cm=28.453pt)

(/usr/local/texlive/2020/texmf-dist/tex/context/base/mkii/supp-pdf.mkii
[Loading MPS to PDF converter (version 2006.09.02).]
\scratchcounter=\count292
\scratchdimen=\dimen192
\scratchbox=\box58
\nofMPsegments=\count293
\nofMParguments=\count294
\everyMPshowfont=\toks31
\MPscratchCnt=\count295
\MPscratchDim=\dimen193
\MPnumerator=\count296
\makeMPintoPDFobject=\count297
\everyMPtoPDFconversion=\toks32
) (/usr/local/texlive/2020/texmf-dist/tex/latex/epstopdf-pkg/epstopdf-base.sty
Package: epstopdf-base 2020-01-24 v2.11 Base part for package epstopdf
Package epstopdf-base Info: Redefining graphics rule for `.eps' on input line 4
85.

(/usr/local/texlive/2020/texmf-dist/tex/latex/latexconfig/epstopdf-sys.cfg
File: epstopdf-sys.cfg 2010/07/13 v1.3 Configuration of (r)epstopdf for TeX Liv
e
))
\AtBeginShipoutBox=\box59
Package caption Info: Begin \AtBeginDocument code.
Package caption Info: hyperref package is loaded.
Package caption Info: rotating package is loaded.
Package caption Info: End \AtBeginDocument code.
LaTeX Info: Redefining \celsius on input line 66.
Package gensymb Info: Faking symbols for \degree and \celsius on input line 66.



Package gensymb Warning: Not defining \perthousand.

LaTeX Info: Redefining \ohm on input line 66.
Package gensymb Info: Using \Omega for \ohm on input line 66.

Package gensymb Warning: Not defining \micro.

Package hyperref Info: Link coloring ON on input line 66.
(/usr/local/texlive/2020/texmf-dist/tex/latex/hyperref/nameref.sty
Package: nameref 2019/09/16 v2.46 Cross-referencing by name of section

(/usr/local/texlive/2020/texmf-dist/tex/latex/refcount/refcount.sty
Package: refcount 2019/12/15 v3.6 Data extraction from label references (HO)
)
(/usr/local/texlive/2020/texmf-dist/tex/generic/gettitlestring/gettitlestring.s
ty
Package: gettitlestring 2019/12/15 v1.6 Cleanup title references (HO)
)
\c@section@level=\count298
LaTeX Info: Redefining \Ref on input line 520.
)
LaTeX Info: Redefining \ref on input line 66.
LaTeX Info: Redefining \pageref on input line 66.
LaTeX Info: Redefining \nameref on input line 66.
 (./RFSoC Digitizer Module.out) (./RFSoC Digitizer Module.out)
\@outlinefile=\write4
\openout4 = `"RFSoC Digitizer Module.out"'.

LaTeX Info: Redefining \Ref on input line 66.
<titlepage/SETI_institute_logo.jpg, id=4, 401.5pt x 401.5pt>
File: titlepage/SETI_institute_logo.jpg Graphic file (type jpg)
<use titlepage/SETI_institute_logo.jpg>
Package pdftex.def Info: titlepage/SETI_institute_logo.jpg  used on input line 
68.
(pdftex.def)             Requested size: 113.80992pt x 113.81102pt.
LaTeX Font Info:    Trying to load font information for U+msa on input line 68.


(/usr/local/texlive/2020/texmf-dist/tex/latex/amsfonts/umsa.fd
File: umsa.fd 2013/01/14 v3.01 AMS symbols A
)
LaTeX Font Info:    Trying to load font information for U+msb on input line 68.


(/usr/local/texlive/2020/texmf-dist/tex/latex/amsfonts/umsb.fd
File: umsb.fd 2013/01/14 v3.01 AMS symbols B
) [1
Non-PDF special ignored!
<special> header=psfrag.pro
Non-PDF special ignored!
<special> papersize=597.50787pt,845.04684pt


{/usr/local/texlive/2020/texmf-var/fonts/map/pdftex/updmap/pdftex.map} <./title
page/SETI_institute_logo.jpg>]
<figures/CAD_iso.jpeg, id=16, 1749.53625pt x 1216.545pt>
File: figures/CAD_iso.jpeg Graphic file (type jpg)
<use figures/CAD_iso.jpeg>
Package pdftex.def Info: figures/CAD_iso.jpeg  used on input line 114.
(pdftex.def)             Requested size: 381.6517pt x 265.37604pt.
<figures/CAD_top.jpeg, id=17, 1478.52374pt x 1216.545pt>
File: figures/CAD_top.jpeg Graphic file (type jpg)
<use figures/CAD_top.jpeg>
Package pdftex.def Info: figures/CAD_top.jpeg  used on input line 123.
(pdftex.def)             Requested size: 381.6517pt x 314.02956pt.


Package Fancyhdr Warning: \headheight is too small (12.0pt): 
Make it at least 14.49998pt.
We now make it that large for the rest of the document.
This may cause the page layout to be inconsistent, however.

[2 <./figures/CAD_iso.jpeg>]
<figures/HiTech_Global_board.jpeg, id=28, 2453.165pt x 2639.8625pt>
File: figures/HiTech_Global_board.jpeg Graphic file (type jpg)
<use figures/HiTech_Global_board.jpeg>
Package pdftex.def Info: figures/HiTech_Global_board.jpeg  used on input line 1
44.
(pdftex.def)             Requested size: 424.06033pt x 456.30324pt.
 [3 <./figures/CAD_top.jpeg>]
<figures/Digitizer_retrofit.jpeg, id=36, 1797.71625pt x 1333.98375pt>
File: figures/Digitizer_retrofit.jpeg Graphic file (type jpg)
<use figures/Digitizer_retrofit.jpeg>
Package pdftex.def Info: figures/Digitizer_retrofit.jpeg  used on input line 15
5.
(pdftex.def)             Requested size: 424.06033pt x 314.66681pt.
 [4 <./figures/HiTech_Global_board.jpeg>]
<figures/Old_heatsink_fan.jpeg, id=45, 2448.14626pt x 2423.0525pt>
File: figures/Old_heatsink_fan.jpeg Graphic file (type jpg)
<use figures/Old_heatsink_fan.jpeg>
Package pdftex.def Info: figures/Old_heatsink_fan.jpeg  used on input line 169.

(pdftex.def)             Requested size: 284.11964pt x 281.17781pt.
 [5 <./figures/Digitizer_retrofit.jpeg>]
<figures/FPGA.jpeg, id=56, 3035.34pt x 3107.61pt>
File: figures/FPGA.jpeg Graphic file (type jpg)
<use figures/FPGA.jpeg>
Package pdftex.def Info: figures/FPGA.jpeg  used on input line 178.
(pdftex.def)             Requested size: 284.11964pt x 290.86354pt.
 [6 <./figures/Old_heatsink_fan.jpeg> <./figures/FPGA.jpeg>]
<figures/New_heatsink_fan.jpeg, id=62, 607.26875pt x 549.05125pt>
File: figures/New_heatsink_fan.jpeg Graphic file (type jpg)
<use figures/New_heatsink_fan.jpeg>
Package pdftex.def Info: figures/New_heatsink_fan.jpeg  used on input line 189.

(pdftex.def)             Requested size: 339.24956pt x 306.72935pt.
<figures/Interface_Board.jpeg, id=64, 3035.34pt x 2990.17125pt>
File: figures/Interface_Board.jpeg Graphic file (type jpg)
<use figures/Interface_Board.jpeg>
Package pdftex.def Info: figures/Interface_Board.jpeg  used on input line 208.
(pdftex.def)             Requested size: 424.06033pt x 417.7086pt.
 [7 <./figures/New_heatsink_fan.jpeg>]
<figures/Interface_board_layout.png, id=74, 651.43375pt x 649.42625pt>
File: figures/Interface_board_layout.png Graphic file (type png)
<use figures/Interface_board_layout.png>
Package pdftex.def Info: figures/Interface_board_layout.png  used on input line
 223.
(pdftex.def)             Requested size: 424.06033pt x 422.76617pt.

[8 <./figures/Interface_Board.jpeg>] [9 <./figures/Interface_board_layout.png>]
[10]
<figures/Power_indicator_cable.jpeg, id=98, 2989.1675pt x 2930.95pt>
File: figures/Power_indicator_cable.jpeg Graphic file (type jpg)
<use figures/Power_indicator_cable.jpeg>
Package pdftex.def Info: figures/Power_indicator_cable.jpeg  used on input line
 327.
(pdftex.def)             Requested size: 424.06033pt x 415.78638pt.
 [11] [12 <./figures/Power_indicator_cable.jpeg>]
<figures/6pin 12V.png, id=114, 379.4175pt x 192.72pt>
File: figures/6pin 12V.png Graphic file (type png)
<use figures/6pin 12V.png>
Package pdftex.def Info: figures/6pin 12V.png  used on input line 365.
(pdftex.def)             Requested size: 424.06033pt x 215.40086pt.
 [13 <./figures/6pin 12V.png>]

LaTeX Warning: Reference `fig:Enclosure_above' on page 14 undefined on input li
ne 383.


LaTeX Warning: Reference `fig:Enclosure_in_Rack' on page 14 undefined on input 
line 383.

<figures/Six_Fan_Front.jpeg, id=131, 4047.12pt x 3035.34pt>
File: figures/Six_Fan_Front.jpeg Graphic file (type jpg)
<use figures/Six_Fan_Front.jpeg>
Package pdftex.def Info: figures/Six_Fan_Front.jpeg  used on input line 387.
(pdftex.def)             Requested size: 424.06033pt x 318.00221pt.
<figures/Six_Fan_Back.jpeg, id=132, 4047.12pt x 3035.34pt>
File: figures/Six_Fan_Back.jpeg Graphic file (type jpg)
<use figures/Six_Fan_Back.jpeg>
Package pdftex.def Info: figures/Six_Fan_Back.jpeg  used on input line 394.
(pdftex.def)             Requested size: 424.06033pt x 318.00221pt.
[14 <./figures/Six_Fan_Front.jpeg>]

LaTeX Warning: Reference `fig:RFSoC_Power_Schematic_1' on page 15 undefined on 
input line 406.

<figures/Power_Distribution_Terminals.jpeg, id=140, 2072.74374pt x 2432.08624pt
>
File: figures/Power_Distribution_Terminals.jpeg Graphic file (type jpg)
<use figures/Power_Distribution_Terminals.jpeg>
Package pdftex.def Info: figures/Power_Distribution_Terminals.jpeg  used on inp
ut line 410.
(pdftex.def)             Requested size: 339.24956pt x 398.0483pt.
[15 <./figures/Six_Fan_Back.jpeg>]

LaTeX Warning: Reference `fig:RFSoC_Power_Schematic_2' on page 16 undefined on 
input line 415.


LaTeX Warning: Reference `fig:RFSoC_Power_Schematic_1' on page 16 undefined on 
input line 417.

<figures/RFSoC_Power_Schematic_1.png, id=148, 754.82pt x 488.82625pt>
File: figures/RFSoC_Power_Schematic_1.png Graphic file (type png)
<use figures/RFSoC_Power_Schematic_1.png>
Package pdftex.def Info: figures/RFSoC_Power_Schematic_1.png  used on input lin
e 422.
(pdftex.def)             Requested size: 424.06033pt x 274.62097pt.
[16 <./figures/Power_Distribution_Terminals.jpeg>]
<figures/RFSoC_Power_Schematic_2.png, id=153, 663.47874pt x 502.87875pt>
File: figures/RFSoC_Power_Schematic_2.png Graphic file (type png)
<use figures/RFSoC_Power_Schematic_2.png>
Package pdftex.def Info: figures/RFSoC_Power_Schematic_2.png  used on input lin
e 429.
(pdftex.def)             Requested size: 424.06033pt x 321.41159pt.
 [17 <./figures/RFSoC_Power_Schematic_1.png>]

LaTeX Warning: Reference `fig:RFSoC_Power_Schematic_1' on page 18 undefined on 
input line 439.


LaTeX Warning: Reference `fig:Enclosure_above' on page 18 undefined on input li
ne 452.


LaTeX Warning: Reference `fig:Front_completed' on page 18 undefined on input li
ne 452.


LaTeX Warning: Reference `fig:Back_complete' on page 18 undefined on input line
 452.


LaTeX Warning: Reference `fig:Enclosure_in_Rack' on page 18 undefined on input 
line 452.


LaTeX Warning: Reference `fig:Enclosure_above' on page 18 undefined on input li
ne 452.


LaTeX Warning: Reference `fig:Enclosure_above' on page 18 undefined on input li
ne 452.


LaTeX Warning: Reference `fig:Front_completed' on page 18 undefined on input li
ne 452.


LaTeX Warning: Reference `fig:Back_complete' on page 18 undefined on input line
 452.

[18 <./figures/RFSoC_Power_Schematic_2.png>]
<figures/Finished_top_view.jpeg, id=169, 4047.12pt x 3035.34pt>
File: figures/Finished_top_view.jpeg Graphic file (type jpg)
<use figures/Finished_top_view.jpeg>
Package pdftex.def Info: figures/Finished_top_view.jpeg  used on input line 458
.
(pdftex.def)             Requested size: 424.06033pt x 318.00221pt.
<figures/Front_completed.jpeg, id=170, 4047.12pt x 3035.34pt>
File: figures/Front_completed.jpeg Graphic file (type jpg)
<use figures/Front_completed.jpeg>
Package pdftex.def Info: figures/Front_completed.jpeg  used on input line 465.
(pdftex.def)             Requested size: 381.6517pt x 286.22978pt.
 [19 <./figures/Finished_top_view.jpeg>]
<figures/Back_complete.jpeg, id=178, 4047.12pt x 3035.34pt>
File: figures/Back_complete.jpeg Graphic file (type jpg)
<use figures/Back_complete.jpeg>
Package pdftex.def Info: figures/Back_complete.jpeg  used on input line 472.
(pdftex.def)             Requested size: 381.6517pt x 286.22978pt.
<figures/Installed_in_Rack.jpeg, id=179, 3035.34pt x 3049.3925pt>
File: figures/Installed_in_Rack.jpeg Graphic file (type jpg)
<use figures/Installed_in_Rack.jpeg>
Package pdftex.def Info: figures/Installed_in_Rack.jpeg  used on input line 479
.
(pdftex.def)             Requested size: 381.6517pt x 383.40657pt.
 [20 <./figures/Front_completed.jpeg> <./figures/Back_complete.jpeg>]
[21 <./figures/Installed_in_Rack.jpeg>]
<PDFs/24567174_05 (copy).pdf, id=191, 794.97pt x 614.295pt>
File: PDFs/24567174_05 (copy).pdf Graphic file (type pdf)
<use PDFs/24567174_05 (copy).pdf>
Package pdftex.def Info: PDFs/24567174_05 (copy).pdf  used on input line 495.
(pdftex.def)             Requested size: 794.96806pt x 614.29349pt.
File: PDFs/24567174_05 (copy).pdf Graphic file (type pdf)
<use PDFs/24567174_05 (copy).pdf>
Package pdftex.def Info: PDFs/24567174_05 (copy).pdf  used on input line 495.
(pdftex.def)             Requested size: 794.96806pt x 614.29349pt.
<PDFs/24567174_05 (copy).pdf, id=194, page=1, 794.97pt x 614.295pt>
File: PDFs/24567174_05 (copy).pdf Graphic file (type pdf)
<use PDFs/24567174_05 (copy).pdf, page 1>
Package pdftex.def Info: PDFs/24567174_05 (copy).pdf , page1 used on input line
 495.
(pdftex.def)             Requested size: 794.96806pt x 614.29349pt.
File: PDFs/24567174_05 (copy).pdf Graphic file (type pdf)
<use PDFs/24567174_05 (copy).pdf, page 1>
Package pdftex.def Info: PDFs/24567174_05 (copy).pdf , page1 used on input line
 495.
(pdftex.def)             Requested size: 773.60669pt x 597.78697pt.
File: PDFs/24567174_05 (copy).pdf Graphic file (type pdf)
<use PDFs/24567174_05 (copy).pdf, page 1>
Package pdftex.def Info: PDFs/24567174_05 (copy).pdf , page1 used on input line
 495.
(pdftex.def)             Requested size: 773.60669pt x 597.78697pt.
File: PDFs/24567174_05 (copy).pdf Graphic file (type pdf)
<use PDFs/24567174_05 (copy).pdf, page 1>
Package pdftex.def Info: PDFs/24567174_05 (copy).pdf , page1 used on input line
 495.
(pdftex.def)             Requested size: 773.60669pt x 597.78697pt.
File: PDFs/24567174_05 (copy).pdf Graphic file (type pdf)
<use PDFs/24567174_05 (copy).pdf, page 1>
Package pdftex.def Info: PDFs/24567174_05 (copy).pdf , page1 used on input line
 495.
(pdftex.def)             Requested size: 773.60669pt x 597.78697pt.
 [22 <./PDFs/24567174_05 (copy).pdf, page is rotated 270 degrees>]
<PDFs/24567174_05 (copy).pdf, id=242, page=2, 794.97pt x 614.295pt>
File: PDFs/24567174_05 (copy).pdf Graphic file (type pdf)
<use PDFs/24567174_05 (copy).pdf, page 2>
Package pdftex.def Info: PDFs/24567174_05 (copy).pdf , page2 used on input line
 495.
(pdftex.def)             Requested size: 773.60669pt x 597.78697pt.
File: PDFs/24567174_05 (copy).pdf Graphic file (type pdf)
<use PDFs/24567174_05 (copy).pdf, page 2>
Package pdftex.def Info: PDFs/24567174_05 (copy).pdf , page2 used on input line
 495.
(pdftex.def)             Requested size: 773.60669pt x 597.78697pt.
File: PDFs/24567174_05 (copy).pdf Graphic file (type pdf)
<use PDFs/24567174_05 (copy).pdf, page 2>
Package pdftex.def Info: PDFs/24567174_05 (copy).pdf , page2 used on input line
 495.
(pdftex.def)             Requested size: 773.60669pt x 597.78697pt.
 [23 <./PDFs/24567174_05 (copy).pdf, page is rotated 270 degrees>]
<PDFs/24567174_05 (copy).pdf, id=247, page=3, 794.97pt x 614.295pt>
File: PDFs/24567174_05 (copy).pdf Graphic file (type pdf)
<use PDFs/24567174_05 (copy).pdf, page 3>
Package pdftex.def Info: PDFs/24567174_05 (copy).pdf , page3 used on input line
 495.
(pdftex.def)             Requested size: 773.60669pt x 597.78697pt.
File: PDFs/24567174_05 (copy).pdf Graphic file (type pdf)
<use PDFs/24567174_05 (copy).pdf, page 3>
Package pdftex.def Info: PDFs/24567174_05 (copy).pdf , page3 used on input line
 495.
(pdftex.def)             Requested size: 773.60669pt x 597.78697pt.
File: PDFs/24567174_05 (copy).pdf Graphic file (type pdf)
<use PDFs/24567174_05 (copy).pdf, page 3>
Package pdftex.def Info: PDFs/24567174_05 (copy).pdf , page3 used on input line
 495.
(pdftex.def)             Requested size: 773.60669pt x 597.78697pt.
 [24 <./PDFs/24567174_05 (copy).pdf, page is rotated 270 degrees>]
<PDFs/24567174_05 (copy).pdf, id=252, page=4, 794.97pt x 614.295pt>
File: PDFs/24567174_05 (copy).pdf Graphic file (type pdf)
<use PDFs/24567174_05 (copy).pdf, page 4>
Package pdftex.def Info: PDFs/24567174_05 (copy).pdf , page4 used on input line
 495.
(pdftex.def)             Requested size: 773.60669pt x 597.78697pt.
File: PDFs/24567174_05 (copy).pdf Graphic file (type pdf)
<use PDFs/24567174_05 (copy).pdf, page 4>
Package pdftex.def Info: PDFs/24567174_05 (copy).pdf , page4 used on input line
 495.
(pdftex.def)             Requested size: 773.60669pt x 597.78697pt.
File: PDFs/24567174_05 (copy).pdf Graphic file (type pdf)
<use PDFs/24567174_05 (copy).pdf, page 4>
Package pdftex.def Info: PDFs/24567174_05 (copy).pdf , page4 used on input line
 495.
(pdftex.def)             Requested size: 773.60669pt x 597.78697pt.
[25 <./PDFs/24567174_05 (copy).pdf, page is rotated 270 degrees>]

pdfTeX warning: /Library/TeX/texbin/pdflatex (file ./PDFs/24567174_98.pdf): PDF
 inclusion: found PDF version <1.6>, but at most version <1.5> allowed
<PDFs/24567174_98.pdf, id=268, 1690.315pt x 1195.46625pt>
File: PDFs/24567174_98.pdf Graphic file (type pdf)
<use PDFs/24567174_98.pdf>
Package pdftex.def Info: PDFs/24567174_98.pdf  used on input line 496.
(pdftex.def)             Requested size: 1690.31088pt x 1195.46333pt.


pdfTeX warning: /Library/TeX/texbin/pdflatex (file ./PDFs/24567174_98.pdf): PDF
 inclusion: found PDF version <1.6>, but at most version <1.5> allowed
File: PDFs/24567174_98.pdf Graphic file (type pdf)
<use PDFs/24567174_98.pdf>
Package pdftex.def Info: PDFs/24567174_98.pdf  used on input line 496.
(pdftex.def)             Requested size: 1690.31088pt x 1195.46333pt.


pdfTeX warning: /Library/TeX/texbin/pdflatex (file ./PDFs/24567174_98.pdf): PDF
 inclusion: found PDF version <1.6>, but at most version <1.5> allowed


pdfTeX warning: /Library/TeX/texbin/pdflatex (file ./PDFs/24567174_98.pdf): PDF
 inclusion: found PDF version <1.6>, but at most version <1.5> allowed
<PDFs/24567174_98.pdf, id=271, page=1, 1690.315pt x 1195.46625pt>
File: PDFs/24567174_98.pdf Graphic file (type pdf)
<use PDFs/24567174_98.pdf, page 1>
Package pdftex.def Info: PDFs/24567174_98.pdf , page1 used on input line 496.
(pdftex.def)             Requested size: 1690.31088pt x 1195.46333pt.
File: PDFs/24567174_98.pdf Graphic file (type pdf)
<use PDFs/24567174_98.pdf, page 1>
Package pdftex.def Info: PDFs/24567174_98.pdf , page1 used on input line 496.
(pdftex.def)             Requested size: 845.15544pt x 597.73166pt.
File: PDFs/24567174_98.pdf Graphic file (type pdf)
<use PDFs/24567174_98.pdf, page 1>
Package pdftex.def Info: PDFs/24567174_98.pdf , page1 used on input line 496.
(pdftex.def)             Requested size: 845.15544pt x 597.73166pt.
File: PDFs/24567174_98.pdf Graphic file (type pdf)
<use PDFs/24567174_98.pdf, page 1>
Package pdftex.def Info: PDFs/24567174_98.pdf , page1 used on input line 496.
(pdftex.def)             Requested size: 845.15544pt x 597.73166pt.
File: PDFs/24567174_98.pdf Graphic file (type pdf)
<use PDFs/24567174_98.pdf, page 1>
Package pdftex.def Info: PDFs/24567174_98.pdf , page1 used on input line 496.
(pdftex.def)             Requested size: 845.15544pt x 597.73166pt.
[26 <./PDFs/24567174_98.pdf>]

pdfTeX warning: /Library/TeX/texbin/pdflatex (file ./PDFs/24567174_98.pdf): PDF
 inclusion: found PDF version <1.6>, but at most version <1.5> allowed
<PDFs/24567174_98.pdf, id=304, page=2, 1690.315pt x 1195.46625pt>
File: PDFs/24567174_98.pdf Graphic file (type pdf)
<use PDFs/24567174_98.pdf, page 2>
Package pdftex.def Info: PDFs/24567174_98.pdf , page2 used on input line 496.
(pdftex.def)             Requested size: 845.15544pt x 597.73166pt.
File: PDFs/24567174_98.pdf Graphic file (type pdf)
<use PDFs/24567174_98.pdf, page 2>
Package pdftex.def Info: PDFs/24567174_98.pdf , page2 used on input line 496.
(pdftex.def)             Requested size: 845.15544pt x 597.73166pt.
File: PDFs/24567174_98.pdf Graphic file (type pdf)
<use PDFs/24567174_98.pdf, page 2>
Package pdftex.def Info: PDFs/24567174_98.pdf , page2 used on input line 496.
(pdftex.def)             Requested size: 845.15544pt x 597.73166pt.
[27 <./PDFs/24567174_98.pdf>]

pdfTeX warning: /Library/TeX/texbin/pdflatex (file ./PDFs/24567174_98.pdf): PDF
 inclusion: found PDF version <1.6>, but at most version <1.5> allowed
<PDFs/24567174_98.pdf, id=312, page=3, 1690.315pt x 1195.46625pt>
File: PDFs/24567174_98.pdf Graphic file (type pdf)
<use PDFs/24567174_98.pdf, page 3>
Package pdftex.def Info: PDFs/24567174_98.pdf , page3 used on input line 496.
(pdftex.def)             Requested size: 845.15544pt x 597.73166pt.
File: PDFs/24567174_98.pdf Graphic file (type pdf)
<use PDFs/24567174_98.pdf, page 3>
Package pdftex.def Info: PDFs/24567174_98.pdf , page3 used on input line 496.
(pdftex.def)             Requested size: 845.15544pt x 597.73166pt.
File: PDFs/24567174_98.pdf Graphic file (type pdf)
<use PDFs/24567174_98.pdf, page 3>
Package pdftex.def Info: PDFs/24567174_98.pdf , page3 used on input line 496.
(pdftex.def)             Requested size: 845.15544pt x 597.73166pt.
[28 <./PDFs/24567174_98.pdf>]

pdfTeX warning: /Library/TeX/texbin/pdflatex (file ./PDFs/24567174_99.pdf): PDF
 inclusion: found PDF version <1.6>, but at most version <1.5> allowed
<PDFs/24567174_99.pdf, id=324, 1690.315pt x 1195.46625pt>
File: PDFs/24567174_99.pdf Graphic file (type pdf)
<use PDFs/24567174_99.pdf>
Package pdftex.def Info: PDFs/24567174_99.pdf  used on input line 497.
(pdftex.def)             Requested size: 1690.31088pt x 1195.46333pt.


pdfTeX warning: /Library/TeX/texbin/pdflatex (file ./PDFs/24567174_99.pdf): PDF
 inclusion: found PDF version <1.6>, but at most version <1.5> allowed
File: PDFs/24567174_99.pdf Graphic file (type pdf)
<use PDFs/24567174_99.pdf>
Package pdftex.def Info: PDFs/24567174_99.pdf  used on input line 497.
(pdftex.def)             Requested size: 1690.31088pt x 1195.46333pt.


pdfTeX warning: /Library/TeX/texbin/pdflatex (file ./PDFs/24567174_99.pdf): PDF
 inclusion: found PDF version <1.6>, but at most version <1.5> allowed


pdfTeX warning: /Library/TeX/texbin/pdflatex (file ./PDFs/24567174_99.pdf): PDF
 inclusion: found PDF version <1.6>, but at most version <1.5> allowed
<PDFs/24567174_99.pdf, id=327, page=1, 1690.315pt x 1195.46625pt>
File: PDFs/24567174_99.pdf Graphic file (type pdf)
<use PDFs/24567174_99.pdf, page 1>
Package pdftex.def Info: PDFs/24567174_99.pdf , page1 used on input line 497.
(pdftex.def)             Requested size: 1690.31088pt x 1195.46333pt.
File: PDFs/24567174_99.pdf Graphic file (type pdf)
<use PDFs/24567174_99.pdf, page 1>
Package pdftex.def Info: PDFs/24567174_99.pdf , page1 used on input line 497.
(pdftex.def)             Requested size: 845.15544pt x 597.73166pt.
File: PDFs/24567174_99.pdf Graphic file (type pdf)
<use PDFs/24567174_99.pdf, page 1>
Package pdftex.def Info: PDFs/24567174_99.pdf , page1 used on input line 497.
(pdftex.def)             Requested size: 845.15544pt x 597.73166pt.
File: PDFs/24567174_99.pdf Graphic file (type pdf)
<use PDFs/24567174_99.pdf, page 1>
Package pdftex.def Info: PDFs/24567174_99.pdf , page1 used on input line 497.
(pdftex.def)             Requested size: 845.15544pt x 597.73166pt.
File: PDFs/24567174_99.pdf Graphic file (type pdf)
<use PDFs/24567174_99.pdf, page 1>
Package pdftex.def Info: PDFs/24567174_99.pdf , page1 used on input line 497.
(pdftex.def)             Requested size: 845.15544pt x 597.73166pt.
[29 <./PDFs/24567174_99.pdf>]

pdfTeX warning: /Library/TeX/texbin/pdflatex (file ./PDFs/24567174_99.pdf): PDF
 inclusion: found PDF version <1.6>, but at most version <1.5> allowed
<PDFs/24567174_99.pdf, id=358, page=2, 1690.315pt x 1195.46625pt>
File: PDFs/24567174_99.pdf Graphic file (type pdf)
<use PDFs/24567174_99.pdf, page 2>
Package pdftex.def Info: PDFs/24567174_99.pdf , page2 used on input line 497.
(pdftex.def)             Requested size: 845.15544pt x 597.73166pt.
File: PDFs/24567174_99.pdf Graphic file (type pdf)
<use PDFs/24567174_99.pdf, page 2>
Package pdftex.def Info: PDFs/24567174_99.pdf , page2 used on input line 497.
(pdftex.def)             Requested size: 845.15544pt x 597.73166pt.
File: PDFs/24567174_99.pdf Graphic file (type pdf)
<use PDFs/24567174_99.pdf, page 2>
Package pdftex.def Info: PDFs/24567174_99.pdf , page2 used on input line 497.
(pdftex.def)             Requested size: 845.15544pt x 597.73166pt.
[30 <./PDFs/24567174_99.pdf>]

pdfTeX warning: /Library/TeX/texbin/pdflatex (file ./PDFs/24567174_99.pdf): PDF
 inclusion: found PDF version <1.6>, but at most version <1.5> allowed
<PDFs/24567174_99.pdf, id=363, page=3, 1690.315pt x 1195.46625pt>
File: PDFs/24567174_99.pdf Graphic file (type pdf)
<use PDFs/24567174_99.pdf, page 3>
Package pdftex.def Info: PDFs/24567174_99.pdf , page3 used on input line 497.
(pdftex.def)             Requested size: 845.15544pt x 597.73166pt.
File: PDFs/24567174_99.pdf Graphic file (type pdf)
<use PDFs/24567174_99.pdf, page 3>
Package pdftex.def Info: PDFs/24567174_99.pdf , page3 used on input line 497.
(pdftex.def)             Requested size: 845.15544pt x 597.73166pt.
File: PDFs/24567174_99.pdf Graphic file (type pdf)
<use PDFs/24567174_99.pdf, page 3>
Package pdftex.def Info: PDFs/24567174_99.pdf , page3 used on input line 497.
(pdftex.def)             Requested size: 845.15544pt x 597.73166pt.
[31 <./PDFs/24567174_99.pdf>]

pdfTeX warning: /Library/TeX/texbin/pdflatex (file ./PDFs/24567174_99.pdf): PDF
 inclusion: found PDF version <1.6>, but at most version <1.5> allowed
<PDFs/24567174_99.pdf, id=370, page=4, 1690.315pt x 1195.46625pt>
File: PDFs/24567174_99.pdf Graphic file (type pdf)
<use PDFs/24567174_99.pdf, page 4>
Package pdftex.def Info: PDFs/24567174_99.pdf , page4 used on input line 497.
(pdftex.def)             Requested size: 845.15544pt x 597.73166pt.
File: PDFs/24567174_99.pdf Graphic file (type pdf)
<use PDFs/24567174_99.pdf, page 4>
Package pdftex.def Info: PDFs/24567174_99.pdf , page4 used on input line 497.
(pdftex.def)             Requested size: 845.15544pt x 597.73166pt.
File: PDFs/24567174_99.pdf Graphic file (type pdf)
<use PDFs/24567174_99.pdf, page 4>
Package pdftex.def Info: PDFs/24567174_99.pdf , page4 used on input line 497.
(pdftex.def)             Requested size: 845.15544pt x 597.73166pt.
[32 <./PDFs/24567174_99.pdf>]

pdfTeX warning: /Library/TeX/texbin/pdflatex (file ./PDFs/24567174_100.pdf): PD
F inclusion: found PDF version <1.6>, but at most version <1.5> allowed
<PDFs/24567174_100.pdf, id=377, 1690.315pt x 1195.46625pt>
File: PDFs/24567174_100.pdf Graphic file (type pdf)
<use PDFs/24567174_100.pdf>
Package pdftex.def Info: PDFs/24567174_100.pdf  used on input line 498.
(pdftex.def)             Requested size: 1690.31088pt x 1195.46333pt.


pdfTeX warning: /Library/TeX/texbin/pdflatex (file ./PDFs/24567174_100.pdf): PD
F inclusion: found PDF version <1.6>, but at most version <1.5> allowed
File: PDFs/24567174_100.pdf Graphic file (type pdf)
<use PDFs/24567174_100.pdf>
Package pdftex.def Info: PDFs/24567174_100.pdf  used on input line 498.
(pdftex.def)             Requested size: 1690.31088pt x 1195.46333pt.


pdfTeX warning: /Library/TeX/texbin/pdflatex (file ./PDFs/24567174_100.pdf): PD
F inclusion: found PDF version <1.6>, but at most version <1.5> allowed


pdfTeX warning: /Library/TeX/texbin/pdflatex (file ./PDFs/24567174_100.pdf): PD
F inclusion: found PDF version <1.6>, but at most version <1.5> allowed
<PDFs/24567174_100.pdf, id=380, page=1, 1690.315pt x 1195.46625pt>
File: PDFs/24567174_100.pdf Graphic file (type pdf)
<use PDFs/24567174_100.pdf, page 1>
Package pdftex.def Info: PDFs/24567174_100.pdf , page1 used on input line 498.
(pdftex.def)             Requested size: 1690.31088pt x 1195.46333pt.
File: PDFs/24567174_100.pdf Graphic file (type pdf)
<use PDFs/24567174_100.pdf, page 1>
Package pdftex.def Info: PDFs/24567174_100.pdf , page1 used on input line 498.
(pdftex.def)             Requested size: 845.15544pt x 597.73166pt.
File: PDFs/24567174_100.pdf Graphic file (type pdf)
<use PDFs/24567174_100.pdf, page 1>
Package pdftex.def Info: PDFs/24567174_100.pdf , page1 used on input line 498.
(pdftex.def)             Requested size: 845.15544pt x 597.73166pt.
File: PDFs/24567174_100.pdf Graphic file (type pdf)
<use PDFs/24567174_100.pdf, page 1>
Package pdftex.def Info: PDFs/24567174_100.pdf , page1 used on input line 498.
(pdftex.def)             Requested size: 845.15544pt x 597.73166pt.
File: PDFs/24567174_100.pdf Graphic file (type pdf)
<use PDFs/24567174_100.pdf, page 1>
Package pdftex.def Info: PDFs/24567174_100.pdf , page1 used on input line 498.
(pdftex.def)             Requested size: 845.15544pt x 597.73166pt.
[33 <./PDFs/24567174_100.pdf>]

pdfTeX warning: /Library/TeX/texbin/pdflatex (file ./PDFs/24567174_100.pdf): PD
F inclusion: found PDF version <1.6>, but at most version <1.5> allowed
<PDFs/24567174_100.pdf, id=411, page=2, 1690.315pt x 1195.46625pt>
File: PDFs/24567174_100.pdf Graphic file (type pdf)
<use PDFs/24567174_100.pdf, page 2>
Package pdftex.def Info: PDFs/24567174_100.pdf , page2 used on input line 498.
(pdftex.def)             Requested size: 845.15544pt x 597.73166pt.
File: PDFs/24567174_100.pdf Graphic file (type pdf)
<use PDFs/24567174_100.pdf, page 2>
Package pdftex.def Info: PDFs/24567174_100.pdf , page2 used on input line 498.
(pdftex.def)             Requested size: 845.15544pt x 597.73166pt.
File: PDFs/24567174_100.pdf Graphic file (type pdf)
<use PDFs/24567174_100.pdf, page 2>
Package pdftex.def Info: PDFs/24567174_100.pdf , page2 used on input line 498.
(pdftex.def)             Requested size: 845.15544pt x 597.73166pt.
[34 <./PDFs/24567174_100.pdf>] [35

] [36]
<figures/Interface_board_schematic_1.png, id=431, 1159.33125pt x 527.9725pt>
File: figures/Interface_board_schematic_1.png Graphic file (type png)
<use figures/Interface_board_schematic_1.png>
Package pdftex.def Info: figures/Interface_board_schematic_1.png  used on input
 line 628.
(pdftex.def)             Requested size: 671.5993pt x 305.85367pt.
 [37 <./figures/Interface_board_schematic_1.png>]
<figures/Interface_board_schematic_2.png, id=440, 961.5925pt x 852.18375pt>
File: figures/Interface_board_schematic_2.png Graphic file (type png)
<use figures/Interface_board_schematic_2.png>
Package pdftex.def Info: figures/Interface_board_schematic_2.png  used on input
 line 639.
(pdftex.def)             Requested size: 466.46895pt x 413.39964pt.

Overfull \hbox (42.40862pt too wide) in paragraph at lines 639--640
 [][] 
 []

<figures/Interface_board_schematic_3.png, id=441, 921.4425pt x 856.19875pt>
File: figures/Interface_board_schematic_3.png Graphic file (type png)
<use figures/Interface_board_schematic_3.png>
Package pdftex.def Info: figures/Interface_board_schematic_3.png  used on input
 line 648.
(pdftex.def)             Requested size: 466.46895pt x 433.42865pt.

Overfull \hbox (42.40862pt too wide) in paragraph at lines 648--649
 [][] 
 []

[38

 <./figures/Interface_board_schematic_2.png>]
Package atveryend Info: Empty hook `BeforeClearDocument' on input line 654.
 [39 <./figures/Interface_board_schematic_3.png>]
Package atveryend Info: Empty hook `AfterLastShipout' on input line 654.
 (./RFSoC Digitizer Module.aux)
Package atveryend Info: Executing hook `AtVeryEndDocument' on input line 654.
Package atveryend Info: Executing hook `AtEndAfterFileList' on input line 654.


Package rerunfilecheck Warning: File `"RFSoC Digitizer Module".out' has changed
.
(rerunfilecheck)                Rerun to get outlines right
(rerunfilecheck)                or use package `bookmark'.

Package rerunfilecheck Info: Checksums for `"RFSoC Digitizer Module".out':
(rerunfilecheck)             Before: D41D8CD98F00B204E9800998ECF8427E;0
(rerunfilecheck)             After:  9F12CC0671DACCF1A5387DBFB5F3CBAC;859.

LaTeX Warning: There were undefined references.


LaTeX Warning: Label(s) may have changed. Rerun to get cross-references right.

Package atveryend Info: Empty hook `AtVeryVeryEnd' on input line 654.
 ) 
Here is how much of TeX's memory you used:
 11192 strings out of 480608
 171564 string characters out of 5903631
 467677 words of memory out of 5000000
 26739 multiletter control sequences out of 15000+600000
 542436 words of font info for 62 fonts, out of 8000000 for 9000
 1141 hyphenation exceptions out of 8191
 48i,18n,46p,964b,480s stack positions out of 5000i,500n,10000p,200000b,80000s
{/usr/local/texlive/2020/texmf-dist/fonts/enc/dvips/cm-super/cm-super-ts1.enc
}</usr/local/texlive/2020/texmf-dist/fonts/type1/public/amsfonts/cm/cmbx12.pfb>
</usr/local/texlive/2020/texmf-dist/fonts/type1/public/amsfonts/cm/cmmi12.pfb><
/usr/local/texlive/2020/texmf-dist/fonts/type1/public/amsfonts/cm/cmr12.pfb></u
sr/local/texlive/2020/texmf-dist/fonts/type1/public/amsfonts/cm/cmr17.pfb></usr
/local/texlive/2020/texmf-dist/fonts/type1/public/amsfonts/cm/cmsl12.pfb></usr/
local/texlive/2020/texmf-dist/fonts/type1/public/amsfonts/cm/cmsy10.pfb></usr/l
ocal/texlive/2020/texmf-dist/fonts/type1/public/amsfonts/cm/cmsy8.pfb></usr/loc
al/texlive/2020/texmf-dist/fonts/type1/public/amsfonts/cm/cmti12.pfb></usr/loca
l/texlive/2020/texmf-dist/fonts/type1/public/cm-super/sfrm1200.pfb>
Output written on "RFSoC Digitizer Module.pdf" (39 pages, 37180277 bytes).
PDF statistics:
 508 PDF objects out of 1000 (max. 8388607)
 363 compressed objects within 4 object streams
 87 named destinations out of 1000 (max. 500000)
 246 words of extra memory for PDF output out of 10000 (max. 10000000)

