 
 GRASP version 10.4.0 (Windows amd64/em64t 64-bit)
 
 GRASP found  16 CPU cores
 
 Program started at 11:47:20 on 12 June 2019
GRASP>COMMAND OBJECT ata01_sub_po get_currents ( source : sequence(ref(ata01_feed)),   auto_convergence_of_po : on, convergence_on_scatterer :   sequence(ref(ata01_main_reflector), ref(ata01_main_shield),   ref(ata01_sub_shield)), convergence_on_output_grid : sequence(ref(ata01_cut)))   ata01_po_sub 
 ----- TASK No. 1 -----     Started at 11:47:20 on June 12, 2019                 
  PO1 =  115  PO2 =  440  Face =    1, Final PO-values from auto-convergence
  PTD =  530              Edge =    1, Final PTD-value from auto-convergence.
 Total task time:  3.37 sec               
GRASP>COMMAND OBJECT ata01_main_po get_currents ( source :   sequence(ref(ata01_sub_po), ref(ata01_feed)), auto_convergence_of_po : on,   convergence_on_scatterer : sequence(ref(ata01_main_shield),   ref(ata01_sub_shield), ref(circular_struts)), convergence_on_output_grid :   sequence(ref(ata01_cut))) ata01_po_main 
 ----- TASK No. 2 -----     Started at 11:47:24 on June 12, 2019                 
  PO1 =  450  PO2 = 1520  Face =    1, Final PO-values from auto-convergence
  PTD = 1840              Edge =    1, Final PTD-value from auto-convergence.
 Total task time:  1:17 min               
GRASP>COMMAND OBJECT ata01_sub_shield_po get_currents ( source :   sequence(ref(ata01_sub_po), ref(ata01_feed), ref(ata01_main_po)),   auto_convergence_of_po : on, convergence_on_scatterer :   sequence(ref(ata01_main_shield), ref(circular_struts)),   convergence_on_output_grid : sequence(ref(ata01_cut))) cmd_5 
 ----- TASK No. 3 -----     Started at 11:48:41 on June 12, 2019                 
  PO1 =    9  PO2 =    8  Face =    1, Final PO-values from auto-convergence of advanced mesh.
  PTD = 1640              Edge =    1, Final PTD-value from auto-convergence.
  PTD = 7040              Edge =    2, Grid limit reached (acc: -50 dB).
WARNING: Message from object ata01_sub_shield_po: 
The integration does not converge within the allowed integration grid limit. 
See the output-file for details. 
 
 Total task time:  6:10 min               
GRASP>COMMAND OBJECT ata01_main_shield_po get_currents ( source :   sequence(ref(ata01_sub_po), ref(ata01_feed), ref(ata01_main_po)),   auto_convergence_of_po : on, convergence_on_scatterer :   sequence(ref(circular_struts)), convergence_on_output_grid :   sequence(ref(ata01_cut))) cmd_6 
 ----- TASK No. 4 -----     Started at 11:54:52 on June 12, 2019                 
  PO1 =   64  PO2 =   14  Face =    1, Final PO-values from auto-convergence of advanced mesh.
  PTD =10240              Edge =    1, Final PTD-value from auto-convergence.
  PTD =19790              Edge =    2, Grid limit reached (acc: -11 dB).
WARNING: Message from object ata01_main_shield_po: 
The integration does not converge within the allowed integration grid limit. 
See the output-file for details. 
 
 Total task time:  1:07 hrs               
GRASP>COMMAND OBJECT strut_analysis_circ_cross get_currents ( source :   sequence(ref(ata01_sub_po), ref(ata01_feed), ref(ata01_main_po),   ref(ata01_sub_shield_po)), auto_convergence_of_po : on,   convergence_on_output_grid : sequence(ref(ata01_cut))) cmd_7 
 ----- TASK No. 5 -----     Started at 13:02:45 on June 12, 2019                 
  PO1 = 4550  PO2 =    3  Face =    1, Grid limit reached (acc: 4 dB).
  PO1 =   10  PO2 =  180  Face =    1, Grid limit reached (acc: 0 dB).
  PO1 = 4550  PO2 =  180  Face =    1, Final PO-values from auto-convergence
  PO1 = 1360  PO2 =   86  Face =    2, Final PO-values from auto-convergence
  PO1 = 1220  PO2 =   86  Face =    3, Final PO-values from auto-convergence
  PO1 = 4550  PO2 =    3  Face =    4, Grid limit reached (acc: -43 dB).
  PO1 =   10  PO2 =  180  Face =    4, Grid limit reached (acc: -78 dB).
  PO1 = 4550  PO2 =  180  Face =    4, Final PO-values from auto-convergence
  PO1 = 4550  PO2 =    3  Face =    5, Grid limit reached (acc: -40 dB).
  PO1 =   10  PO2 =  180  Face =    5, Grid limit reached (acc: -78 dB).
  PO1 = 4550  PO2 =  180  Face =    5, Final PO-values from auto-convergence
  PO1 = 4550  PO2 =    3  Face =    6, Grid limit reached (acc: -19 dB).
  PO1 =   10  PO2 =  180  Face =    6, Grid limit reached (acc: -15 dB).
  PO1 = 4550  PO2 =  180  Face =    6, Final PO-values from auto-convergence
  PO1 = 4550  PO2 =    3  Face =    7, Grid limit reached (acc: -9 dB).
  PO1 =   10  PO2 =  180  Face =    7, Grid limit reached (acc: -21 dB).
  PO1 = 4550  PO2 =  180  Face =    7, Final PO-values from auto-convergence
  PO1 =  940  PO2 =   68  Face =    8, Final PO-values from auto-convergence
  PO1 = 4550  PO2 =   68  Face =    9, Final PO-values from auto-convergence
  PO1 = 4550  PO2 =    3  Face =   10, Grid limit reached (acc: -12 dB).
  PO1 = 4550  PO2 =  168  Face =   10, Final PO-values from auto-convergence
  PO1 = 4550  PO2 =    3  Face =   11, Grid limit reached (acc: -26 dB).
  PO1 = 4550  PO2 =  165  Face =   11, Final PO-values from auto-convergence
WARNING: Message from object strut_analysis_circ_cross: 
The integration does not converge within the allowed integration grid limit. 
See the output-file for details. 
 
 Total task time:  8:19 hrs               
GRASP>COMMAND OBJECT ata01_cut get_field ( source : sequence(ref(ata01_main_po)))   ata01_get_field 
 ----- TASK No. 6 -----     Started at 21:21:51 on June 12, 2019                 
 Total task time: 59.16 sec               
GRASP>COMMAND OBJECT ata01_cut add_field ( source : sequence(ref(ata01_feed),   ref(ata01_sub_po), ref(ata01_main_shield_po), ref(ata01_sub_shield_po),   ref(strut_analysis_circ_cross))) ata01_add_field_feed 
 ----- TASK No. 7 -----     Started at 21:22:50 on June 12, 2019                 
 Total task time:  9:28 min               
GRASP>QUIT 
 ----- END OF TASKS -----     Completed at 21:32:18 on June 12, 2019             
INFO: 3 WARNINGS ENCOUNTERED. 
 
WARNING NO. 1 
Message from object ata01_sub_shield_po: 
The integration does not converge within the allowed integration grid limit. 
See the output-file for details. 
 
WARNING NO. 2 
Message from object ata01_main_shield_po: 
The integration does not converge within the allowed integration grid limit. 
See the output-file for details. 
 
WARNING NO. 3 
Message from object strut_analysis_circ_cross: 
The integration does not converge within the allowed integration grid limit. 
See the output-file for details. 
 
 
 Total time was 9:44 hrs
 Program stopped at 21:32:18 on 12 June 2019
