 
 
                                       G R A S P
                                       ==========
 
  General multi-reflector analysis program
 
 GRASP version 10.4.0 (Windows amd64/em64t 64-bit)
 
 
 GRASP found  16 CPU cores
 
  Reading tor-file: strut_shield_po.tor
 
 
  *** Object name:  ata01_main_reflector
  *** Class name :  reflector
  *** Message    :  Object created
 
 
 
  *** Object name:  ata01_main_reflector
  *** Class name :  reflector
  *** Message    :  New values in object
 
  Coordinate system: ata01_global_coor
  Surface: ata01_main_surface
  Rim: ata01_main_rim
 
 
  *** Object name:  ata01_global_coor
  *** Class name :  coor_sys
  *** Message    :  Object created
 
 
 
  *** Object name:  ata01_global_coor
  *** Class name :  coor_sys
  *** Message    :  New values in object
 
  Z_axis :     0.000000    0.000000    1.000000
 
 
  *** Object name:  ata01_main_surface
  *** Class name :  paraboloid
  *** Message    :  Object created
 
 
 
  *** Object name:  ata01_main_surface
  *** Class name :  paraboloid
  *** Message    :  New values in object
 
 
  Focal length     :    2.43593 m
   and in SI units :    2.43593 meter
 
 
  *** Object name:  ata01_main_rim
  *** Class name :  elliptical_rim
  *** Message    :  Object created
 
 
 
  *** Object name:  ata01_main_rim
  *** Class name :  elliptical_rim
  *** Message    :  Definition of elliptical_rim
 
  The rim centre is placed at
    x :    3.36749 m
    y :    0.00000 m
  and in SI units
    x :    3.36749     meter
    y :    0.00000     meter
 
  The half axes of the ellipse are defined by
    in x-direction :    3.04491 m
    in y-direction :    3.04491 m
  and in SI units
    in x-direction :    3.04491     meter
    in y-direction :    3.04491     meter
 
  The rim limits in radii are
    minimum :    3.04491     meter
    maximum :    3.04491     meter
 
  The rim limits in x direction are
    minimum :   0.322576     meter
    maximum :    6.41240     meter
 
  The rim limits in y direction are
    minimum :   -3.04491     meter
    maximum :    3.04491     meter
 
 
  *** Object name:  ata01_sub_reflector
  *** Class name :  reflector
  *** Message    :  Object created
 
 
 
  *** Object name:  ata01_sub_reflector
  *** Class name :  reflector
  *** Message    :  New values in object
 
  Coordinate system: ata01_sub_coor
  Surface: ata01_sub_surface
  Rim: ata01_sub_rim
 
 
  *** Object name:  ata01_sub_coor
  *** Class name :  coor_sys
  *** Message    :  Object created
 
 
 
  *** Object name:  ata01_sub_coor
  *** Class name :  coor_sys
  *** Message    :  New values in object
 
  Origin :   0.000000E+00 m     0.000000E+00 m     0.243593E+01 m
  Base name : ata01_global_coor
  X_axis :     0.720874    0.000000    0.693067
  Y_axis :     0.000000   -1.000000    0.000000
  Z_axis :     0.693067    0.000000   -0.720874
 
 
  *** Object name:  ata01_sub_surface
  *** Class name :  ellipsoid
  *** Message    :  Object created
 
 
 
  *** Object name:  ata01_sub_surface
  *** Class name :  ellipsoid
  *** Message    :  New values in object
 
 
  Distance between the vertices, 2a :    3.38618 m
   and in SI units                  :    3.38618 meter
 
  Distance between the foci, 2c     :    1.16382 m
   and in SI units                  :    1.16382 meter
 
  Angle between z-axis and ellipsoid axis:    76.8733 degrees
 
    giving the eccentricity         :   0.343697
 
 
  *** Object name:  ata01_sub_rim
  *** Class name :  elliptical_rim
  *** Message    :  Object created
 
 
 
  *** Object name:  ata01_sub_rim
  *** Class name :  elliptical_rim
  *** Message    :  Definition of elliptical_rim
 
  The rim centre is placed at
    x :  -0.534740 m
    y :    0.00000 m
  and in SI units
    x :  -0.534740     meter
    y :    0.00000     meter
 
  The half axes of the ellipse are defined by
    in x-direction :    1.23564 m
    in y-direction :    1.16436 m
  and in SI units
    in x-direction :    1.23564     meter
    in y-direction :    1.16436     meter
 
  The rim limits in radii are
    minimum :    1.16436     meter
    maximum :    1.23564     meter
 
  The rim limits in x direction are
    minimum :   -1.77038     meter
    maximum :   0.700897     meter
 
  The rim limits in y direction are
    minimum :   -1.16436     meter
    maximum :    1.16436     meter
 
 
  *** Object name:  ata01_feed
  *** Class name :  gaussian_beam_pattern
  *** Message    :  Object created
 
 
 
  *** Object name:  ata01_feed
  *** Class name :  gaussian_beam_pattern
  *** Message    :  Object created
 
 
 
  *** Object name:  ata01_feed
  *** Class name :  gaussian_beam_pattern
  *** Message    :  New values in object
 
  Frequency : ata01_frequencies
  Coor_sys : ata01_feed_coor
 
 
  *** Object name:  ata01_feed
  *** Class name :  gaussian_beam_pattern
  *** Message    :  Definition of common feed attributes
 
 
 
  *** Object name:  ata01_feed
  *** Class name :  gaussian_beam_pattern
  *** Message    :  Definition of gaussian feed
 
 
  Taper angle :   42.0000 degrees
 
  Taper compared to on-axis level :  -12.0000 dB
 
  The imaginary displacement along the negative z-axis
    is  0.770877 wavelengths
 
 
  *** Object name:  ata01_frequencies
  *** Class name :  frequency
  *** Message    :  Object created
 
 
 
  *** Object name:  ata01_frequencies
  *** Class name :  frequency
  *** Message    :  New values in object
 
  Frequency No.    1  :   0.110000E+02 GHz
 
 
  *** Object name:  ata01_feed_coor
  *** Class name :  coor_sys
  *** Message    :  Object created
 
 
 
  *** Object name:  ata01_feed_coor
  *** Class name :  coor_sys
  *** Message    :  New values in object
 
  Origin :  -0.113341E+01 m     0.000000E+00 m     0.264309E+00 m
  Base name : ata01_sub_coor
  X_axis :     0.968570    0.000000    0.248743
  Y_axis :     0.000000   -1.000000    0.000000
  Z_axis :     0.248743    0.000000   -0.968570
 
 
  *** Object name:  ata01_cut
  *** Class name :  spherical_cut
  *** Message    :  Object created
 
 
 
  *** Object name:  ata01_cut
  *** Class name :  spherical_cut
  *** Message    :  New values in object
 
  Frequency : ata01_frequencies
  Coor_sys : ata01_cut_coor
  Theta range : start-180.00000    end 180.00000    points 18001
  Phi range : start   0.00000    end  90.00000    points     3
 
 
  *** Object name:  ata01_cut_coor
  *** Class name :  coor_sys
  *** Message    :  Object created
 
 
 
  *** Object name:  ata01_cut_coor
  *** Class name :  coor_sys
  *** Message    :  New values in object
 
  Origin :   0.336749E+01 m     0.000000E+00 m     0.116382E+01 m
  Base name : ata01_global_coor
  Z_axis :     0.000000    0.000000    1.000000
 
 
  *** Object name:  ata01_main_po
  *** Class name :  po_single_face_scatterer
  *** Message    :  Object created
 
 
 
  *** Object name:  ata01_main_po
  *** Class name :  po_single_face_scatterer
  *** Message    :  New values in object
 
  Frequency : ata01_frequencies
  Scatterer : ata01_main_reflector
  Coordinate system : ata01_global_coor
 
 
  *** Object name:  ata01_sub_po
  *** Class name :  po_single_face_scatterer
  *** Message    :  Object created
 
 
 
  *** Object name:  ata01_sub_po
  *** Class name :  po_single_face_scatterer
  *** Message    :  New values in object
 
  Frequency : ata01_frequencies
  Scatterer : ata01_sub_reflector
  Coordinate system : ata01_global_coor
 
 
  *** Object name:  hybrid_mode_conical_horn
  *** Class name :  hybrid_mode_conical_horn
  *** Message    :  Object created
 
 
 
  *** Object name:  hybrid_mode_conical_horn
  *** Class name :  hybrid_mode_conical_horn
  *** Message    :  Object created
 
 
 
  *** Object name:  hybrid_mode_conical_horn
  *** Class name :  hybrid_mode_conical_horn
  *** Message    :  New values in object
 
  Frequency : ata01_frequencies
  Coor_sys : ata01_feed_coor
 
 
  *** Object name:  hybrid_mode_conical_horn
  *** Class name :  hybrid_mode_conical_horn
  *** Message    :  Definition of common feed attributes
 
 
 
  *** Object name:  hybrid_mode_conical_horn
  *** Class name :  hybrid_mode_conical_horn
  *** Message    :  Definition of HYBRID feed
 
 
  Waveguide_radius :    13.0201 mm
   and in SI units         :   0.130201E-01 meter
 
  Circular aperture radius :    70.9090 mm
   and in SI units         :   0.709090E-01 meter
 
  Semi flare angle is  :    12.0000 degrees
  mode power normalization is : on
 
  Axial length of horn :   0.333601     meter
  Flare length of horn :   0.341053     meter
 
  Cut-off data for waveguide with wl/4 corrugations
    NO.   TYPE   CUT-OFF FREQ.(Hz)   CUT-OFF WAV.(m)
     1    HE11   0.8285343421E+10    0.3618346793E-01
 
 
  *** Object name:  ata01_sub_reflector_surface_cut
  *** Class name :  surface_cut
  *** Message    :  Object created
 
 
 
  *** Object name:  ata01_sub_reflector_surface_cut
  *** Class name :  surface_cut
  *** Message    :  New values in object
 
  Frequency : ata01_frequencies
  Scatterer : ata01_sub_reflector
  Rho range : start -0.200000E+01 m   end  0.200000E+01 m   points  2001
  Phi range : start   0.00000    end  90.00000    points     3
 
 
  *** Object name:  ata01_main_reflector_surface_cut
  *** Class name :  surface_cut
  *** Message    :  Object created
 
 
 
  *** Object name:  ata01_main_reflector_surface_cut
  *** Class name :  surface_cut
  *** Message    :  New values in object
 
  Frequency : ata01_frequencies
  Scatterer : ata01_main_reflector
  Rho range : start -0.310000E+01 m   end  0.310000E+01 m   points  6201
  Phi range : start   0.00000    end  90.00000    points     3
 
 
  *** Object name:  ata01_main_shield
  *** Class name :  reflector
  *** Message    :  Object created
 
 
 
  *** Object name:  ata01_main_shield
  *** Class name :  reflector
  *** Message    :  New values in object
 
  Coordinate system: ata01_main_shield_coor
  Surface: ata01_main_shield_surface_01
  Rim: ata01_main_shield_outer_rim
  Hole No.    1  : ata01_main_shield_inner_rim
 
 
  *** Object name:  ata01_main_shield_surface
  *** Class name :  paraboloid
  *** Message    :  Object created
 
 
 
  *** Object name:  ata01_main_shield_surface
  *** Class name :  paraboloid
  *** Message    :  New values in object
 
 
  Focal length     :    300.000 m
   and in SI units :    300.000 meter
 
 
  *** Object name:  ata01_strut_coor
  *** Class name :  coor_sys_grasp_angles
  *** Message    :  Object created
 
 
 
  *** Object name:  ata01_strut_coor
  *** Class name :  coor_sys_grasp_angles
  *** Message    :  New values in object
 
  Origin :  -0.700000E-01 m     0.000000E+00 m     0.200000E-01 m
  Base name : ata01_main_shield_coor
  Calculated axes:
  X_axis :     1.000000    0.000000    0.000000
  Y_axis :     0.000000    1.000000    0.000000
  Z_axis :     0.000000    0.000000    1.000000
 
 
  *** Object name:  ata01_sub_shield_surface
  *** Class name :  plane
  *** Message    :  Object created
 
 
 
  *** Object name:  ata01_sub_shield_surface
  *** Class name :  plane
  *** Message    :  New values in object
 
 
 
  *** Object name:  ata01_sub_shield
  *** Class name :  reflector
  *** Message    :  Object created
 
 
 
  *** Object name:  ata01_sub_shield
  *** Class name :  reflector
  *** Message    :  New values in object
 
  Coordinate system: ata01_sub_shield_coor
  Surface: ata01_sub_shield_surface
  Rim: ata01_sub_shield_rim
  Hole No.    1  : ata01_sub_rim
 
 
  *** Object name:  ata01_sub_shield_rim
  *** Class name :  elliptical_rim
  *** Message    :  Object created
 
 
 
  *** Object name:  ata01_sub_shield_rim
  *** Class name :  elliptical_rim
  *** Message    :  Definition of elliptical_rim
 
  The rim centre is placed at
    x :  -0.534740 m
    y :    0.00000 m
  and in SI units
    x :  -0.534740     meter
    y :    0.00000     meter
 
  The half axes of the ellipse are defined by
    in x-direction :    1.42066 m
    in y-direction :    1.34939 m
  and in SI units
    in x-direction :    1.42066     meter
    in y-direction :    1.34939     meter
 
  The rim limits in radii are
    minimum :    1.34939     meter
    maximum :    1.42066     meter
 
  The rim limits in x direction are
    minimum :   -1.95540     meter
    maximum :   0.885923     meter
 
  The rim limits in y direction are
    minimum :   -1.34939     meter
    maximum :    1.34939     meter
 
 
  *** Object name:  ata01_sub_shield_coor
  *** Class name :  coor_sys
  *** Message    :  Object created
 
 
 
  *** Object name:  ata01_sub_shield_coor
  *** Class name :  coor_sys
  *** Message    :  New values in object
 
  Origin :   0.000000E+00 m     0.000000E+00 m    -0.950000E+00 m
  Base name : ata01_sub_coor
  Z_axis :     0.000000    0.000000    1.000000
 
 
  *** Object name:  ata01_main_shield_surface_01
  *** Class name :  plane
  *** Message    :  Object created
 
 
 
  *** Object name:  ata01_main_shield_surface_01
  *** Class name :  plane
  *** Message    :  New values in object
 
 
 
  *** Object name:  ata01_main_shield_coor
  *** Class name :  coor_sys_grasp_angles
  *** Message    :  Object created
 
 
 
  *** Object name:  ata01_main_shield_coor
  *** Class name :  coor_sys_grasp_angles
  *** Message    :  New values in object
 
  Base name : ata01_main_edge
  Theta  :    34.800000 deg.
  Phi    :   180.000000 deg.
  Calculated axes:
  X_axis :     0.821149    0.000000    0.570714
  Y_axis :     0.000000    1.000000   -0.000000
  Z_axis :    -0.570714    0.000000    0.821149
 
 
  *** Object name:  ata01_main_edge
  *** Class name :  coor_sys_grasp_angles
  *** Message    :  Object created
 
 
 
  *** Object name:  ata01_main_edge
  *** Class name :  coor_sys_grasp_angles
  *** Message    :  New values in object
 
  Origin :   0.325000E+00 m     0.000000E+00 m     0.000000E+00 m
  Base name : ata01_global_coor
  Calculated axes:
  X_axis :     1.000000    0.000000    0.000000
  Y_axis :     0.000000    1.000000    0.000000
  Z_axis :     0.000000    0.000000    1.000000
 
 
  *** Object name:  ata01_main_shield_inner_rim
  *** Class name :  elliptical_rim
  *** Message    :  Object created
 
 
 
  *** Object name:  ata01_main_shield_inner_rim
  *** Class name :  elliptical_rim
  *** Message    :  Definition of elliptical_rim
 
  The rim centre is placed at
    x :    3.70000 m
    y :    0.00000 m
  and in SI units
    x :    3.70000     meter
    y :    0.00000     meter
 
  The half axes of the ellipse are defined by
    in x-direction :    3.70000 m
    in y-direction :    3.04413 m
  and in SI units
    in x-direction :    3.70000     meter
    in y-direction :    3.04413     meter
 
  The rim limits in radii are
    minimum :    3.04413     meter
    maximum :    3.70000     meter
 
  The rim limits in x direction are
    minimum :  -0.444089E-15 meter
    maximum :    7.40000     meter
 
  The rim limits in y direction are
    minimum :   -3.04413     meter
    maximum :    3.04413     meter
 
 
  *** Object name:  ata01_main_shield_outer_rim
  *** Class name :  elliptical_rim
  *** Message    :  Object created
 
 
 
  *** Object name:  ata01_main_shield_outer_rim
  *** Class name :  elliptical_rim
  *** Message    :  Definition of elliptical_rim
 
  The rim centre is placed at
    x :    3.70000 m
    y :    0.00000 m
  and in SI units
    x :    3.70000     meter
    y :    0.00000     meter
 
  The half axes of the ellipse are defined by
    in x-direction :    3.90000 m
    in y-direction :    3.30000 m
  and in SI units
    in x-direction :    3.90000     meter
    in y-direction :    3.30000     meter
 
  The rim limits in radii are
    minimum :    3.30000     meter
    maximum :    3.90000     meter
 
  The rim limits in x direction are
    minimum :  -0.200000     meter
    maximum :    7.60000     meter
 
  The rim limits in y direction are
    minimum :   -3.30000     meter
    maximum :    3.30000     meter
 
 
  *** Object name:  circular_struts
  *** Class name :  circular_struts
  *** Message    :  Object created
 
 
 
  *** Object name:  circular_struts
  *** Class name :  circular_struts
  *** Message    :  New values in object
 
  Coordinate system: ata01_strut_pos_coor
 
  Circular strut radius :    25.4000 mm
   and in SI units      :   0.254000E-01 meter
 
  Number of struts :   11
 
  End points
    for strut number:    1
    start point:   0.000000E+00 m     0.000000E+00 m     0.000000E+00 m
    end   point:   0.000000E+00 m     0.000000E+00 m     0.290000E+01 m
 
    and in SI units
    start point:   0.000000E+00 m     0.000000E+00 m     0.000000E+00 m
    end   point:   0.000000E+00 m     0.000000E+00 m     0.290000E+01 m
    for strut number:    2
    start point:   0.140400E+00 m     0.917000E+00 m     0.000000E+00 m
    end   point:   0.729000E+00 m     0.116000E+01 m     0.280000E+01 m
 
    and in SI units
    start point:   0.140400E+00 m     0.917000E+00 m     0.000000E+00 m
    end   point:   0.729000E+00 m     0.116000E+01 m     0.280000E+01 m
    for strut number:    3
    start point:   0.140400E+00 m    -0.917000E+00 m     0.000000E+00 m
    end   point:   0.729000E+00 m    -0.116000E+01 m     0.280000E+01 m
 
    and in SI units
    start point:   0.140400E+00 m    -0.917000E+00 m     0.000000E+00 m
    end   point:   0.729000E+00 m    -0.116000E+01 m     0.280000E+01 m
    for strut number:    4
    start point:   0.865000E+00 m     0.212850E+01 m    -0.250000E+00 m
    end   point:   0.000000E+00 m     0.152730E+00 m     0.290000E+01 m
 
    and in SI units
    start point:   0.865000E+00 m     0.212850E+01 m    -0.250000E+00 m
    end   point:   0.000000E+00 m     0.152730E+00 m     0.290000E+01 m
    for strut number:    5
    start point:   0.865000E+00 m    -0.212850E+01 m    -0.250000E+00 m
    end   point:   0.000000E+00 m    -0.152730E+00 m     0.290000E+01 m
 
    and in SI units
    start point:   0.865000E+00 m    -0.212850E+01 m    -0.250000E+00 m
    end   point:   0.000000E+00 m    -0.152730E+00 m     0.290000E+01 m
    for strut number:    6
    start point:   0.899900E+00 m     0.217400E+01 m    -0.250000E+00 m
    end   point:   0.800000E+00 m     0.113000E+01 m     0.280000E+01 m
 
    and in SI units
    start point:   0.899900E+00 m     0.217400E+01 m    -0.250000E+00 m
    end   point:   0.800000E+00 m     0.113000E+01 m     0.280000E+01 m
    for strut number:    7
    start point:   0.899900E+00 m    -0.217400E+01 m    -0.250000E+00 m
    end   point:   0.800000E+00 m    -0.113000E+01 m     0.280000E+01 m
 
    and in SI units
    start point:   0.899900E+00 m    -0.217400E+01 m    -0.250000E+00 m
    end   point:   0.800000E+00 m    -0.113000E+01 m     0.280000E+01 m
    for strut number:    8
    start point:   0.944800E+00 m     0.221000E+01 m    -0.300000E+00 m
    end   point:   0.207000E+01 m     0.990000E+00 m     0.270000E+01 m
 
    and in SI units
    start point:   0.944800E+00 m     0.221000E+01 m    -0.300000E+00 m
    end   point:   0.207000E+01 m     0.990000E+00 m     0.270000E+01 m
    for strut number:    9
    start point:   0.944800E+00 m    -0.221000E+01 m    -0.300000E+00 m
    end   point:   0.207000E+01 m    -0.990000E+00 m     0.270000E+01 m
 
    and in SI units
    start point:   0.944800E+00 m    -0.221000E+01 m    -0.300000E+00 m
    end   point:   0.207000E+01 m    -0.990000E+00 m     0.270000E+01 m
    for strut number:   10
    start point:   0.228900E+01 m     0.293300E+01 m    -0.650000E+00 m
    end   point:   0.872000E+00 m     0.115000E+01 m     0.280000E+01 m
 
    and in SI units
    start point:   0.228900E+01 m     0.293300E+01 m    -0.650000E+00 m
    end   point:   0.872000E+00 m     0.115000E+01 m     0.280000E+01 m
    for strut number:   11
    start point:   0.228900E+01 m    -0.293300E+01 m    -0.650000E+00 m
    end   point:   0.872000E+00 m    -0.115000E+01 m     0.280000E+01 m
 
    and in SI units
    start point:   0.228900E+01 m    -0.293300E+01 m    -0.650000E+00 m
    end   point:   0.872000E+00 m    -0.115000E+01 m     0.280000E+01 m
 
 
  *** Object name:  ata01_strut_pos_coor
  *** Class name :  coor_sys_grasp_angles
  *** Message    :  Object created
 
 
 
  *** Object name:  ata01_strut_pos_coor
  *** Class name :  coor_sys_grasp_angles
  *** Message    :  New values in object
 
  Base name : ata01_strut_coor
  Theta  :   -15.000000 deg.
  Phi    :     0.000000 deg.
  Calculated axes:
  X_axis :     0.965926   -0.000000    0.258819
  Y_axis :    -0.000000    1.000000    0.000000
  Z_axis :    -0.258819   -0.000000    0.965926
 
 
  *** Object name:  strut_analysis_circ_cross
  *** Class name :  strut_analysis_circ_cross
  *** Message    :  Object created
 
 
 
  *** Object name:  strut_analysis_circ_cross
  *** Class name :  strut_analysis_circ_cross
  *** Message    :  New values in object
 
  Frequency : ata01_frequencies
  Scatterer : circular_struts
 
 
  *** Object name:  ata01_main_shield_po
  *** Class name :  po_single_face_scatterer
  *** Message    :  Object created
 
 
 
  *** Object name:  ata01_main_shield_po
  *** Class name :  po_single_face_scatterer
  *** Message    :  New values in object
 
  Frequency : ata01_frequencies
  Scatterer : ata01_main_shield
  Coordinate system : ata01_global_coor
 
 
  *** Object name:  ata01_sub_shield_po
  *** Class name :  po_single_face_scatterer
  *** Message    :  Object created
 
 
 
  *** Object name:  ata01_sub_shield_po
  *** Class name :  po_single_face_scatterer
  *** Message    :  New values in object
 
  Frequency : ata01_frequencies
  Scatterer : ata01_sub_shield
  Coordinate system : ata01_global_coor
 
 
  *** Object name:  view_1
  *** Class name :  view
  *** Message    :  Object created
 
 
 
  *** Object name:  view_1
  *** Class name :  view
  *** Message    :  New values in object
 
 
  Number of objects :      6
 
  Definition of objects   :
   No.  Name
     1  view_1_reflector_plot
     2  view_1_coor_sys_plot
     3  view_1_feed_plot
     4  view_1_output_points_plot
     5  rays_from_point_sources
     6  view_1_circular_struts_plot
 
 
 
  *** Object name:  view_1_reflector_plot
  *** Class name :  reflector_plot
  *** Message    :  Object created
 
 
 
  *** Object name:  view_1_reflector_plot
  *** Class name :  reflector_plot
  *** Message    :  Definition of reflector_plot
 
 
 
  *** Object name:  view_1_coor_sys_plot
  *** Class name :  coor_sys_plot
  *** Message    :  Object created
 
 
 
  *** Object name:  view_1_coor_sys_plot
  *** Class name :  coor_sys_plot
  *** Message    :  Definition of coor_sys_plot
 
 
 
  *** Object name:  view_1_feed_plot
  *** Class name :  feed_plot
  *** Message    :  Object created
 
 
 
  *** Object name:  view_1_feed_plot
  *** Class name :  feed_plot
  *** Message    :  Definition of feed_plot
 
 
 
  *** Object name:  view_1_output_points_plot
  *** Class name :  output_points_plot
  *** Message    :  Object created
 
 
 
  *** Object name:  view_1_output_points_plot
  *** Class name :  output_points_plot
  *** Message    :  Definition of output_points_plot
 
 
 
  *** Object name:  rays_from_point_sources
  *** Class name :  rays_from_point_sources
  *** Message    :  Object created
 
 
 
  *** Object name:  rays_from_point_sources
  *** Class name :  rays_from_point_sources
  *** Message    :  Definition of ray_plot
 
 
  Theta range : start -42.00000    end  42.00000    points    42
 
  Phi range : start   0.00000    end  90.00000    points     1
 
  Ray path range :
  Start:    0.00000 m
  End  :    20.0000 m
   and in SI units
  Start:    0.00000     meter
  End  :    20.0000     meter
 
  number of objects: 1
 
    No.  Plot objects
     1   hybrid_mode_conical_horn
 
 
  *** Object name:  view_1_circular_struts_plot
  *** Class name :  circular_struts_plot
  *** Message    :  Object created
 
 
 
  *** Object name:  view_1_circular_struts_plot
  *** Class name :  circular_struts_plot
  *** Message    :  Definition of circular_struts_plot
 
 Program started at 11:47:20 on 12 June 2019
 
 
 ----- TASK No. 1 -----     Started at 11:47:20 on June 12, 2019
 ata01_sub_po get_currents ( source : sequence(ref(ata01_feed)),
 auto_convergence_of_po : on, convergence_on_scatterer :
 sequence(ref(ata01_main_reflector), ref(ata01_main_shield),
 ref(ata01_sub_shield)), convergence_on_output_grid : sequence(ref(ata01_cut)))
 
 
  *** Object name:  ata01_sub_po
  *** Class name :  po_single_face_scatterer
  *** Message    :  Get_currents message received
 
  Source : ata01_feed
  PO-auto-convergence selection : on
  Convergence test on scatterer object : ata01_main_reflector
  Convergence test on scatterer object : ata01_main_shield
  Convergence test on scatterer object : ata01_sub_shield
  Convergence test on output grid : ata01_cut
 
 
  *** Object name:  ata01_sub_po
  *** Class name :  po_single_face_scatterer
  *** Message    :  Initialization
 
 
  Auto-convergence with desired accuracy of -80.00 dB.
 
  Face 1:
  Max. values: po1/po2 = 2930/7040
 
 PO convergence
  Test-grid  Ref-grid    Freq  Beam  Grid       P_max   P_level  Accuracy
    po1/po2   po1/po2                           [dBi]     [dBi]      [dB]
      20/10     10/10       1     1     1      -23.38    -23.38      2.41
      20/10     10/10       1     1     2      -19.08    -19.08      0.93
      20/10     10/10       1     1     3      -10.79    -10.79      2.05
      20/10     10/10       1     1     4       39.39     39.39      0.39
      40/10     20/10       1     1     1      -26.97    -26.97      3.57
      40/10     20/10       1     1     2      -22.84    -22.84      1.91
      40/10     20/10       1     1     3      -11.69    -11.69     -0.22
      40/10     20/10       1     1     4       33.94     33.94     -0.44
      80/10     40/10       1     1     1      -31.32    -31.32      1.45
      80/10     40/10       1     1     2      -27.37    -27.37     -2.08
      80/10     40/10       1     1     3      -16.41    -16.41      3.55
      80/10     40/10       1     1     4       29.09     29.09      6.28
     160/10     80/10       1     1     1      -32.39    -32.39   -161.10  *
     160/10     80/10       1     1     2      -32.58    -32.58   -105.16  *
     160/10     80/10       1     1     3      -18.24    -18.24     -1.71
     160/10     80/10       1     1     4       30.27     30.27     -1.56
     320/10    160/10       1     1     3      -27.18    -27.18   -205.79  *
     320/10    160/10       1     1     4       28.23     28.23   -235.13  *
     120/10    320/10       1     1     3      -27.18    -27.18   -136.54  *
     120/10    320/10       1     1     4       28.23     28.23   -141.11  *
     100/10    320/10       1     1     3      -27.18    -27.18     -6.65
     100/10    320/10       1     1     4       28.23     28.23    -19.99
     110/10    320/10       1     1     3      -27.18    -27.18    -51.76
     110/10    320/10       1     1     4       28.23     28.23    -60.25
     115/10    320/10       1     1     3      -27.18    -27.18    -89.70  *
     115/10    320/10       1     1     4       28.23     28.23    -96.27  *
     113/10    320/10       1     1     3      -27.18    -27.18    -73.34
     113/10    320/10       1     1     4       28.23     28.23    -80.68  *
 
 PO convergence
  Test-grid  Ref-grid    Freq  Beam  Grid       P_max   P_level  Accuracy
    po1/po2   po1/po2                           [dBi]     [dBi]      [dB]
      10/20     10/10       1     1     1      -23.38    -23.38      2.56
      10/20     10/10       1     1     2      -19.08    -19.08      0.32
      10/20     10/10       1     1     3      -10.79    -10.79      1.65
      10/20     10/10       1     1     4       39.39     39.39     -1.31
      10/40     10/20       1     1     1      -24.46    -24.46      0.17
      10/40     10/20       1     1     2      -22.61    -22.61      1.53
      10/40     10/20       1     1     3      -13.10    -13.10      2.26
      10/40     10/20       1     1     4       33.04     33.04      2.04
      10/80     10/40       1     1     1      -25.71    -25.71      0.63
      10/80     10/40       1     1     2      -24.19    -24.19      0.05
      10/80     10/40       1     1     3      -15.67    -15.67     -1.96
      10/80     10/40       1     1     4       32.70     32.70     -1.78
     10/160     10/80       1     1     1      -27.64    -27.64     -7.05
     10/160     10/80       1     1     2      -27.97    -27.97     -0.45
     10/160     10/80       1     1     3      -19.54    -19.54      1.67
     10/160     10/80       1     1     4       31.58     31.58     -0.77
     10/320    10/160       1     1     1      -27.64    -27.64    -18.04
     10/320    10/160       1     1     2      -30.68    -30.68     -6.11
     10/320    10/160       1     1     3      -22.15    -22.15     -0.88
     10/320    10/160       1     1     4       31.44     31.44     -6.83
     10/640    10/320       1     1     1      -27.64    -27.64   -263.18  *
     10/640    10/320       1     1     2      -33.98    -32.58   -258.98  *
     10/640    10/320       1     1     3      -27.44    -27.18     -4.30
     10/640    10/320       1     1     4       31.44     31.44    -21.14
    10/1280    10/640       1     1     3      -28.30    -27.18   -145.37  *
    10/1280    10/640       1     1     4       31.44     31.44   -265.27  *
     10/480   10/1280       1     1     3      -28.30    -27.18    -94.92  *
     10/480   10/1280       1     1     4       31.44     31.44   -266.79  *
     10/400   10/1280       1     1     3      -28.30    -27.18    -62.73
     10/400   10/1280       1     1     4       31.44     31.44   -198.79  *
     10/440   10/1280       1     1     3      -28.30    -27.18    -80.36  *
     10/420   10/1280       1     1     3      -28.30    -27.18    -72.34
     10/420   10/1280       1     1     4       31.44     31.44   -266.40  *
     10/430   10/1280       1     1     3      -28.30    -27.18    -76.44
  PO1 =  115  PO2 =  440  Face =    1, Final PO-values from auto-convergence
 
  Edge 1:
  Max. value: ptd = 7040
 
 PO convergence
  Test-grid  Ref-grid    Freq  Beam  Grid       P_max   P_level  Accuracy
        ptd       ptd                           [dBi]     [dBi]      [dB]
         20        10       1     1     1      -74.86    -27.64    -47.23
         20        10       1     1     2      -72.40    -32.58    -41.58
         20        10       1     1     3      -43.92    -27.18    -20.75
         20        10       1     1     4       -7.87     31.44    -42.30
         40        20       1     1     1      -75.79    -27.64    -48.25
         40        20       1     1     2      -74.94    -32.58    -45.34
         40        20       1     1     3      -48.56    -27.18    -27.20
         40        20       1     1     4      -10.49     31.44    -45.55
         80        40       1     1     1      -78.07    -27.64    -53.32
         80        40       1     1     2      -77.75    -32.58    -50.16
         80        40       1     1     3      -54.42    -27.18    -31.04
         80        40       1     1     4      -11.32     31.44    -48.05
        160        80       1     1     1      -78.39    -27.64    -55.98
        160        80       1     1     2      -79.76    -32.58    -54.35
        160        80       1     1     3      -58.62    -27.18    -34.25
        160        80       1     1     4      -11.80     31.44    -45.44
        320       160       1     1     1      -78.50    -27.64    -51.00
        320       160       1     1     2      -79.35    -32.58    -47.70
        320       160       1     1     3      -62.30    -27.18    -38.24
        320       160       1     1     4      -19.36     31.44    -57.78
        640       320       1     1     1      -81.63    -27.64   -319.81  *
        640       320       1     1     2      -91.64    -32.58   -313.21  *
        640       320       1     1     3      -63.62    -27.18    -37.48
        640       320       1     1     4      -19.36     31.44    -61.67
       1280       640       1     1     3      -70.83    -27.18    -96.81  *
       1280       640       1     1     4      -19.36     31.44   -155.24  *
        480      1280       1     1     3      -70.83    -27.18    -73.74
        480      1280       1     1     4      -19.36     31.44   -137.93  *
        560      1280       1     1     3      -70.83    -27.18    -85.52  *
        520      1280       1     1     3      -70.83    -27.18    -79.72
        520      1280       1     1     4      -19.36     31.44   -141.97  *
        540      1280       1     1     3      -70.83    -27.18    -82.70  *
        530      1280       1     1     3      -70.83    -27.18    -81.22  *
        530      1280       1     1     4      -19.36     31.44   -143.43  *
  PTD =  530              Edge =    1, Final PTD-value from auto-convergence.
 
 ----- TASK No. 2 -----     Started at 11:47:24 on June 12, 2019
 ata01_main_po get_currents ( source : sequence(ref(ata01_sub_po),
 ref(ata01_feed)), auto_convergence_of_po : on, convergence_on_scatterer :
 sequence(ref(ata01_main_shield), ref(ata01_sub_shield), ref(circular_struts)),
 convergence_on_output_grid : sequence(ref(ata01_cut)))
 
 
  *** Object name:  ata01_main_po
  *** Class name :  po_single_face_scatterer
  *** Message    :  Get_currents message received
 
  Source : ata01_sub_po
  Source : ata01_feed
  PO-auto-convergence selection : on
  Convergence test on scatterer object : ata01_main_shield
  Convergence test on scatterer object : ata01_sub_shield
  Convergence test on scatterer object : circular_struts
  Convergence test on output grid : ata01_cut
 
 
  *** Object name:  ata01_main_po
  *** Class name :  po_single_face_scatterer
  *** Message    :  Initialization
 
 
  Auto-convergence with desired accuracy of -80.00 dB.
 
  Face 1:
  Max. values: po1/po2 = 7440/17870
 
  Name of currents file: tmp_0003
 
  Control values found in the file:
    No. of frequencies: 1
    No. of beams      : 1
    No. of faces      : 1
    No. of edges      : 1
    No. of gaps       : 0
 
  Frequency number  1 :  11.000 GHz
 
    Face No.      PO1       PO2     Partitions
          1       115       440         1
 
    Edge No.     PTD1
          1       530
 
 
 PO convergence
  Test-grid  Ref-grid    Freq  Beam  Grid       P_max   P_level  Accuracy
    po1/po2   po1/po2                           [dBi]     [dBi]      [dB]
      20/10     10/10       1     1     1       -7.66     -7.66      0.85
      20/10     10/10       1     1     2      -14.92    -14.92      2.13
      20/10     10/10       1     1     3      -13.68    -13.68      0.78
      20/10     10/10       1     1     4       55.76     55.76     -8.98
      40/10     20/10       1     1     1      -12.52    -12.52      1.03
      40/10     20/10       1     1     2      -18.39    -18.39      2.15
      40/10     20/10       1     1     3      -15.91    -15.91      1.80
      40/10     20/10       1     1     4       55.66     55.66    -10.22
      80/10     40/10       1     1     1      -15.48    -15.48      0.72
      80/10     40/10       1     1     2      -19.79    -19.79      1.64
      80/10     40/10       1     1     3      -18.67    -18.67      1.85
      80/10     40/10       1     1     4       55.71     55.71    -16.85
     160/10     80/10       1     1     1      -18.81    -18.81      3.02
     160/10     80/10       1     1     2      -22.42    -22.42      0.18
     160/10     80/10       1     1     3      -18.60    -18.60      2.67
     160/10     80/10       1     1     4       55.70     55.70    -17.76
     320/10    160/10       1     1     1      -20.26    -20.26     -0.07
     320/10    160/10       1     1     2      -26.28    -26.28      0.87
     320/10    160/10       1     1     3      -23.76    -23.76     -1.02
     320/10    160/10       1     1     4       55.70     55.70    -16.93
     640/10    320/10       1     1     1      -25.47    -25.47     -3.23
     640/10    320/10       1     1     2      -29.51    -29.51     -4.20
     640/10    320/10       1     1     3      -30.94    -30.94     -4.43
     640/10    320/10       1     1     4       55.70     55.70    -23.21
    1280/10    640/10       1     1     1      -25.47    -25.47   -176.91  *
    1280/10    640/10       1     1     2      -30.77    -30.77   -198.62  *
    1280/10    640/10       1     1     3      -33.70    -33.70   -191.16  *
    1280/10    640/10       1     1     4       55.70     55.70   -224.40  *
     480/10   1280/10       1     1     1      -25.47    -25.47   -175.73  *
     480/10   1280/10       1     1     2      -30.77    -30.77   -197.43  *
     480/10   1280/10       1     1     3      -33.70    -33.70   -189.98  *
     480/10   1280/10       1     1     4       55.70     55.70   -194.50  *
     400/10   1280/10       1     1     1      -25.47    -25.47    -14.66
     400/10   1280/10       1     1     2      -30.77    -30.77    -69.75
     400/10   1280/10       1     1     3      -33.70    -33.70     -7.20
     400/10   1280/10       1     1     4       55.70     55.70    -37.47
     440/10   1280/10       1     1     1      -25.47    -25.47    -65.83
     440/10   1280/10       1     1     2      -30.77    -30.77   -197.21  *
     440/10   1280/10       1     1     3      -33.70    -33.70    -59.47
     440/10   1280/10       1     1     4       55.70     55.70    -73.26
     460/10   1280/10       1     1     1      -25.47    -25.47   -120.11  *
     460/10   1280/10       1     1     3      -33.70    -33.70   -114.78  *
     460/10   1280/10       1     1     4       55.70     55.70   -123.35  *
     450/10   1280/10       1     1     1      -25.47    -25.47    -87.83  *
     450/10   1280/10       1     1     2      -30.77    -30.77   -197.27  *
     450/10   1280/10       1     1     3      -33.70    -33.70    -81.16  *
     450/10   1280/10       1     1     4       55.70     55.70   -100.38  *
 
 PO convergence
  Test-grid  Ref-grid    Freq  Beam  Grid       P_max   P_level  Accuracy
    po1/po2   po1/po2                           [dBi]     [dBi]      [dB]
      10/20     10/10       1     1     1       -7.66     -7.66      0.20
      10/20     10/10       1     1     2      -14.92    -14.92      3.37
      10/20     10/10       1     1     3      -13.68    -13.68      0.39
      10/20     10/10       1     1     4       55.76     55.76     -9.86
      10/40     10/20       1     1     1      -13.04    -13.04      0.96
      10/40     10/20       1     1     2      -17.21    -17.21      1.74
      10/40     10/20       1     1     3      -18.42    -18.42      3.00
      10/40     10/20       1     1     4       55.75     55.75    -12.04
      10/80     10/40       1     1     1      -15.94    -15.94      1.52
      10/80     10/40       1     1     2      -18.28    -18.28      0.38
      10/80     10/40       1     1     3      -18.88    -18.88      1.22
      10/80     10/40       1     1     4       55.73     55.73    -14.70
     10/160     10/80       1     1     1      -17.43    -17.43      1.10
     10/160     10/80       1     1     2      -22.29    -22.29      0.61
     10/160     10/80       1     1     3      -23.26    -23.26      2.90
     10/160     10/80       1     1     4       55.73     55.73    -16.46
     10/320    10/160       1     1     1      -21.80    -21.80      2.94
     10/320    10/160       1     1     2      -25.48    -25.48      1.46
     10/320    10/160       1     1     3      -25.81    -25.81      2.03
     10/320    10/160       1     1     4       55.73     55.73    -17.96
     10/640    10/320       1     1     1      -24.12    -24.12      0.53
     10/640    10/320       1     1     2      -28.56    -28.56     -0.02
     10/640    10/320       1     1     3      -27.05    -27.05      0.51
     10/640    10/320       1     1     4       55.73     55.73    -25.50
    10/1280    10/640       1     1     1      -26.17    -25.47     -2.65
    10/1280    10/640       1     1     2      -30.34    -30.34     -2.60
    10/1280    10/640       1     1     3      -30.00    -30.00     -1.30
    10/1280    10/640       1     1     4       55.73     55.73    -28.60
    10/2560   10/1280       1     1     1      -31.35    -25.47    -26.74
    10/2560   10/1280       1     1     2      -37.26    -30.77    -85.05  *
    10/2560   10/1280       1     1     3      -35.44    -33.70    -25.73
    10/2560   10/1280       1     1     4       55.73     55.73    -60.49
    10/5120   10/2560       1     1     1      -31.37    -25.47   -118.57  *
    10/5120   10/2560       1     1     3      -35.45    -33.70   -112.73  *
    10/5120   10/2560       1     1     4       55.73     55.73   -118.31  *
    10/1920   10/5120       1     1     1      -31.37    -25.47   -118.57  *
    10/1920   10/5120       1     1     3      -35.45    -33.70   -112.73  *
    10/1920   10/5120       1     1     4       55.73     55.73   -118.31  *
    10/1600   10/5120       1     1     1      -31.37    -25.47   -116.24  *
    10/1600   10/5120       1     1     3      -35.45    -33.70   -112.73  *
    10/1600   10/5120       1     1     4       55.73     55.73   -118.31  *
    10/1440   10/5120       1     1     1      -31.37    -25.47    -69.32
    10/1440   10/5120       1     1     3      -35.45    -33.70    -67.32
    10/1440   10/5120       1     1     4       55.73     55.73   -108.23  *
    10/1520   10/5120       1     1     1      -31.37    -25.47   -102.05  *
    10/1520   10/5120       1     1     3      -35.45    -33.70   -112.73  *
    10/1480   10/5120       1     1     1      -31.37    -25.47    -79.82
    10/1480   10/5120       1     1     3      -35.45    -33.70    -76.97
    10/1480   10/5120       1     1     4       55.73     55.73   -118.31  *
  PO1 =  450  PO2 = 1520  Face =    1, Final PO-values from auto-convergence
 
  Edge 1:
  Max. value: ptd = 17870
 
 PO convergence
  Test-grid  Ref-grid    Freq  Beam  Grid       P_max   P_level  Accuracy
        ptd       ptd                           [dBi]     [dBi]      [dB]
         20        10       1     1     1      -46.13    -25.47    -26.77
         20        10       1     1     2      -80.47    -30.77    -50.75
         20        10       1     1     3      -70.57    -33.70    -41.09
         20        10       1     1     4      -16.61     55.73    -74.88
         40        20       1     1     1      -52.05    -25.47    -31.06
         40        20       1     1     2      -83.45    -30.77    -54.38
         40        20       1     1     3      -76.53    -33.70    -42.70
         40        20       1     1     4      -19.96     55.73    -77.69
         80        40       1     1     1      -56.76    -25.47    -36.67
         80        40       1     1     2      -85.57    -30.77    -57.66
         80        40       1     1     3      -79.65    -33.70    -47.07
         80        40       1     1     4      -22.25     55.73    -79.76
        160        80       1     1     1      -62.16    -25.47    -42.82
        160        80       1     1     2      -88.31    -30.77    -60.31
        160        80       1     1     3      -81.11    -33.70    -48.64
        160        80       1     1     4      -24.79     55.73    -85.15  *
        320       160       1     1     1      -68.03    -25.47    -46.10
        320       160       1     1     2      -91.61    -30.77    -62.94
        320       160       1     1     3      -84.52    -33.70    -53.50
        320       160       1     1     4      -25.43     55.73    -82.42  *
        640       320       1     1     1      -72.95    -25.47    -51.96
        640       320       1     1     2      -95.21    -30.77    -66.91
        640       320       1     1     3      -87.27    -33.70    -59.41
        640       320       1     1     4      -25.89     55.73    -90.60  *
       1280       640       1     1     1      -74.90    -25.47    -49.71
       1280       640       1     1     2      -98.87    -30.77    -69.23
       1280       640       1     1     3      -86.53    -33.70    -52.95
       1280       640       1     1     4      -25.89     55.73    -90.70  *
       2560      1280       1     1     1      -82.95    -25.47    -62.56
       2560      1280       1     1     2     -106.20    -30.77   -113.78  *
       2560      1280       1     1     3      -95.45    -33.70    -62.81
       2560      1280       1     1     4      -25.89     55.73   -103.55  *
       5120      2560       1     1     1      -83.53    -25.47    -99.40  *
       5120      2560       1     1     3     -101.57    -33.70   -317.36  *
       1920      5120       1     1     1      -83.53    -25.47    -82.24  *
       1920      5120       1     1     3     -101.57    -33.70   -276.94  *
       1600      5120       1     1     1      -83.53    -25.47    -73.12
       1600      5120       1     1     3     -101.57    -33.70   -192.70  *
       1760      5120       1     1     1      -83.53    -25.47    -77.78
       1840      5120       1     1     1      -83.53    -25.47    -80.06  *
       1800      5120       1     1     1      -83.53    -25.47    -78.92
       1800      5120       1     1     3     -101.57    -33.70   -249.28  *
  PTD = 1840              Edge =    1, Final PTD-value from auto-convergence.
 
 ----- TASK No. 3 -----     Started at 11:48:41 on June 12, 2019
 ata01_sub_shield_po get_currents ( source : sequence(ref(ata01_sub_po),
 ref(ata01_feed), ref(ata01_main_po)), auto_convergence_of_po : on,
 convergence_on_scatterer : sequence(ref(ata01_main_shield),
 ref(circular_struts)), convergence_on_output_grid : sequence(ref(ata01_cut)))
 
 
  *** Object name:  ata01_sub_shield_po
  *** Class name :  po_single_face_scatterer
  *** Message    :  Get_currents message received
 
  Source : ata01_sub_po
  Source : ata01_feed
  Source : ata01_main_po
  PO-auto-convergence selection : on
  Convergence test on scatterer object : ata01_main_shield
  Convergence test on scatterer object : circular_struts
  Convergence test on output grid : ata01_cut
 
 
  *** Object name:  ata01_sub_shield_po
  *** Class name :  po_single_face_scatterer
  *** Message    :  Initialization
 
 
  Auto-convergence with desired accuracy of -80.00 dB.
 
  Face 1:
  Max. values: po1/po2 = 100/100
 
  Name of currents file: tmp_0003
 
  Control values found in the file:
    No. of frequencies: 1
    No. of beams      : 1
    No. of faces      : 1
    No. of edges      : 1
    No. of gaps       : 0
 
  Frequency number  1 :  11.000 GHz
 
    Face No.      PO1       PO2     Partitions
          1       115       440         1
 
    Edge No.     PTD1
          1       530
 
 
  Name of currents file: tmp_0004
 
  Control values found in the file:
    No. of frequencies: 1
    No. of beams      : 1
    No. of faces      : 1
    No. of edges      : 1
    No. of gaps       : 0
 
  Frequency number  1 :  11.000 GHz
 
    Face No.      PO1       PO2     Partitions
          1       450      1520         1
 
    Edge No.     PTD1
          1      1840
 
 
 PO convergence
  Test-grid  Ref-grid    Freq  Beam  Grid       P_max   P_level  Accuracy
    po1/po2   po1/po2                           [dBi]     [dBi]      [dB]
        2/1       1/1       1     1     1      -48.01    -48.01      3.93
        2/1       1/1       1     1     2      -33.06    -33.06      4.63
        2/1       1/1       1     1     3        4.06      4.06      6.97
        4/1       2/1       1     1     1      -50.64    -50.64      0.86
        4/1       2/1       1     1     2      -35.89    -35.89      1.68
        4/1       2/1       1     1     3        6.86      6.86     -0.38
        8/1       4/1       1     1     1      -58.48    -58.48     -4.37
        8/1       4/1       1     1     2      -40.76    -40.76     -5.58
        8/1       4/1       1     1     3        1.79      1.79     -5.98
       16/1       8/1       1     1     1      -58.72    -58.72    -96.29  *
       16/1       8/1       1     1     2      -39.81    -39.81    -82.92  *
       16/1       8/1       1     1     3        1.54      1.54    -78.38
       32/1      16/1       1     1     3        1.54      1.54   -100.86  *
       12/1      32/1       1     1     3        1.54      1.54   -100.07  *
       10/1      32/1       1     1     3        1.54      1.54   -100.56  *
        9/1      32/1       1     1     3        1.54      1.54   -100.05  *
 
 PO convergence
  Test-grid  Ref-grid    Freq  Beam  Grid       P_max   P_level  Accuracy
    po1/po2   po1/po2                           [dBi]     [dBi]      [dB]
        1/2       1/1       1     1     1      -48.01    -48.01     -2.38
        1/2       1/1       1     1     2      -33.06    -33.06      2.07
        1/2       1/1       1     1     3        4.06      4.06      3.32
        1/4       1/2       1     1     1      -53.54    -53.54    -10.35
        1/4       1/2       1     1     2      -39.35    -39.35      0.76
        1/4       1/2       1     1     3        1.95      1.95     -1.55
        1/8       1/4       1     1     1      -54.08    -54.08    -30.78
        1/8       1/4       1     1     2      -43.43    -39.81    -19.51
        1/8       1/4       1     1     3        2.61      2.61    -23.97
       1/16       1/8       1     1     1      -53.99    -53.99   -117.59  *
       1/16       1/8       1     1     2      -43.29    -39.81   -101.17  *
       1/16       1/8       1     1     3        2.61      2.61   -101.47  *
        1/6      1/16       1     1     1      -53.99    -53.99    -75.60
        1/6      1/16       1     1     2      -43.29    -39.81    -52.07
        1/6      1/16       1     1     3        2.61      2.61    -47.81
        1/7      1/16       1     1     1      -53.99    -53.99    -99.30  *
        1/7      1/16       1     1     2      -43.29    -39.81    -76.01
        1/7      1/16       1     1     3        2.61      2.61    -72.31
  PO1 =    9  PO2 =    8  Face =    1, Final PO-values from auto-convergence of advanced mesh.
 
  Edge 1:
  Max. value: ptd = 8130
 
 PO convergence
  Test-grid  Ref-grid    Freq  Beam  Grid       P_max   P_level  Accuracy
        ptd       ptd                           [dBi]     [dBi]      [dB]
         20        10       1     1     1      -74.38    -53.99    -22.75
         20        10       1     1     2      -53.76    -39.81    -19.36
         20        10       1     1     3      -16.65      2.61    -22.73
         40        20       1     1     1      -75.74    -53.99    -25.21
         40        20       1     1     2      -59.08    -39.81    -25.07
         40        20       1     1     3      -19.98      2.61    -23.23
         80        40       1     1     1      -80.14    -53.99    -27.52
         80        40       1     1     2      -62.38    -39.81    -25.98
         80        40       1     1     3      -19.90      2.61    -26.60
        160        80       1     1     1      -83.10    -53.99    -35.50
        160        80       1     1     2      -64.68    -39.81    -28.70
        160        80       1     1     3      -24.91      2.61    -32.65
        320       160       1     1     1      -86.40    -53.99    -33.15
        320       160       1     1     2      -66.99    -39.81    -33.99
        320       160       1     1     3      -24.48      2.61    -28.26
        640       320       1     1     1      -93.96    -53.99    -62.57
        640       320       1     1     2      -70.45    -39.81    -33.42
        640       320       1     1     3      -25.52      2.61    -35.98
       1280       640       1     1     1      -94.18    -53.99    -72.68
       1280       640       1     1     2      -76.54    -39.81    -74.00
       1280       640       1     1     3      -25.51      2.61    -71.05
       2560      1280       1     1     1      -94.17    -53.99    -80.31  *
       2560      1280       1     1     2      -76.54    -39.81    -79.50
       2560      1280       1     1     3      -25.51      2.61    -80.82  *
       5120      2560       1     1     2      -76.53    -39.81    -86.36  *
       1920      5120       1     1     2      -76.53    -39.81    -81.79  *
       1600      5120       1     1     2      -76.53    -39.81    -78.60
       1760      5120       1     1     2      -76.53    -39.81    -80.07  *
       1680      5120       1     1     2      -76.53    -39.81    -80.03  *
       1640      5120       1     1     2      -76.53    -39.81    -81.16  *
  PTD = 1640              Edge =    1, Final PTD-value from auto-convergence.
 
  Edge 2:
  Max. value: ptd = 7040
 
 PO convergence
  Test-grid  Ref-grid    Freq  Beam  Grid       P_max   P_level  Accuracy
        ptd       ptd                           [dBi]     [dBi]      [dB]
         20        10       1     1     1      -66.93    -53.99    -14.63
         20        10       1     1     2      -43.63    -39.81     -9.83
         20        10       1     1     3       -6.82      2.61    -12.07
         40        20       1     1     1      -69.49    -53.99    -18.93
         40        20       1     1     2      -49.48    -39.81    -13.16
         40        20       1     1     3       -8.94      2.61    -13.43
         80        40       1     1     1      -71.72    -53.99    -23.13
         80        40       1     1     2      -55.04    -39.81    -19.50
         80        40       1     1     3      -12.31      2.61    -16.90
        160        80       1     1     1      -74.31    -53.99    -27.17
        160        80       1     1     2      -58.51    -39.81    -19.51
        160        80       1     1     3      -13.74      2.61    -17.76
        320       160       1     1     1      -74.38    -53.99    -21.52
        320       160       1     1     2      -60.49    -39.81    -22.67
        320       160       1     1     3      -18.69      2.61    -24.12
        640       320       1     1     1      -82.88    -53.99    -38.16
        640       320       1     1     2      -66.26    -39.81    -31.83
        640       320       1     1     3      -21.11      2.61    -26.90
       1280       640       1     1     1      -85.15    -53.99    -42.55
       1280       640       1     1     2      -67.25    -39.81    -37.27
       1280       640       1     1     3      -21.36      2.61    -35.84
       2560      1280       1     1     1      -86.14    -53.99    -47.04
       2560      1280       1     1     2      -68.33    -39.81    -47.26
       2560      1280       1     1     3      -21.41      2.61    -44.32
       5120      2560       1     1     1      -86.72    -53.99    -52.67
       5120      2560       1     1     2      -68.45    -39.81    -53.32
       5120      2560       1     1     3      -21.35      2.61    -48.69
       7040      5120       1     1     1      -86.64    -53.99    -53.21
       7040      5120       1     1     2      -68.42    -39.81    -51.94
       7040      5120       1     1     3      -21.36      2.61    -46.89
      10240      7040       1     1     1      -86.49    -53.99    -52.91
      10240      7040       1     1     2      -68.40    -39.81    -55.97
      10240      7040       1     1     3      -21.48      2.61    -50.06
  PTD = 7040              Edge =    2, Grid limit reached (acc: -50 dB).
 
 ----- TASK No. 4 -----     Started at 11:54:52 on June 12, 2019
 ata01_main_shield_po get_currents ( source : sequence(ref(ata01_sub_po),
 ref(ata01_feed), ref(ata01_main_po)), auto_convergence_of_po : on,
 convergence_on_scatterer : sequence(ref(circular_struts)),
 convergence_on_output_grid : sequence(ref(ata01_cut)))
 
 
  *** Object name:  ata01_main_shield_po
  *** Class name :  po_single_face_scatterer
  *** Message    :  Get_currents message received
 
  Source : ata01_sub_po
  Source : ata01_feed
  Source : ata01_main_po
  PO-auto-convergence selection : on
  Convergence test on scatterer object : circular_struts
  Convergence test on output grid : ata01_cut
 
 
  *** Object name:  ata01_main_shield_po
  *** Class name :  po_single_face_scatterer
  *** Message    :  Initialization
 
 
  Auto-convergence with desired accuracy of -80.00 dB.
 
  Face 1:
  Max. values: po1/po2 = 100/100
 
  Name of currents file: tmp_0003
 
  Control values found in the file:
    No. of frequencies: 1
    No. of beams      : 1
    No. of faces      : 1
    No. of edges      : 1
    No. of gaps       : 0
 
  Frequency number  1 :  11.000 GHz
 
    Face No.      PO1       PO2     Partitions
          1       115       440         1
 
    Edge No.     PTD1
          1       530
 
 
  Name of currents file: tmp_0004
 
  Control values found in the file:
    No. of frequencies: 1
    No. of beams      : 1
    No. of faces      : 1
    No. of edges      : 1
    No. of gaps       : 0
 
  Frequency number  1 :  11.000 GHz
 
    Face No.      PO1       PO2     Partitions
          1       450      1520         1
 
    Edge No.     PTD1
          1      1840
 
 
 PO convergence
  Test-grid  Ref-grid    Freq  Beam  Grid       P_max   P_level  Accuracy
    po1/po2   po1/po2                           [dBi]     [dBi]      [dB]
        2/1       1/1       1     1     1      -48.78    -48.78      1.84
        2/1       1/1       1     1     2        0.45      0.45      3.96
        4/1       2/1       1     1     1      -53.06    -53.06      5.15
        4/1       2/1       1     1     2       -0.52     -0.52      1.03
        8/1       4/1       1     1     1      -52.51    -52.51     -3.93
        8/1       4/1       1     1     2       -6.55     -6.55     -2.38
       16/1       8/1       1     1     1      -56.87    -56.87    -31.16
       16/1       8/1       1     1     2       -5.87     -5.87    -36.10
       32/1      16/1       1     1     1      -56.86    -56.86    -61.33
       32/1      16/1       1     1     2       -5.83     -5.83    -49.79
       64/1      32/1       1     1     1      -56.86    -56.86    -67.84
       64/1      32/1       1     1     2       -5.82     -5.82    -56.67
      100/1      64/1       1     1     1      -56.86    -56.86    -94.37  *
      100/1      64/1       1     1     2       -5.83     -5.83    -87.59  *
       48/1     100/1       1     1     1      -56.86    -56.86    -70.80
       48/1     100/1       1     1     2       -5.83     -5.83    -59.56
       56/1     100/1       1     1     1      -56.86    -56.86    -69.25
       56/1     100/1       1     1     2       -5.83     -5.83    -58.22
       60/1     100/1       1     1     1      -56.86    -56.86    -79.11
       60/1     100/1       1     1     2       -5.83     -5.83    -68.13
       62/1     100/1       1     1     1      -56.86    -56.86    -74.32
       62/1     100/1       1     1     2       -5.83     -5.83    -63.24
       63/1     100/1       1     1     1      -56.86    -56.86    -78.54
       63/1     100/1       1     1     2       -5.83     -5.83    -67.37
 
 PO convergence
  Test-grid  Ref-grid    Freq  Beam  Grid       P_max   P_level  Accuracy
    po1/po2   po1/po2                           [dBi]     [dBi]      [dB]
        1/2       1/1       1     1     1      -48.78    -48.78      0.70
        1/2       1/1       1     1     2        0.45      0.45      2.18
        1/4       1/2       1     1     1      -53.89    -53.89      3.94
        1/4       1/2       1     1     2       -0.54     -0.54      0.11
        1/8       1/4       1     1     1      -53.58    -53.58     -0.90
        1/8       1/4       1     1     2       -0.11     -0.11     -8.36
       1/16       1/8       1     1     1      -58.63    -56.86    -39.66
       1/16       1/8       1     1     2       -0.15     -0.15    -72.48
       1/32      1/16       1     1     1      -58.62    -56.86    -96.60  *
       1/32      1/16       1     1     2       -0.15     -0.15   -119.86  *
       1/12      1/32       1     1     1      -58.62    -56.86    -68.28
       1/12      1/32       1     1     2       -0.15     -0.15   -117.83  *
       1/14      1/32       1     1     1      -58.62    -56.86    -82.62  *
       1/13      1/32       1     1     1      -58.62    -56.86    -75.47
       1/13      1/32       1     1     2       -0.15     -0.15   -119.01  *
  PO1 =   64  PO2 =   14  Face =    1, Final PO-values from auto-convergence of advanced mesh.
 
  Edge 1:
  Max. value: ptd = 21130
 
 PO convergence
  Test-grid  Ref-grid    Freq  Beam  Grid       P_max   P_level  Accuracy
        ptd       ptd                           [dBi]     [dBi]      [dB]
         20        10       1     1     1      -59.17    -56.86     -8.52
         20        10       1     1     2      -20.38     -0.15    -24.58
         40        20       1     1     1      -64.95    -56.86    -13.85
         40        20       1     1     2      -24.61     -0.15    -27.58
         80        40       1     1     1      -71.11    -56.86    -19.42
         80        40       1     1     2      -25.05     -0.15    -28.56
        160        80       1     1     1      -75.40    -56.86    -24.45
        160        80       1     1     2      -27.40     -0.15    -34.86
        320       160       1     1     1      -79.64    -56.86    -24.32
        320       160       1     1     2      -27.42     -0.15    -36.25
        640       320       1     1     1      -83.56    -56.86    -28.63
        640       320       1     1     2      -27.40     -0.15    -32.73
       1280       640       1     1     1      -86.95    -56.86    -31.88
       1280       640       1     1     2      -27.39     -0.15    -40.53
       2560      1280       1     1     1      -92.80    -56.86    -61.69
       2560      1280       1     1     2      -27.42     -0.15    -72.30
       5120      2560       1     1     1      -92.79    -56.86    -70.24
       5120      2560       1     1     2      -27.43     -0.15    -78.60
      10240      5120       1     1     1      -92.75    -56.86    -77.28
      10240      5120       1     1     2      -27.42     -0.15    -87.38  *
      20480     10240       1     1     1      -92.70    -56.86    -84.06  *
       7680     20480       1     1     1      -92.70    -56.86    -77.92
       8960     20480       1     1     1      -92.70    -56.86    -78.29
       9600     20480       1     1     1      -92.70    -56.86    -79.99
       9920     20480       1     1     1      -92.70    -56.86    -79.97
      10080     20480       1     1     1      -92.70    -56.86    -78.90
  PTD =10240              Edge =    1, Final PTD-value from auto-convergence.
 
  Edge 2:
  Max. value: ptd = 19790
 
 PO convergence
  Test-grid  Ref-grid    Freq  Beam  Grid       P_max   P_level  Accuracy
        ptd       ptd                           [dBi]     [dBi]      [dB]
         20        10       1     1     1      -57.29    -56.86     -6.73
         20        10       1     1     2       -8.86     -0.15    -11.29
         40        20       1     1     1      -62.92    -56.86    -12.44
         40        20       1     1     2       -9.37     -0.15     -9.81
         80        40       1     1     1      -68.53    -56.86    -14.40
         80        40       1     1     2      -10.11     -0.15     -1.69
        160        80       1     1     1      -73.94    -56.86    -20.64
        160        80       1     1     2       -0.56     -0.15     -5.77
        320       160       1     1     1      -77.86    -56.86    -25.17
        320       160       1     1     2       -7.19     -0.15    -12.92
        640       320       1     1     1      -78.66    -56.86    -27.63
        640       320       1     1     2      -13.36     -0.15    -18.22
       1280       640       1     1     1      -82.12    -56.86    -29.56
       1280       640       1     1     2      -14.68     -0.15    -24.04
       2560      1280       1     1     1      -87.27    -56.86    -27.47
       2560      1280       1     1     2      -14.98     -0.15    -14.82
       5120      2560       1     1     1      -83.81    -56.86    -32.15
       5120      2560       1     1     2      -12.49     -0.15    -18.80
      10240      5120       1     1     1      -87.66    -56.86    -35.07
      10240      5120       1     1     2      -14.97     -0.15    -25.51
      19790     10240       1     1     1      -89.11    -56.86    -22.90
      19790     10240       1     1     2      -15.38     -0.15    -13.09
      20480     19790       1     1     1      -79.73    -56.86    -21.90
      20480     19790       1     1     2      -13.05     -0.15    -11.14
  PTD =19790              Edge =    2, Grid limit reached (acc: -11 dB).
 
 ----- TASK No. 5 -----     Started at 13:02:45 on June 12, 2019
 strut_analysis_circ_cross get_currents ( source : sequence(ref(ata01_sub_po),
 ref(ata01_feed), ref(ata01_main_po), ref(ata01_sub_shield_po)),
 auto_convergence_of_po : on, convergence_on_output_grid :
 sequence(ref(ata01_cut)))
 
 
  *** Object name:  strut_analysis_circ_cross
  *** Class name :  strut_analysis_circ_cross
  *** Message    :  Get_currents message received
 
  Source : ata01_sub_po
  Source : ata01_feed
  Source : ata01_main_po
  Source : ata01_sub_shield_po
  PO-auto-convergence selection : on
  Convergence test on output grid : ata01_cut
 
 
  *** Object name:  strut_analysis_circ_cross
  *** Class name :  strut_analysis_circ_cross
  *** Message    :  Initialization
 
 
  Auto-convergence with desired accuracy of -80.00 dB.
 
  Face 1:
  Max. values: po1/po2 = 4550/180
 
  Name of currents file: tmp_0003
 
  Control values found in the file:
    No. of frequencies: 1
    No. of beams      : 1
    No. of faces      : 1
    No. of edges      : 1
    No. of gaps       : 0
 
  Frequency number  1 :  11.000 GHz
 
    Face No.      PO1       PO2     Partitions
          1       115       440         1
 
    Edge No.     PTD1
          1       530
 
 
  Name of currents file: tmp_0004
 
  Control values found in the file:
    No. of frequencies: 1
    No. of beams      : 1
    No. of faces      : 1
    No. of edges      : 1
    No. of gaps       : 0
 
  Frequency number  1 :  11.000 GHz
 
    Face No.      PO1       PO2     Partitions
          1       450      1520         1
 
    Edge No.     PTD1
          1      1840
 
 
  Name of currents file: tmp_0005
 
  Control values found in the file:
    No. of frequencies: 1
    No. of beams      : 1
    No. of faces      : 1
    No. of edges      : 2
    No. of gaps       : 0
 
  Frequency number  1 :  11.000 GHz
 
    Face No.      PO1       PO2     Partitions
          1         9         8         1
 
    Edge No.     PTD1
          1      1640
          2      7040
 
 
 PO convergence
  Test-grid  Ref-grid       P_max   P_level  Accuracy
    po1/po2   po1/po2       [dBi]     [dBi]      [dB]
       20/3      10/3        5.89      5.89      3.67
       40/3      20/3        6.95      6.95      4.11
       80/3      40/3        9.76      9.76      3.71
      160/3      80/3        9.37      9.37     18.54
      320/3     160/3       27.46     27.46      0.85
      640/3     320/3       14.96     14.96      0.20
     1280/3     640/3       12.30     12.30      0.82
     2560/3    1280/3        9.83      9.83     10.33
     4550/3    2560/3       20.60     20.60      1.97
     5120/3    4550/3       20.80     20.80      4.80
  PO1 = 4550  PO2 =    3  Face =    1, Grid limit reached (acc: 4 dB).
 
 PO convergence
  Test-grid  Ref-grid       P_max   P_level  Accuracy
    po1/po2   po1/po2       [dBi]     [dBi]      [dB]
       10/6      10/3        5.89      5.89      2.69
      10/12      10/6        7.48      7.48     -4.23
      10/24     10/12        5.04      5.04     -5.48
      10/48     10/24        2.68      2.68    -10.09
      10/96     10/48        2.35      2.35    -10.07
     10/180     10/96        4.27      4.27     15.56
     10/192    10/180       20.24     20.24     -0.49
  PO1 =   10  PO2 =  180  Face =    1, Grid limit reached (acc: 0 dB).
  PO1 = 4550  PO2 =  180  Face =    1, Final PO-values from auto-convergence
 
  Face 2:
  Max. values: po1/po2 = 4550/180
 
 PO convergence
  Test-grid  Ref-grid       P_max   P_level  Accuracy
    po1/po2   po1/po2       [dBi]     [dBi]      [dB]
       20/3      10/3       -4.85     -4.85      1.13
       40/3      20/3       -8.45     -8.45      2.17
       80/3      40/3      -12.29    -12.29      3.47
      160/3      80/3      -13.06    -13.06      3.90
      320/3     160/3      -13.01    -13.01     -2.07
      640/3     320/3      -12.72    -12.72    -27.85
     1280/3     640/3      -12.73    -12.73    -52.98
     2560/3    1280/3      -12.73    -12.73    -79.53
     4550/3    2560/3      -12.73    -12.73    -96.32  *
     1920/3    4550/3      -12.73    -12.73    -96.52  *
     1600/3    4550/3      -12.73    -12.73    -90.44  *
     1440/3    4550/3      -12.73    -12.73    -84.74  *
     1360/3    4550/3      -12.73    -12.73    -81.94  *
     1320/3    4550/3      -12.73    -12.73    -79.71
 
 PO convergence
  Test-grid  Ref-grid       P_max   P_level  Accuracy
    po1/po2   po1/po2       [dBi]     [dBi]      [dB]
       10/6      10/3       -4.85     -4.85     -2.88
      10/12      10/6       -8.07     -8.07     -2.32
      10/24     10/12       -7.94     -7.94     -8.62
      10/48     10/24       -7.98     -7.98    -46.21
      10/96     10/48       -7.98     -7.98    -64.13
     10/180     10/96       -7.98     -7.98    -91.54  *
      10/72    10/180       -7.98     -7.98    -77.56
      10/84    10/180       -7.98     -7.98    -79.48
      10/90    10/180       -7.98     -7.98    -84.07  *
      10/87    10/180       -7.98     -7.98    -81.02  *
      10/86    10/180       -7.98     -7.98    -84.96  *
  PO1 = 1360  PO2 =   86  Face =    2, Final PO-values from auto-convergence
 
  Face 3:
  Max. values: po1/po2 = 4550/180
 
 PO convergence
  Test-grid  Ref-grid       P_max   P_level  Accuracy
    po1/po2   po1/po2       [dBi]     [dBi]      [dB]
       20/3      10/3       -4.84     -4.84      3.40
       40/3      20/3       -8.12     -7.98      4.74
       80/3      40/3       -9.32     -7.98     -0.48
      160/3      80/3      -13.07     -7.98     -4.57
      320/3     160/3      -13.02     -7.98    -10.06
      640/3     320/3      -12.74     -7.98    -31.08
     1280/3     640/3      -12.75     -7.98    -59.32
     2560/3    1280/3      -12.75     -7.98    -86.46  *
      960/3    2560/3      -12.75     -7.98    -73.98
     1120/3    2560/3      -12.75     -7.98    -78.24
     1200/3    2560/3      -12.75     -7.98    -78.76
     1240/3    2560/3      -12.75     -7.98    -84.10  *
     1220/3    2560/3      -12.75     -7.98    -81.94  *
 
 PO convergence
  Test-grid  Ref-grid       P_max   P_level  Accuracy
    po1/po2   po1/po2       [dBi]     [dBi]      [dB]
       10/6      10/3       -4.84     -4.84     -2.88
      10/12      10/6       -9.39     -7.98     -3.33
      10/24     10/12       -9.75     -7.98     -8.57
      10/48     10/24       -9.77     -7.98    -45.47
      10/96     10/48       -9.77     -7.98    -64.87
     10/180     10/96       -9.77     -7.98    -90.48  *
      10/72    10/180       -9.77     -7.98    -77.61
      10/84    10/180       -9.77     -7.98    -79.63
      10/90    10/180       -9.77     -7.98    -85.41  *
      10/87    10/180       -9.77     -7.98    -81.97  *
      10/86    10/180       -9.77     -7.98    -82.75  *
  PO1 = 1220  PO2 =   86  Face =    3, Final PO-values from auto-convergence
 
  Face 4:
  Max. values: po1/po2 = 4550/180
 
 PO convergence
  Test-grid  Ref-grid       P_max   P_level  Accuracy
    po1/po2   po1/po2       [dBi]     [dBi]      [dB]
       20/3      10/3        1.87      1.87      3.19
       40/3      20/3        1.12      1.12      1.15
       80/3      40/3       -3.49     -3.49      1.98
      160/3      80/3       -4.20     -4.20      5.37
      320/3     160/3       -3.83     -3.83     -0.60
      640/3     320/3       -4.89     -4.89    -21.16
     1280/3     640/3       -5.23     -5.23    -32.78
     2560/3    1280/3       -5.25     -5.25    -40.54
     4550/3    2560/3       -5.24     -5.24    -43.45
     5120/3    4550/3       -5.24     -5.24    -43.24
  PO1 = 4550  PO2 =    3  Face =    4, Grid limit reached (acc: -43 dB).
 
 PO convergence
  Test-grid  Ref-grid       P_max   P_level  Accuracy
    po1/po2   po1/po2       [dBi]     [dBi]      [dB]
       10/6      10/3        1.87      1.87     -2.87
      10/12      10/6        0.43      0.43     -3.98
      10/24     10/12       -3.23     -3.23    -10.38
      10/48     10/24       -3.00     -3.00    -35.06
      10/96     10/48       -2.93     -2.93    -40.27
     10/180     10/96       -2.96     -2.96    -50.68
     10/192    10/180       -2.95     -2.95    -78.47
  PO1 =   10  PO2 =  180  Face =    4, Grid limit reached (acc: -78 dB).
  PO1 = 4550  PO2 =  180  Face =    4, Final PO-values from auto-convergence
 
  Face 5:
  Max. values: po1/po2 = 4550/180
 
 PO convergence
  Test-grid  Ref-grid       P_max   P_level  Accuracy
    po1/po2   po1/po2       [dBi]     [dBi]      [dB]
       20/3      10/3        1.87      1.87      2.57
       40/3      20/3        0.49      0.49      1.34
       80/3      40/3       -2.71     -2.71      1.68
      160/3      80/3       -4.20     -4.20      5.37
      320/3     160/3       -3.83     -3.83     -0.60
      640/3     320/3       -7.00     -7.00    -20.13
     1280/3     640/3       -7.78     -7.78    -30.52
     2560/3    1280/3       -7.77     -7.77    -38.01
     4550/3    2560/3       -7.80     -7.80    -40.87
     5120/3    4550/3       -7.76     -7.76    -40.15
  PO1 = 4550  PO2 =    3  Face =    5, Grid limit reached (acc: -40 dB).
 
 PO convergence
  Test-grid  Ref-grid       P_max   P_level  Accuracy
    po1/po2   po1/po2       [dBi]     [dBi]      [dB]
       10/6      10/3        1.87      1.87     -2.87
      10/12      10/6       -0.67     -0.67     -5.99
      10/24     10/12       -2.55     -2.55     -8.73
      10/48     10/24       -2.50     -2.50    -36.12
      10/96     10/48       -2.48     -2.48    -41.88
     10/180     10/96       -2.51     -2.51    -50.91
     10/192    10/180       -2.49     -2.49    -78.55
  PO1 =   10  PO2 =  180  Face =    5, Grid limit reached (acc: -78 dB).
  PO1 = 4550  PO2 =  180  Face =    5, Final PO-values from auto-convergence
 
  Face 6:
  Max. values: po1/po2 = 4550/180
 
 PO convergence
  Test-grid  Ref-grid       P_max   P_level  Accuracy
    po1/po2   po1/po2       [dBi]     [dBi]      [dB]
       20/3      10/3       -4.87     -4.87      2.35
       40/3      20/3       -7.39     -7.39      3.35
       80/3      40/3       -8.14     -7.98      2.89
      160/3      80/3       -9.62     -7.98      3.18
      320/3     160/3       -5.14     -5.14      0.06
      640/3     320/3      -11.95     -7.98    -13.79
     1280/3     640/3      -11.51     -7.98    -14.74
     2560/3    1280/3      -11.69     -7.98    -16.11
     4550/3    2560/3      -11.64     -7.98    -13.52
     5120/3    4550/3      -10.43     -7.98    -19.19
  PO1 = 4550  PO2 =    3  Face =    6, Grid limit reached (acc: -19 dB).
 
 PO convergence
  Test-grid  Ref-grid       P_max   P_level  Accuracy
    po1/po2   po1/po2       [dBi]     [dBi]      [dB]
       10/6      10/3       -4.87     -4.87     -2.41
      10/12      10/6       -6.73     -6.73     -0.21
      10/24     10/12       -9.64     -7.98    -10.29
      10/48     10/24       -9.41     -7.98    -14.07
      10/96     10/48       -9.62     -7.98     -8.44
     10/180     10/96       -8.44     -7.98    -17.00
     10/192    10/180       -8.13     -7.98    -15.10
  PO1 =   10  PO2 =  180  Face =    6, Grid limit reached (acc: -15 dB).
  PO1 = 4550  PO2 =  180  Face =    6, Final PO-values from auto-convergence
 
  Face 7:
  Max. values: po1/po2 = 4550/180
 
 PO convergence
  Test-grid  Ref-grid       P_max   P_level  Accuracy
    po1/po2   po1/po2       [dBi]     [dBi]      [dB]
       20/3      10/3       -5.43     -5.43      2.07
       40/3      20/3       -8.40     -7.98      2.96
       80/3      40/3       -8.55     -7.98      0.98
      160/3      80/3      -10.88     -7.98      4.43
      320/3     160/3       -3.83     -3.83     -0.16
      640/3     320/3      -12.40     -7.98    -12.13
     1280/3     640/3      -12.45     -7.98     -9.93
     2560/3    1280/3      -11.07     -7.98    -11.24
     4550/3    2560/3      -12.03     -7.98     -9.36
     5120/3    4550/3      -11.03     -7.98     -9.33
  PO1 = 4550  PO2 =    3  Face =    7, Grid limit reached (acc: -9 dB).
 
 PO convergence
  Test-grid  Ref-grid       P_max   P_level  Accuracy
    po1/po2   po1/po2       [dBi]     [dBi]      [dB]
       10/6      10/3       -5.43     -5.43     -2.17
      10/12      10/6       -6.19     -6.19     -3.06
      10/24     10/12       -9.73     -7.98     -8.02
      10/48     10/24       -9.79     -7.98    -13.93
      10/96     10/48       -9.85     -7.98     -5.00
     10/180     10/96       -6.60     -6.60    -10.82
     10/192    10/180       -8.81     -7.98    -21.22
  PO1 =   10  PO2 =  180  Face =    7, Grid limit reached (acc: -21 dB).
  PO1 = 4550  PO2 =  180  Face =    7, Final PO-values from auto-convergence
 
  Face 8:
  Max. values: po1/po2 = 4550/180
 
 PO convergence
  Test-grid  Ref-grid       P_max   P_level  Accuracy
    po1/po2   po1/po2       [dBi]     [dBi]      [dB]
       20/3      10/3       -5.20     -5.20      2.09
       40/3      20/3       -7.35     -7.35      2.44
       80/3      40/3      -10.04     -7.98     -1.78
      160/3      80/3      -12.80     -7.98     -0.74
      320/3     160/3      -13.89     -7.98     -6.79
      640/3     320/3      -14.04     -7.98    -17.25
     1280/3     640/3      -14.06     -7.98    -68.67
     2560/3    1280/3      -14.06     -7.98    -95.91  *
      960/3    2560/3      -14.06     -7.98    -80.57  *
      800/3    2560/3      -14.06     -7.98    -77.59
      880/3    2560/3      -14.06     -7.98    -78.78
      920/3    2560/3      -14.06     -7.98    -78.23
      940/3    2560/3      -14.06     -7.98    -85.33  *
 
 PO convergence
  Test-grid  Ref-grid       P_max   P_level  Accuracy
    po1/po2   po1/po2       [dBi]     [dBi]      [dB]
       10/6      10/3       -5.20     -5.20     -4.72
      10/12      10/6       -8.88     -7.98     -3.24
      10/24     10/12       -8.17     -7.98    -10.19
      10/48     10/24       -8.15     -7.98    -47.58
      10/96     10/48       -8.15     -7.98    -71.54
     10/180     10/96       -8.15     -7.98    -94.21  *
      10/72    10/180       -8.15     -7.98    -81.43  *
      10/60    10/180       -8.15     -7.98    -76.38
      10/66    10/180       -8.15     -7.98    -78.80
      10/69    10/180       -8.15     -7.98    -80.93  *
      10/68    10/180       -8.15     -7.98    -81.08  *
  PO1 =  940  PO2 =   68  Face =    8, Final PO-values from auto-convergence
 
  Face 9:
  Max. values: po1/po2 = 4550/180
 
 PO convergence
  Test-grid  Ref-grid       P_max   P_level  Accuracy
    po1/po2   po1/po2       [dBi]     [dBi]      [dB]
       20/3      10/3       -5.20     -5.20      1.81
       40/3      20/3       -6.61     -6.61      2.24
       80/3      40/3       -9.60     -7.98     -1.98
      160/3      80/3      -12.78     -7.98     -0.79
      320/3     160/3      -12.48     -7.98     -6.76
      640/3     320/3      -13.92     -7.98    -18.70
     1280/3     640/3      -13.90     -7.98    -48.97
     2560/3    1280/3      -13.91     -7.98    -70.05
     4550/3    2560/3      -13.91     -7.98    -61.10
     5120/3    4550/3      -13.91     -7.98    -86.21  *
     3555/3    5120/3      -13.91     -7.98    -62.19
     4053/3    5120/3      -13.91     -7.98    -60.89
     4302/3    5120/3      -13.91     -7.98    -66.15
     4426/3    5120/3      -13.91     -7.98    -61.84
     4488/3    5120/3      -13.91     -7.98    -61.64
 
 PO convergence
  Test-grid  Ref-grid       P_max   P_level  Accuracy
    po1/po2   po1/po2       [dBi]     [dBi]      [dB]
       10/6      10/3       -5.20     -5.20     -4.43
      10/12      10/6       -8.37     -7.98     -2.33
      10/24     10/12       -8.17     -7.98    -10.20
      10/48     10/24       -8.15     -7.98    -47.62
      10/96     10/48       -8.15     -7.98    -70.47
     10/180     10/96       -8.15     -7.98    -94.21  *
      10/72    10/180       -8.15     -7.98    -81.93  *
      10/60    10/180       -8.15     -7.98    -74.66
      10/66    10/180       -8.15     -7.98    -79.45
      10/69    10/180       -8.15     -7.98    -80.74  *
      10/68    10/180       -8.15     -7.98    -81.08  *
  PO1 = 4550  PO2 =   68  Face =    9, Final PO-values from auto-convergence
 
  Face 10:
  Max. values: po1/po2 = 4550/180
 
 PO convergence
  Test-grid  Ref-grid       P_max   P_level  Accuracy
    po1/po2   po1/po2       [dBi]     [dBi]      [dB]
       20/3      10/3       -2.32     -2.32      4.49
       40/3      20/3       -5.56     -5.56      5.04
       80/3      40/3       -7.15     -7.15      5.11
      160/3      80/3       -8.36     -7.98     -0.49
      320/3     160/3      -14.57     -7.98     -8.93
      640/3     320/3      -14.31     -7.98    -14.31
     1280/3     640/3      -14.33     -7.98    -18.21
     2560/3    1280/3      -15.03     -7.98    -21.67
     4550/3    2560/3      -14.59     -7.98    -34.87
     5120/3    4550/3      -14.64     -7.98    -12.03
  PO1 = 4550  PO2 =    3  Face =   10, Grid limit reached (acc: -12 dB).
 
 PO convergence
  Test-grid  Ref-grid       P_max   P_level  Accuracy
    po1/po2   po1/po2       [dBi]     [dBi]      [dB]
       10/6      10/3       -2.32     -2.32     -3.23
      10/12      10/6       -4.99     -4.99     -2.49
      10/24     10/12       -9.06     -7.98    -11.50
      10/48     10/24       -9.42     -7.98    -23.24
      10/96     10/48       -9.65     -7.98    -37.42
     10/180     10/96       -9.72     -7.98    -52.89
     10/192    10/180       -9.73     -7.98    -88.22  *
     10/138    10/192       -9.73     -7.98    -66.88
     10/159    10/192       -9.73     -7.98    -75.36
     10/170    10/192       -9.73     -7.98    -81.17  *
     10/165    10/192       -9.73     -7.98    -78.19
     10/168    10/192       -9.73     -7.98    -80.50  *
  PO1 = 4550  PO2 =  168  Face =   10, Final PO-values from auto-convergence
 
  Face 11:
  Max. values: po1/po2 = 4550/180
 
 PO convergence
  Test-grid  Ref-grid       P_max   P_level  Accuracy
    po1/po2   po1/po2       [dBi]     [dBi]      [dB]
       20/3      10/3       -2.47     -2.47      1.34
       40/3      20/3       -5.37     -5.37      1.37
       80/3      40/3       -7.59     -7.59      0.94
      160/3      80/3       -8.91     -7.98     -3.15
      320/3     160/3      -12.57     -7.98     -7.88
      640/3     320/3      -12.95     -7.98    -15.15
     1280/3     640/3      -13.35     -7.98    -18.37
     2560/3    1280/3      -13.68     -7.98    -21.47
     4550/3    2560/3      -13.59     -7.98    -35.66
     5120/3    4550/3      -13.54     -7.98    -26.06
  PO1 = 4550  PO2 =    3  Face =   11, Grid limit reached (acc: -26 dB).
 
 PO convergence
  Test-grid  Ref-grid       P_max   P_level  Accuracy
    po1/po2   po1/po2       [dBi]     [dBi]      [dB]
       10/6      10/3       -2.47     -2.47     -2.55
      10/12      10/6       -5.02     -5.02     -2.48
      10/24     10/12       -7.24     -7.24     -9.26
      10/48     10/24       -6.72     -6.72    -24.05
      10/96     10/48       -6.66     -6.66    -38.54
     10/180     10/96       -6.64     -6.64    -55.54
     10/192    10/180       -6.64     -6.64    -90.63  *
     10/138    10/192       -6.64     -6.64    -68.73
     10/159    10/192       -6.64     -6.64    -78.13
     10/170    10/192       -6.64     -6.64    -83.78  *
     10/165    10/192       -6.64     -6.64    -80.49  *
     10/162    10/192       -6.64     -6.64    -78.62
  PO1 = 4550  PO2 =  165  Face =   11, Final PO-values from auto-convergence
 
 ----- TASK No. 6 -----     Started at 21:21:51 on June 12, 2019
 ata01_cut get_field ( source : sequence(ref(ata01_main_po)))
 
 
  *** Object name:  ata01_cut
  *** Class name :  spherical_cut
  *** Message    :  Get_field message received
 
  Source : ata01_main_po
 
  Name of currents file: tmp_0004
 
  Control values found in the file:
    No. of frequencies: 1
    No. of beams      : 1
    No. of faces      : 1
    No. of edges      : 1
    No. of gaps       : 0
 
  Frequency number  1 :  11.000 GHz
 
    Face No.      PO1       PO2     Partitions
          1       450      1520         1
 
    Edge No.     PTD1
          1      1840
 
 
 
  *** Object name:  ata01_cut
  *** Class name :  spherical_cut
  *** Message    :  Field calculated
 
  Frequency No. :     1
  Beam No. :     1
 
 ----- TASK No. 7 -----     Started at 21:22:50 on June 12, 2019
 ata01_cut add_field ( source : sequence(ref(ata01_feed), ref(ata01_sub_po),
 ref(ata01_main_shield_po), ref(ata01_sub_shield_po),
 ref(strut_analysis_circ_cross)))
 
 
  *** Object name:  ata01_cut
  *** Class name :  spherical_cut
  *** Message    :  Add_field message received
 
  Source : ata01_feed
  Source : ata01_sub_po
  Source : ata01_main_shield_po
  Source : ata01_sub_shield_po
  Source : strut_analysis_circ_cross
 
 
  *** Object name:  ata01_cut
  *** Class name :  spherical_cut
  *** Message    :  Field calculated
 
  Frequency No. :     1
  Beam No. :     1
 
  Name of currents file: tmp_0003
 
  Control values found in the file:
    No. of frequencies: 1
    No. of beams      : 1
    No. of faces      : 1
    No. of edges      : 1
    No. of gaps       : 0
 
  Frequency number  1 :  11.000 GHz
 
    Face No.      PO1       PO2     Partitions
          1       115       440         1
 
    Edge No.     PTD1
          1       530
 
 
 
  *** Object name:  ata01_cut
  *** Class name :  spherical_cut
  *** Message    :  Field calculated
 
  Frequency No. :     1
  Beam No. :     1
 
  Name of currents file: tmp_0006
 
  Control values found in the file:
    No. of frequencies: 1
    No. of beams      : 1
    No. of faces      : 1
    No. of edges      : 2
    No. of gaps       : 0
 
  Frequency number  1 :  11.000 GHz
 
    Face No.      PO1       PO2     Partitions
          1        64        14         1
 
    Edge No.     PTD1
          1     10240
          2     19790
 
 
 
  *** Object name:  ata01_cut
  *** Class name :  spherical_cut
  *** Message    :  Field calculated
 
  Frequency No. :     1
  Beam No. :     1
 
  Name of currents file: tmp_0005
 
  Control values found in the file:
    No. of frequencies: 1
    No. of beams      : 1
    No. of faces      : 1
    No. of edges      : 2
    No. of gaps       : 0
 
  Frequency number  1 :  11.000 GHz
 
    Face No.      PO1       PO2     Partitions
          1         9         8         1
 
    Edge No.     PTD1
          1      1640
          2      7040
 
 
 
  *** Object name:  ata01_cut
  *** Class name :  spherical_cut
  *** Message    :  Field calculated
 
  Frequency No. :     1
  Beam No. :     1
 
  Name of currents file: tmp_0007
 
  Control values found in the file:
    No. of frequencies: 1
    No. of beams      : 1
    No. of faces      : 11
    No. of edges      : 0
    No. of gaps       : 0
 
  Frequency number  1 :  11.000 GHz
 
    Face No.      PO1       PO2     Partitions
          1      4550       180         1
          2      1360        86         1
          3      1220        86         1
          4      4550       180         1
          5      4550       180         1
          6      4550       180         1
          7      4550       180         1
          8       940        68         1
          9      4550        68         1
         10      4550       168         1
         11      4550       165         1
 
 
 
  *** Object name:  ata01_cut
  *** Class name :  spherical_cut
  *** Message    :  Field calculated
 
  Frequency No. :     1
  Beam No. :     1
 
 ----- END OF TASKS -----     Completed at 21:32:18 on June 12, 2019
 Total time was 9:44 hrs
 
 GRASP SN: 006720
 Program stopped at 21:32:18 on 12 June 2019
 
