Removed Pin From Net: NetName=DATA Pin=Attenuator-5
Removed Pin From Net: NetName=GND Pin=R2-1
Removed Pin From Net: NetName=DATA Pin=S1-1
Removed Pin From Net: NetName=DATA Pin=S1-2
Removed Pin From Net: NetName=+5V Pin=S2-1
Removed Pin From Net: NetName=+5V Pin=S2-2
Removed Member From Class: ClassName=Sheet1 Member=R2
Removed Member From Class: ClassName=Sheet1 Member=S2
Change Component Designator: OldDesignator=+5V NewDesignator=LED1
Change Component Designator: OldDesignator=AMP1 NewDesignator=U4
Change Component Designator: OldDesignator=AMP2 NewDesignator=U3
Change Component Designator: OldDesignator=AMP3 NewDesignator=U2
Change Component Designator: OldDesignator=AMP4 NewDesignator=U1
Change Component Designator: OldDesignator=D1 NewDesignator=Power Detector Module
Change Component Designator: OldDesignator=FF1 NewDesignator=dual Flip Flop 1
Change Component Designator: OldDesignator=R1 NewDesignator=1k R1
Change Component Designator: OldDesignator=ST1 NewDesignator=Schmitt-Trigger
Added Pin To Net: NetName=+5V Pin=1k R1-1
Added Pin To Net: NetName=+5V Pin=dual Flip Flop 1-1
Added Pin To Net: NetName=+5V Pin=dual Flip Flop 1-13
Added Pin To Net: NetName=DATA_OUT Pin=Attenuator-5
Added Pin To Net: NetName=DATA_OUT Pin=S1-1
Added Pin To Net: NetName=DATA_OUT Pin=S1-2
Added Net: Name=DATA_OUT
Change Class Name : Old Net Name=Sheet1 New Net Name=PAM_Interface
Added Member To Class: ClassName=PAM_Interface Member=Component LED1 SML-LX1206GW-TR
Added Member To Class: ClassName=PAM_Interface Member=Component Power Detector Module DF11-4DP-2DSA(24)
Added Member To Class: ClassName=PAM_Interface Member=Component R1 ERA6VEB1000V
Added Member To Class: ClassName=PAM_Interface Member=Component U1 DF11-4DP-2DSA(24)
Added Member To Class: ClassName=PAM_Interface Member=Component U2 DF11-4DP-2DSA(24)
Added Member To Class: ClassName=PAM_Interface Member=Component U3 DF11-4DP-2DSA(24)
Added Member To Class: ClassName=PAM_Interface Member=Component U4 DF11-4DP-2DSA(24)
Added Rule: Name=Schematic Supply Nets_7
