 
 
                                       G R A S P
                                       ==========
 
  General multi-reflector analysis program
 
 GRASP version 10.4.0 (Windows amd64/em64t 64-bit)
 
 
 GRASP found  16 CPU cores
 
  Reading tor-file: strut_analysis.tor
 
 
  *** Object name:  ata01_main_reflector
  *** Class name :  reflector
  *** Message    :  Object created
 
 
 
  *** Object name:  ata01_main_reflector
  *** Class name :  reflector
  *** Message    :  New values in object
 
  Coordinate system: ata01_global_coor
  Surface: ata01_main_surface
  Rim: ata01_main_rim
 
 
  *** Object name:  ata01_global_coor
  *** Class name :  coor_sys
  *** Message    :  Object created
 
 
 
  *** Object name:  ata01_global_coor
  *** Class name :  coor_sys
  *** Message    :  New values in object
 
  Z_axis :     0.000000    0.000000    1.000000
 
 
  *** Object name:  ata01_main_surface
  *** Class name :  paraboloid
  *** Message    :  Object created
 
 
 
  *** Object name:  ata01_main_surface
  *** Class name :  paraboloid
  *** Message    :  New values in object
 
  The paraboloid vertex is placed at
    x :    0.00000 m
    y :    0.00000 m
    z :    0.00000 m
  and in SI units
    x :    0.00000 meter
    y :    0.00000 meter
    z :    0.00000 meter
 
  Focal length     :    2.43593 m
   and in SI units :    2.43593 meter
 
 
  *** Object name:  ata01_main_rim
  *** Class name :  elliptical_rim
  *** Message    :  Object created
 
 
 
  *** Object name:  ata01_main_rim
  *** Class name :  elliptical_rim
  *** Message    :  Definition of elliptical_rim
 
  The rim centre is placed at
    x :    3.36749 m
    y :    0.00000 m
  and in SI units
    x :    3.36749     meter
    y :    0.00000     meter
 
  The half axes of the ellipse are defined by
    in x-direction :    3.04491 m
    in y-direction :    3.04491 m
  and in SI units
    in x-direction :    3.04491     meter
    in y-direction :    3.04491     meter
 
  The rim limits in radii are
    minimum :    3.04491     meter
    maximum :    3.04491     meter
 
  The rim limits in x direction are
    minimum :   0.322576     meter
    maximum :    6.41240     meter
 
  The rim limits in y direction are
    minimum :   -3.04491     meter
    maximum :    3.04491     meter
 
 
  *** Object name:  ata01_sub_reflector
  *** Class name :  reflector
  *** Message    :  Object created
 
 
 
  *** Object name:  ata01_sub_reflector
  *** Class name :  reflector
  *** Message    :  New values in object
 
  Coordinate system: ata01_sub_coor
  Surface: ata01_sub_surface
  Rim: ata01_sub_rim
 
 
  *** Object name:  ata01_sub_coor
  *** Class name :  coor_sys
  *** Message    :  Object created
 
 
 
  *** Object name:  ata01_sub_coor
  *** Class name :  coor_sys
  *** Message    :  New values in object
 
  Origin :   0.000000E+00 m     0.000000E+00 m     0.243593E+01 m
  Base name : ata01_global_coor
  X_axis :     0.720874    0.000000    0.693067
  Y_axis :     0.000000   -1.000000    0.000000
  Z_axis :     0.693067    0.000000   -0.720874
 
 
  *** Object name:  ata01_sub_surface
  *** Class name :  ellipsoid
  *** Message    :  Object created
 
 
 
  *** Object name:  ata01_sub_surface
  *** Class name :  ellipsoid
  *** Message    :  New values in object
 
 
  Distance between the vertices, 2a :    3.38618 m
   and in SI units                  :    3.38618 meter
 
  Distance between the foci, 2c     :    1.16382 m
   and in SI units                  :    1.16382 meter
 
  Angle between z-axis and ellipsoid axis:    76.8733 degrees
 
    giving the eccentricity         :   0.343697
 
 
  *** Object name:  ata01_sub_rim
  *** Class name :  elliptical_rim
  *** Message    :  Object created
 
 
 
  *** Object name:  ata01_sub_rim
  *** Class name :  elliptical_rim
  *** Message    :  Definition of elliptical_rim
 
  The rim centre is placed at
    x :  -0.534740 m
    y :    0.00000 m
  and in SI units
    x :  -0.534740     meter
    y :    0.00000     meter
 
  The half axes of the ellipse are defined by
    in x-direction :    1.23564 m
    in y-direction :    1.16436 m
  and in SI units
    in x-direction :    1.23564     meter
    in y-direction :    1.16436     meter
 
  The rim limits in radii are
    minimum :    1.16436     meter
    maximum :    1.23564     meter
 
  The rim limits in x direction are
    minimum :   -1.77038     meter
    maximum :   0.700897     meter
 
  The rim limits in y direction are
    minimum :   -1.16436     meter
    maximum :    1.16436     meter
 
 
  *** Object name:  ata01_feed
  *** Class name :  gaussian_beam_pattern
  *** Message    :  Object created
 
 
 
  *** Object name:  ata01_feed
  *** Class name :  gaussian_beam_pattern
  *** Message    :  Object created
 
 
 
  *** Object name:  ata01_feed
  *** Class name :  gaussian_beam_pattern
  *** Message    :  New values in object
 
  Frequency : ata01_frequencies
  Coor_sys : ata01_feed_coor
 
 
  *** Object name:  ata01_feed
  *** Class name :  gaussian_beam_pattern
  *** Message    :  Definition of common feed attributes
 
 
 
  *** Object name:  ata01_feed
  *** Class name :  gaussian_beam_pattern
  *** Message    :  Definition of gaussian feed
 
 
  Taper angle :   42.0000 degrees
 
  Taper compared to on-axis level :  -12.0000 dB
 
  The imaginary displacement along the negative z-axis
    is  0.770877 wavelengths
 
 
  *** Object name:  ata01_frequencies
  *** Class name :  frequency
  *** Message    :  Object created
 
 
 
  *** Object name:  ata01_frequencies
  *** Class name :  frequency
  *** Message    :  New values in object
 
  Frequency No.    1  :   0.110000E+02 GHz
 
 
  *** Object name:  ata01_feed_coor
  *** Class name :  coor_sys
  *** Message    :  Object created
 
 
 
  *** Object name:  ata01_feed_coor
  *** Class name :  coor_sys
  *** Message    :  New values in object
 
  Origin :  -0.113341E+01 m     0.000000E+00 m     0.264309E+00 m
  Base name : ata01_sub_coor
  X_axis :     0.968570    0.000000    0.248743
  Y_axis :     0.000000   -1.000000    0.000000
  Z_axis :     0.248743    0.000000   -0.968570
 
 
  *** Object name:  ata01_cut
  *** Class name :  spherical_cut
  *** Message    :  Object created
 
 
 
  *** Object name:  ata01_cut
  *** Class name :  spherical_cut
  *** Message    :  New values in object
 
  Frequency : ata01_frequencies
  Coor_sys : ata01_cut_coor
  Theta range : start-180.00000    end 180.00000    points 18001
  Phi range : start   0.00000    end  90.00000    points     3
 
 
  *** Object name:  ata01_cut_coor
  *** Class name :  coor_sys
  *** Message    :  Object created
 
 
 
  *** Object name:  ata01_cut_coor
  *** Class name :  coor_sys
  *** Message    :  New values in object
 
  Origin :   0.336749E+01 m     0.000000E+00 m     0.116382E+01 m
  Base name : ata01_global_coor
  Z_axis :     0.000000    0.000000    1.000000
 
 
  *** Object name:  ata01_main_po
  *** Class name :  po_single_face_scatterer
  *** Message    :  Object created
 
 
 
  *** Object name:  ata01_main_po
  *** Class name :  po_single_face_scatterer
  *** Message    :  New values in object
 
  Frequency : ata01_frequencies
  Scatterer : ata01_main_reflector
  Coordinate system : ata01_global_coor
 
 
  *** Object name:  ata01_sub_po
  *** Class name :  po_single_face_scatterer
  *** Message    :  Object created
 
 
 
  *** Object name:  ata01_sub_po
  *** Class name :  po_single_face_scatterer
  *** Message    :  New values in object
 
  Frequency : ata01_frequencies
  Scatterer : ata01_sub_reflector
  Coordinate system : ata01_global_coor
 
 
  *** Object name:  hybrid_mode_conical_horn
  *** Class name :  hybrid_mode_conical_horn
  *** Message    :  Object created
 
 
 
  *** Object name:  hybrid_mode_conical_horn
  *** Class name :  hybrid_mode_conical_horn
  *** Message    :  Object created
 
 
 
  *** Object name:  hybrid_mode_conical_horn
  *** Class name :  hybrid_mode_conical_horn
  *** Message    :  New values in object
 
  Frequency : ata01_frequencies
  Coor_sys : ata01_feed_coor
 
 
  *** Object name:  hybrid_mode_conical_horn
  *** Class name :  hybrid_mode_conical_horn
  *** Message    :  Definition of common feed attributes
 
 
 
  *** Object name:  hybrid_mode_conical_horn
  *** Class name :  hybrid_mode_conical_horn
  *** Message    :  Definition of HYBRID feed
 
 
  Waveguide_radius :    13.0201 mm
   and in SI units         :   0.130201E-01 meter
 
  Circular aperture radius :    70.9090 mm
   and in SI units         :   0.709090E-01 meter
 
  Semi flare angle is  :    12.0000 degrees
  mode power normalization is : on
 
  Axial length of horn :   0.333601     meter
  Flare length of horn :   0.341053     meter
 
  Cut-off data for waveguide with wl/4 corrugations
    NO.   TYPE   CUT-OFF FREQ.(Hz)   CUT-OFF WAV.(m)
     1    HE11   0.8285343421E+10    0.3618346793E-01
 
 
  *** Object name:  ata01_sub_reflector_surface_cut
  *** Class name :  surface_cut
  *** Message    :  Object created
 
 
 
  *** Object name:  ata01_sub_reflector_surface_cut
  *** Class name :  surface_cut
  *** Message    :  New values in object
 
  Frequency : ata01_frequencies
  Scatterer : ata01_sub_reflector
  Rho range : start -0.200000E+01 m   end  0.200000E+01 m   points  2001
  Phi range : start   0.00000    end  90.00000    points     3
 
 
  *** Object name:  ata01_main_reflector_surface_cut
  *** Class name :  surface_cut
  *** Message    :  Object created
 
 
 
  *** Object name:  ata01_main_reflector_surface_cut
  *** Class name :  surface_cut
  *** Message    :  New values in object
 
  Frequency : ata01_frequencies
  Scatterer : ata01_main_reflector
  Rho range : start -0.310000E+01 m   end  0.310000E+01 m   points  6201
  Phi range : start   0.00000    end  90.00000    points     3
 
 
  *** Object name:  ata01_main_shield
  *** Class name :  reflector
  *** Message    :  Object created
 
 
 
  *** Object name:  ata01_main_shield
  *** Class name :  reflector
  *** Message    :  New values in object
 
  Coordinate system: ata01_main_shield_coor
  Surface: ata01_main_shield_surface_01
  Rim: ata01_main_shield_outer_rim
  Hole No.    1  : ata01_main_shield_inner_rim
 
 
  *** Object name:  ata01_main_shield_surface
  *** Class name :  paraboloid
  *** Message    :  Object created
 
 
 
  *** Object name:  ata01_main_shield_surface
  *** Class name :  paraboloid
  *** Message    :  New values in object
 
  The paraboloid vertex is placed at
    x :    0.00000 m
    y :    0.00000 m
    z :    0.00000 m
  and in SI units
    x :    0.00000 meter
    y :    0.00000 meter
    z :    0.00000 meter
 
  Focal length     :    300.000 m
   and in SI units :    300.000 meter
 
 
  *** Object name:  ata01_strut_coor
  *** Class name :  coor_sys_grasp_angles
  *** Message    :  Object created
 
 
 
  *** Object name:  ata01_strut_coor
  *** Class name :  coor_sys_grasp_angles
  *** Message    :  New values in object
 
  Origin :  -0.700000E-01 m     0.000000E+00 m     0.200000E-01 m
  Base name : ata01_main_shield_coor
  Theta  :     0.000000 deg.
  Calculated axes:
  X_axis :     1.000000    0.000000    0.000000
  Y_axis :     0.000000    1.000000    0.000000
  Z_axis :     0.000000    0.000000    1.000000
 
 
  *** Object name:  ata01_sub_shield_surface
  *** Class name :  plane
  *** Message    :  Object created
 
 
 
  *** Object name:  ata01_sub_shield_surface
  *** Class name :  plane
  *** Message    :  New values in object
 
 
 
  *** Object name:  ata01_sub_shield
  *** Class name :  reflector
  *** Message    :  Object created
 
 
 
  *** Object name:  ata01_sub_shield
  *** Class name :  reflector
  *** Message    :  New values in object
 
  Coordinate system: ata01_sub_shield_coor
  Surface: ata01_sub_shield_surface
  Rim: ata01_sub_shield_rim
  Hole No.    1  : ata01_sub_rim
 
 
  *** Object name:  ata01_sub_shield_rim
  *** Class name :  elliptical_rim
  *** Message    :  Object created
 
 
 
  *** Object name:  ata01_sub_shield_rim
  *** Class name :  elliptical_rim
  *** Message    :  Definition of elliptical_rim
 
  The rim centre is placed at
    x :  -0.534740 m
    y :    0.00000 m
  and in SI units
    x :  -0.534740     meter
    y :    0.00000     meter
 
  The half axes of the ellipse are defined by
    in x-direction :    1.42066 m
    in y-direction :    1.34939 m
  and in SI units
    in x-direction :    1.42066     meter
    in y-direction :    1.34939     meter
 
  The rim limits in radii are
    minimum :    1.34939     meter
    maximum :    1.42066     meter
 
  The rim limits in x direction are
    minimum :   -1.95540     meter
    maximum :   0.885923     meter
 
  The rim limits in y direction are
    minimum :   -1.34939     meter
    maximum :    1.34939     meter
 
 
  *** Object name:  ata01_sub_shield_coor
  *** Class name :  coor_sys
  *** Message    :  Object created
 
 
 
  *** Object name:  ata01_sub_shield_coor
  *** Class name :  coor_sys
  *** Message    :  New values in object
 
  Origin :   0.000000E+00 m     0.000000E+00 m    -0.950000E+00 m
  Base name : ata01_sub_coor
  X_axis :     1.000000    0.000000    0.000000
  Y_axis :     0.000000    1.000000    0.000000
  Z_axis :     0.000000    0.000000    1.000000
 
 
  *** Object name:  ata01_main_shield_surface_01
  *** Class name :  plane
  *** Message    :  Object created
 
 
 
  *** Object name:  ata01_main_shield_surface_01
  *** Class name :  plane
  *** Message    :  New values in object
 
 
  A point on the plane is located at
    x : 0.00000 m
    y : 0.00000 m
    z : 0.00000 m
  and in SI units
    x : 0.00000 meter
    y : 0.00000 meter
    z : 0.00000 meter
 
 
  *** Object name:  ata01_main_shield_coor
  *** Class name :  coor_sys_grasp_angles
  *** Message    :  Object created
 
 
 
  *** Object name:  ata01_main_shield_coor
  *** Class name :  coor_sys_grasp_angles
  *** Message    :  New values in object
 
  Origin :   0.000000E+00 m     0.000000E+00 m     0.000000E+00 m
  Base name : ata01_main_edge
  Theta  :    34.800000 deg.
  Phi    :   180.000000 deg.
  Psi    :     0.000000 deg.
  Calculated axes:
  X_axis :     0.821149    0.000000    0.570714
  Y_axis :     0.000000    1.000000   -0.000000
  Z_axis :    -0.570714    0.000000    0.821149
 
 
  *** Object name:  ata01_main_edge
  *** Class name :  coor_sys_grasp_angles
  *** Message    :  Object created
 
 
 
  *** Object name:  ata01_main_edge
  *** Class name :  coor_sys_grasp_angles
  *** Message    :  New values in object
 
  Origin :   0.325000E+00 m     0.000000E+00 m     0.000000E+00 m
  Base name : ata01_global_coor
  Theta  :     0.000000 deg.
  Phi    :     0.000000 deg.
  Calculated axes:
  X_axis :     1.000000    0.000000    0.000000
  Y_axis :     0.000000    1.000000    0.000000
  Z_axis :     0.000000    0.000000    1.000000
 
 
  *** Object name:  ata01_main_shield_inner_rim
  *** Class name :  elliptical_rim
  *** Message    :  Object created
 
 
 
  *** Object name:  ata01_main_shield_inner_rim
  *** Class name :  elliptical_rim
  *** Message    :  Definition of elliptical_rim
 
  The rim centre is placed at
    x :    3.70000 m
    y :    0.00000 m
  and in SI units
    x :    3.70000     meter
    y :    0.00000     meter
 
  The half axes of the ellipse are defined by
    in x-direction :    3.70000 m
    in y-direction :    3.04413 m
  and in SI units
    in x-direction :    3.70000     meter
    in y-direction :    3.04413     meter
 
  The rim limits in radii are
    minimum :    3.04413     meter
    maximum :    3.70000     meter
 
  The rim limits in x direction are
    minimum :  -0.444089E-15 meter
    maximum :    7.40000     meter
 
  The rim limits in y direction are
    minimum :   -3.04413     meter
    maximum :    3.04413     meter
 
 
  *** Object name:  ata01_main_shield_outer_rim
  *** Class name :  elliptical_rim
  *** Message    :  Object created
 
 
 
  *** Object name:  ata01_main_shield_outer_rim
  *** Class name :  elliptical_rim
  *** Message    :  Definition of elliptical_rim
 
  The rim centre is placed at
    x :    3.70000 m
    y :    0.00000 m
  and in SI units
    x :    3.70000     meter
    y :    0.00000     meter
 
  The half axes of the ellipse are defined by
    in x-direction :    3.90000 m
    in y-direction :    3.30000 m
  and in SI units
    in x-direction :    3.90000     meter
    in y-direction :    3.30000     meter
 
  The rim limits in radii are
    minimum :    3.30000     meter
    maximum :    3.90000     meter
 
  The rim limits in x direction are
    minimum :  -0.200000     meter
    maximum :    7.60000     meter
 
  The rim limits in y direction are
    minimum :   -3.30000     meter
    maximum :    3.30000     meter
 
 
  *** Object name:  circular_struts
  *** Class name :  circular_struts
  *** Message    :  Object created
 
 
 
  *** Object name:  circular_struts
  *** Class name :  circular_struts
  *** Message    :  New values in object
 
  Coordinate system: ata01_strut_pos_coor
 
  Circular strut radius :    25.4000 mm
   and in SI units      :   0.254000E-01 meter
 
  Number of struts :   11
 
  End points
    for strut number:    1
    start point:   0.000000E+00 m     0.000000E+00 m     0.000000E+00 m
    end   point:   0.000000E+00 m     0.000000E+00 m     0.290000E+01 m
 
    and in SI units
    start point:   0.000000E+00 m     0.000000E+00 m     0.000000E+00 m
    end   point:   0.000000E+00 m     0.000000E+00 m     0.290000E+01 m
    for strut number:    2
    start point:   0.140400E+00 m     0.917000E+00 m     0.000000E+00 m
    end   point:   0.729000E+00 m     0.116000E+01 m     0.280000E+01 m
 
    and in SI units
    start point:   0.140400E+00 m     0.917000E+00 m     0.000000E+00 m
    end   point:   0.729000E+00 m     0.116000E+01 m     0.280000E+01 m
    for strut number:    3
    start point:   0.140400E+00 m    -0.917000E+00 m     0.000000E+00 m
    end   point:   0.729000E+00 m    -0.116000E+01 m     0.280000E+01 m
 
    and in SI units
    start point:   0.140400E+00 m    -0.917000E+00 m     0.000000E+00 m
    end   point:   0.729000E+00 m    -0.116000E+01 m     0.280000E+01 m
    for strut number:    4
    start point:   0.865000E+00 m     0.212850E+01 m    -0.250000E+00 m
    end   point:   0.000000E+00 m     0.152730E+00 m     0.290000E+01 m
 
    and in SI units
    start point:   0.865000E+00 m     0.212850E+01 m    -0.250000E+00 m
    end   point:   0.000000E+00 m     0.152730E+00 m     0.290000E+01 m
    for strut number:    5
    start point:   0.865000E+00 m    -0.212850E+01 m    -0.250000E+00 m
    end   point:   0.000000E+00 m    -0.152730E+00 m     0.290000E+01 m
 
    and in SI units
    start point:   0.865000E+00 m    -0.212850E+01 m    -0.250000E+00 m
    end   point:   0.000000E+00 m    -0.152730E+00 m     0.290000E+01 m
    for strut number:    6
    start point:   0.899900E+00 m     0.217400E+01 m    -0.250000E+00 m
    end   point:   0.800000E+00 m     0.113000E+01 m     0.280000E+01 m
 
    and in SI units
    start point:   0.899900E+00 m     0.217400E+01 m    -0.250000E+00 m
    end   point:   0.800000E+00 m     0.113000E+01 m     0.280000E+01 m
    for strut number:    7
    start point:   0.899900E+00 m    -0.217400E+01 m    -0.250000E+00 m
    end   point:   0.800000E+00 m    -0.113000E+01 m     0.280000E+01 m
 
    and in SI units
    start point:   0.899900E+00 m    -0.217400E+01 m    -0.250000E+00 m
    end   point:   0.800000E+00 m    -0.113000E+01 m     0.280000E+01 m
    for strut number:    8
    start point:   0.944800E+00 m     0.221000E+01 m    -0.300000E+00 m
    end   point:   0.207000E+01 m     0.990000E+00 m     0.270000E+01 m
 
    and in SI units
    start point:   0.944800E+00 m     0.221000E+01 m    -0.300000E+00 m
    end   point:   0.207000E+01 m     0.990000E+00 m     0.270000E+01 m
    for strut number:    9
    start point:   0.944800E+00 m    -0.221000E+01 m    -0.300000E+00 m
    end   point:   0.207000E+01 m    -0.990000E+00 m     0.270000E+01 m
 
    and in SI units
    start point:   0.944800E+00 m    -0.221000E+01 m    -0.300000E+00 m
    end   point:   0.207000E+01 m    -0.990000E+00 m     0.270000E+01 m
    for strut number:   10
    start point:   0.228900E+01 m     0.293300E+01 m    -0.650000E+00 m
    end   point:   0.872000E+00 m     0.115000E+01 m     0.280000E+01 m
 
    and in SI units
    start point:   0.228900E+01 m     0.293300E+01 m    -0.650000E+00 m
    end   point:   0.872000E+00 m     0.115000E+01 m     0.280000E+01 m
    for strut number:   11
    start point:   0.228900E+01 m    -0.293300E+01 m    -0.650000E+00 m
    end   point:   0.872000E+00 m    -0.115000E+01 m     0.280000E+01 m
 
    and in SI units
    start point:   0.228900E+01 m    -0.293300E+01 m    -0.650000E+00 m
    end   point:   0.872000E+00 m    -0.115000E+01 m     0.280000E+01 m
 
 
  *** Object name:  ata01_strut_pos_coor
  *** Class name :  coor_sys_grasp_angles
  *** Message    :  Object created
 
 
 
  *** Object name:  ata01_strut_pos_coor
  *** Class name :  coor_sys_grasp_angles
  *** Message    :  New values in object
 
  Origin :   0.000000E+00 m     0.000000E+00 m     0.000000E+00 m
  Base name : ata01_strut_coor
  Theta  :   -15.000000 deg.
  Phi    :     0.000000 deg.
  Psi    :     0.000000 deg.
  Calculated axes:
  X_axis :     0.965926   -0.000000    0.258819
  Y_axis :    -0.000000    1.000000    0.000000
  Z_axis :    -0.258819   -0.000000    0.965926
 
 
  *** Object name:  strut_analysis_circ_cross
  *** Class name :  strut_analysis_circ_cross
  *** Message    :  Object created
 
 
 
  *** Object name:  strut_analysis_circ_cross
  *** Class name :  strut_analysis_circ_cross
  *** Message    :  New values in object
 
  Frequency : ata01_frequencies
  Scatterer : circular_struts
 
 
  *** Object name:  view_1
  *** Class name :  view
  *** Message    :  Object created
 
 
 
  *** Object name:  view_1
  *** Class name :  view
  *** Message    :  New values in object
 
 
  Number of objects :      6
 
  Definition of objects   :
   No.  Name
     1  view_1_reflector_plot
     2  view_1_coor_sys_plot
     3  view_1_feed_plot
     4  view_1_output_points_plot
     5  rays_from_point_sources
     6  view_1_circular_struts_plot
 
 
 
  *** Object name:  view_1_reflector_plot
  *** Class name :  reflector_plot
  *** Message    :  Object created
 
 
 
  *** Object name:  view_1_reflector_plot
  *** Class name :  reflector_plot
  *** Message    :  Definition of reflector_plot
 
 
 
  *** Object name:  view_1_coor_sys_plot
  *** Class name :  coor_sys_plot
  *** Message    :  Object created
 
 
 
  *** Object name:  view_1_coor_sys_plot
  *** Class name :  coor_sys_plot
  *** Message    :  Definition of coor_sys_plot
 
 
 
  *** Object name:  view_1_feed_plot
  *** Class name :  feed_plot
  *** Message    :  Object created
 
 
 
  *** Object name:  view_1_feed_plot
  *** Class name :  feed_plot
  *** Message    :  Definition of feed_plot
 
 
 
  *** Object name:  view_1_output_points_plot
  *** Class name :  output_points_plot
  *** Message    :  Object created
 
 
 
  *** Object name:  view_1_output_points_plot
  *** Class name :  output_points_plot
  *** Message    :  Definition of output_points_plot
 
 
 
  *** Object name:  rays_from_point_sources
  *** Class name :  rays_from_point_sources
  *** Message    :  Object created
 
 
 
  *** Object name:  rays_from_point_sources
  *** Class name :  rays_from_point_sources
  *** Message    :  Definition of ray_plot
 
 
  Theta range : start -42.00000    end  42.00000    points    42
 
  Phi range : start   0.00000    end  90.00000    points     1
 
  Ray path range :
  Start:    0.00000 m
  End  :    20.0000 m
   and in SI units
  Start:    0.00000     meter
  End  :    20.0000     meter
 
  number of objects: 1
 
    No.  Plot objects
     1   hybrid_mode_conical_horn
 
 
  *** Object name:  view_1_circular_struts_plot
  *** Class name :  circular_struts_plot
  *** Message    :  Object created
 
 
 
  *** Object name:  view_1_circular_struts_plot
  *** Class name :  circular_struts_plot
  *** Message    :  Definition of circular_struts_plot
 
 Program started at 13:06:22 on 10 June 2019
 
 
 ----- TASK No. 1 -----     Started at 13:06:22 on June 10, 2019
 ata01_sub_po get_currents ( source : sequence(ref(ata01_feed)),
 auto_convergence_of_po : on, convergence_on_scatterer :
 sequence(ref(ata01_main_reflector), ref(circular_struts)),
 convergence_on_output_grid : sequence(ref(ata01_cut)))
 
 
  *** Object name:  ata01_sub_po
  *** Class name :  po_single_face_scatterer
  *** Message    :  Get_currents message received
 
  Source : ata01_feed
  PO-auto-convergence selection : on
  Convergence test on scatterer object : ata01_main_reflector
  Convergence test on scatterer object : circular_struts
  Convergence test on output grid : ata01_cut
 
 
  *** Object name:  ata01_sub_po
  *** Class name :  po_single_face_scatterer
  *** Message    :  Initialization
 
 
  Auto-convergence with desired accuracy of -80.00 dB.
 
  Face 1:
  Max. values: po1/po2 = 2930/7040
 
 PO convergence
  Test-grid  Ref-grid    Freq  Beam  Grid       P_max   P_level  Accuracy
    po1/po2   po1/po2                           [dBi]     [dBi]      [dB]
      20/10     10/10       1     1     1      -23.38    -23.38      2.41
      20/10     10/10       1     1     2      -12.10    -12.10      1.42
      20/10     10/10       1     1     3       39.39     39.39      0.39
      40/10     20/10       1     1     1      -26.97    -26.97      3.57
      40/10     20/10       1     1     2      -15.70    -15.70     -0.18
      40/10     20/10       1     1     3       33.94     33.94     -0.44
      80/10     40/10       1     1     1      -31.32    -31.32      1.45
      80/10     40/10       1     1     2      -21.61    -21.61      4.43
      80/10     40/10       1     1     3       29.09     29.09      6.28
     160/10     80/10       1     1     1      -32.39    -32.39   -161.10  *
     160/10     80/10       1     1     2      -20.21    -20.21     -1.35
     160/10     80/10       1     1     3       30.27     30.27     -1.56
     320/10    160/10       1     1     2      -21.18    -21.18   -220.48  *
     320/10    160/10       1     1     3       28.23     28.23   -235.13  *
     120/10    320/10       1     1     2      -21.18    -21.18   -158.93  *
     120/10    320/10       1     1     3       28.23     28.23   -141.11  *
     100/10    320/10       1     1     2      -21.18    -21.18    -12.82
     100/10    320/10       1     1     3       28.23     28.23    -19.99
     110/10    320/10       1     1     2      -21.18    -21.18    -65.08
     110/10    320/10       1     1     3       28.23     28.23    -60.25
     115/10    320/10       1     1     2      -21.18    -21.18   -107.92  *
     115/10    320/10       1     1     3       28.23     28.23    -96.27  *
     113/10    320/10       1     1     2      -21.18    -21.18    -89.72  *
     113/10    320/10       1     1     3       28.23     28.23    -80.68  *
 
 PO convergence
  Test-grid  Ref-grid    Freq  Beam  Grid       P_max   P_level  Accuracy
    po1/po2   po1/po2                           [dBi]     [dBi]      [dB]
      10/20     10/10       1     1     1      -23.38    -23.38      2.56
      10/20     10/10       1     1     2      -12.10    -12.10      1.21
      10/20     10/10       1     1     3       39.39     39.39     -1.31
      10/40     10/20       1     1     1      -24.46    -24.46      0.17
      10/40     10/20       1     1     2      -16.75    -16.75      2.89
      10/40     10/20       1     1     3       33.04     33.04      2.04
      10/80     10/40       1     1     1      -25.71    -25.71      0.63
      10/80     10/40       1     1     2      -17.67    -17.67      1.69
      10/80     10/40       1     1     3       32.70     32.70     -1.78
     10/160     10/80       1     1     1      -27.64    -27.64     -7.05
     10/160     10/80       1     1     2      -23.91    -21.18     -0.16
     10/160     10/80       1     1     3       31.58     31.58     -0.77
     10/320    10/160       1     1     1      -27.64    -27.64    -18.04
     10/320    10/160       1     1     2      -26.63    -21.18     -5.83
     10/320    10/160       1     1     3       31.44     31.44     -6.83
     10/640    10/320       1     1     1      -27.64    -27.64   -263.18  *
     10/640    10/320       1     1     2      -29.68    -21.18    -11.13
     10/640    10/320       1     1     3       31.44     31.44    -21.14
    10/1280    10/640       1     1     2      -30.17    -21.18   -267.78  *
    10/1280    10/640       1     1     3       31.44     31.44   -265.27  *
     10/480   10/1280       1     1     2      -30.17    -21.18   -214.25  *
     10/480   10/1280       1     1     3       31.44     31.44   -266.79  *
     10/400   10/1280       1     1     2      -30.17    -21.18   -142.62  *
     10/400   10/1280       1     1     3       31.44     31.44   -198.79  *
     10/360   10/1280       1     1     2      -30.17    -21.18    -46.18
     10/360   10/1280       1     1     3       31.44     31.44    -48.85
     10/380   10/1280       1     1     2      -30.17    -21.18   -111.30  *
     10/380   10/1280       1     1     3       31.44     31.44   -108.30  *
     10/370   10/1280       1     1     2      -30.17    -21.18    -76.88
     10/370   10/1280       1     1     3       31.44     31.44    -72.82
  PO1 =  113  PO2 =  380  Face =    1, Final PO-values from auto-convergence
 
  Edge 1:
  Max. value: ptd = 7040
 
 PO convergence
  Test-grid  Ref-grid    Freq  Beam  Grid       P_max   P_level  Accuracy
        ptd       ptd                           [dBi]     [dBi]      [dB]
         20        10       1     1     1      -74.86    -27.64    -47.23
         20        10       1     1     2      -53.89    -21.18    -38.40
         20        10       1     1     3       -7.87     31.44    -42.30
         40        20       1     1     1      -75.79    -27.64    -48.25
         40        20       1     1     2      -59.01    -21.18    -41.24
         40        20       1     1     3      -10.49     31.44    -45.55
         80        40       1     1     1      -78.07    -27.64    -53.32
         80        40       1     1     2      -63.94    -21.18    -45.68
         80        40       1     1     3      -11.32     31.44    -48.05
        160        80       1     1     1      -78.39    -27.64    -55.98
        160        80       1     1     2      -63.60    -21.18    -46.43
        160        80       1     1     3      -11.80     31.44    -45.44
        320       160       1     1     1      -78.50    -27.64    -51.00
        320       160       1     1     2      -69.28    -21.18    -51.34
        320       160       1     1     3      -19.36     31.44    -57.78
        640       320       1     1     1      -81.63    -27.64   -319.81  *
        640       320       1     1     2      -67.88    -21.18    -47.17
        640       320       1     1     3      -19.36     31.44    -61.67
       1280       640       1     1     2      -77.24    -21.18   -258.92  *
       1280       640       1     1     3      -19.36     31.44   -155.24  *
        480      1280       1     1     2      -77.24    -21.18   -187.62  *
        480      1280       1     1     3      -19.36     31.44   -137.93  *
        400      1280       1     1     2      -77.24    -21.18   -142.88  *
        400      1280       1     1     3      -19.36     31.44   -128.83  *
        360      1280       1     1     2      -77.24    -21.18    -65.55
        360      1280       1     1     3      -19.36     31.44    -71.94
        380      1280       1     1     2      -77.24    -21.18   -111.67  *
        380      1280       1     1     3      -19.36     31.44   -123.97  *
        370      1280       1     1     2      -77.24    -21.18    -85.65  *
        370      1280       1     1     3      -19.36     31.44    -91.68  *
  PTD =  370              Edge =    1, Final PTD-value from auto-convergence.
 
 ----- TASK No. 2 -----     Started at 13:06:23 on June 10, 2019
 ata01_main_po get_currents ( source : sequence(ref(ata01_sub_po),
 ref(ata01_feed)), auto_convergence_of_po : on, convergence_on_scatterer :
 sequence(ref(circular_struts)), convergence_on_output_grid :
 sequence(ref(ata01_cut)))
 
 
  *** Object name:  ata01_main_po
  *** Class name :  po_single_face_scatterer
  *** Message    :  Get_currents message received
 
  Source : ata01_sub_po
  Source : ata01_feed
  PO-auto-convergence selection : on
  Convergence test on scatterer object : circular_struts
  Convergence test on output grid : ata01_cut
 
 
  *** Object name:  ata01_main_po
  *** Class name :  po_single_face_scatterer
  *** Message    :  Initialization
 
 
  Auto-convergence with desired accuracy of -80.00 dB.
 
  Face 1:
  Max. values: po1/po2 = 7440/17870
 
  Name of currents file: tmp_0003
 
  Control values found in the file:
    No. of frequencies: 1
    No. of beams      : 1
    No. of faces      : 1
    No. of edges      : 1
    No. of gaps       : 0
 
  Frequency number  1 :  11.000 GHz
 
    Face No.      PO1       PO2     Partitions
          1       113       380         1
 
    Edge No.     PTD1
          1       370
 
 
 PO convergence
  Test-grid  Ref-grid    Freq  Beam  Grid       P_max   P_level  Accuracy
    po1/po2   po1/po2                           [dBi]     [dBi]      [dB]
      20/10     10/10       1     1     1      -13.68    -13.68      0.78
      20/10     10/10       1     1     2       55.76     55.76     -8.98
      40/10     20/10       1     1     1      -15.91    -15.91      1.80
      40/10     20/10       1     1     2       55.66     55.66    -10.22
      80/10     40/10       1     1     1      -18.67    -18.67      1.85
      80/10     40/10       1     1     2       55.71     55.71    -16.85
     160/10     80/10       1     1     1      -18.60    -18.60      2.67
     160/10     80/10       1     1     2       55.70     55.70    -17.76
     320/10    160/10       1     1     1      -23.76    -23.76     -1.02
     320/10    160/10       1     1     2       55.70     55.70    -16.93
     640/10    320/10       1     1     1      -30.94    -30.94     -4.43
     640/10    320/10       1     1     2       55.70     55.70    -23.21
    1280/10    640/10       1     1     1      -33.70    -33.70   -191.16  *
    1280/10    640/10       1     1     2       55.70     55.70   -224.40  *
     480/10   1280/10       1     1     1      -33.70    -33.70   -189.98  *
     480/10   1280/10       1     1     2       55.70     55.70   -194.50  *
     400/10   1280/10       1     1     1      -33.70    -33.70     -7.20
     400/10   1280/10       1     1     2       55.70     55.70    -37.47
     440/10   1280/10       1     1     1      -33.70    -33.70    -59.47
     440/10   1280/10       1     1     2       55.70     55.70    -73.26
     460/10   1280/10       1     1     1      -33.70    -33.70   -114.78  *
     460/10   1280/10       1     1     2       55.70     55.70   -123.35  *
     450/10   1280/10       1     1     1      -33.70    -33.70    -81.16  *
     450/10   1280/10       1     1     2       55.70     55.70   -100.38  *
 
 PO convergence
  Test-grid  Ref-grid    Freq  Beam  Grid       P_max   P_level  Accuracy
    po1/po2   po1/po2                           [dBi]     [dBi]      [dB]
      10/20     10/10       1     1     1      -13.68    -13.68      0.39
      10/20     10/10       1     1     2       55.76     55.76     -9.86
      10/40     10/20       1     1     1      -18.42    -18.42      3.00
      10/40     10/20       1     1     2       55.75     55.75    -12.04
      10/80     10/40       1     1     1      -18.88    -18.88      1.22
      10/80     10/40       1     1     2       55.73     55.73    -14.70
     10/160     10/80       1     1     1      -23.26    -23.26      2.90
     10/160     10/80       1     1     2       55.73     55.73    -16.46
     10/320    10/160       1     1     1      -25.81    -25.81      2.03
     10/320    10/160       1     1     2       55.73     55.73    -17.96
     10/640    10/320       1     1     1      -27.05    -27.05      0.51
     10/640    10/320       1     1     2       55.73     55.73    -25.50
    10/1280    10/640       1     1     1      -30.00    -30.00     -1.30
    10/1280    10/640       1     1     2       55.73     55.73    -28.60
    10/2560   10/1280       1     1     1      -35.44    -33.70    -25.73
    10/2560   10/1280       1     1     2       55.73     55.73    -60.49
    10/5120   10/2560       1     1     1      -35.45    -33.70   -258.87  *
    10/5120   10/2560       1     1     2       55.73     55.73   -289.95  *
    10/1920   10/5120       1     1     1      -35.45    -33.70   -259.14  *
    10/1920   10/5120       1     1     2       55.73     55.73   -290.82  *
    10/1600   10/5120       1     1     1      -35.45    -33.70   -208.43  *
    10/1600   10/5120       1     1     2       55.73     55.73   -291.26  *
    10/1440   10/5120       1     1     1      -35.45    -33.70    -67.33
    10/1440   10/5120       1     1     2       55.73     55.73   -108.22  *
    10/1520   10/5120       1     1     1      -35.45    -33.70   -150.98  *
    10/1480   10/5120       1     1     1      -35.45    -33.70    -76.99
    10/1480   10/5120       1     1     2       55.73     55.73   -148.21  *
  PO1 =  450  PO2 = 1520  Face =    1, Final PO-values from auto-convergence
 
  Edge 1:
  Max. value: ptd = 17870
 
 PO convergence
  Test-grid  Ref-grid    Freq  Beam  Grid       P_max   P_level  Accuracy
        ptd       ptd                           [dBi]     [dBi]      [dB]
         20        10       1     1     1      -70.57    -33.70    -41.09
         20        10       1     1     2      -16.61     55.73    -74.88
         40        20       1     1     1      -76.53    -33.70    -42.70
         40        20       1     1     2      -19.96     55.73    -77.69
         80        40       1     1     1      -79.65    -33.70    -47.07
         80        40       1     1     2      -22.25     55.73    -79.76
        160        80       1     1     1      -81.11    -33.70    -48.64
        160        80       1     1     2      -24.79     55.73    -85.15  *
        320       160       1     1     1      -84.52    -33.70    -53.50
        320       160       1     1     2      -25.43     55.73    -82.42  *
        640       320       1     1     1      -87.27    -33.70    -59.41
        640       320       1     1     2      -25.89     55.73    -90.60  *
       1280       640       1     1     1      -86.53    -33.70    -52.95
       1280       640       1     1     2      -25.89     55.73    -90.70  *
       2560      1280       1     1     1      -95.45    -33.70    -62.81
       2560      1280       1     1     2      -25.89     55.73   -103.55  *
       5120      2560       1     1     1     -101.57    -33.70   -313.77  *
       1920      5120       1     1     1     -101.57    -33.70   -277.21  *
       1600      5120       1     1     1     -101.57    -33.70   -192.70  *
       1440      5120       1     1     1     -101.57    -33.70   -110.70  *
       1360      5120       1     1     1     -101.57    -33.70    -93.97  *
       1320      5120       1     1     1     -101.57    -33.70    -68.13
  PTD = 1360              Edge =    1, Final PTD-value from auto-convergence.
 
 ----- TASK No. 3 -----     Started at 13:07:16 on June 10, 2019
 strut_analysis_circ_cross get_currents ( source : sequence(ref(ata01_sub_po),
 ref(ata01_feed), ref(ata01_main_po)), auto_convergence_of_po : on,
 convergence_on_output_grid : sequence(ref(ata01_cut)))
 
 
  *** Object name:  strut_analysis_circ_cross
  *** Class name :  strut_analysis_circ_cross
  *** Message    :  Get_currents message received
 
  Source : ata01_sub_po
  Source : ata01_feed
  Source : ata01_main_po
  PO-auto-convergence selection : on
  Convergence test on output grid : ata01_cut
 
 
  *** Object name:  strut_analysis_circ_cross
  *** Class name :  strut_analysis_circ_cross
  *** Message    :  Initialization
 
 
  Auto-convergence with desired accuracy of -80.00 dB.
 
  Face 1:
  Max. values: po1/po2 = 4550/180
 
  Name of currents file: tmp_0003
 
  Control values found in the file:
    No. of frequencies: 1
    No. of beams      : 1
    No. of faces      : 1
    No. of edges      : 1
    No. of gaps       : 0
 
  Frequency number  1 :  11.000 GHz
 
    Face No.      PO1       PO2     Partitions
          1       113       380         1
 
    Edge No.     PTD1
          1       370
 
 
  Name of currents file: tmp_0004
 
  Control values found in the file:
    No. of frequencies: 1
    No. of beams      : 1
    No. of faces      : 1
    No. of edges      : 1
    No. of gaps       : 0
 
  Frequency number  1 :  11.000 GHz
 
    Face No.      PO1       PO2     Partitions
          1       450      1520         1
 
    Edge No.     PTD1
          1      1360
 
 
 PO convergence
  Test-grid  Ref-grid       P_max   P_level  Accuracy
    po1/po2   po1/po2       [dBi]     [dBi]      [dB]
       20/3      10/3       -0.97     -0.97      5.35
       40/3      20/3        1.97      1.97      0.93
       80/3      40/3       -5.10     -5.10      1.75
      160/3      80/3       -9.50     -9.50      8.18
      320/3     160/3       -3.76     -3.76     23.72
      640/3     320/3       19.47     19.47      0.00
     1280/3     640/3      -12.52    -12.52     -7.66
     2560/3    1280/3      -11.71    -11.71     16.11
     4550/3    2560/3        4.31      4.31      7.44
     5120/3    4550/3        8.89      8.89     -0.01
  PO1 = 4550  PO2 =    3  Face =    1, Grid limit reached (acc: 0 dB).
 
 PO convergence
  Test-grid  Ref-grid       P_max   P_level  Accuracy
    po1/po2   po1/po2       [dBi]     [dBi]      [dB]
       10/6      10/3       -0.97     -0.97     -1.79
      10/12      10/6       -2.47     -2.47     -3.42
      10/24     10/12       -2.57     -2.57    -21.17
      10/48     10/24       -2.62     -2.62    -28.63
      10/96     10/48       -2.62     -2.62    -35.75
     10/180     10/96       -2.65     -2.65    -35.04
     10/192    10/180       -2.66     -2.66    -38.06
  PO1 =   10  PO2 =  180  Face =    1, Grid limit reached (acc: -38 dB).
  PO1 = 4550  PO2 =  180  Face =    1, Final PO-values from auto-convergence
 
  Face 2:
  Max. values: po1/po2 = 4550/180
 
 PO convergence
  Test-grid  Ref-grid       P_max   P_level  Accuracy
    po1/po2   po1/po2       [dBi]     [dBi]      [dB]
       20/3      10/3       -4.57     -4.57      1.13
       40/3      20/3       -8.75     -8.75      2.44
       80/3      40/3      -11.82    -11.82      2.28
      160/3      80/3      -13.38    -13.38      4.21
      320/3     160/3      -12.81    -12.81     -2.36
      640/3     320/3      -12.79    -12.79    -28.82
     1280/3     640/3      -12.82    -12.82    -52.93
     2560/3    1280/3      -12.82    -12.82    -83.49  *
      960/3    2560/3      -12.82    -12.82    -68.08
     1120/3    2560/3      -12.82    -12.82    -73.37
     1200/3    2560/3      -12.82    -12.82    -76.74
     1240/3    2560/3      -12.82    -12.82    -78.86
     1260/3    2560/3      -12.82    -12.82    -80.86  *
 
 PO convergence
  Test-grid  Ref-grid       P_max   P_level  Accuracy
    po1/po2   po1/po2       [dBi]     [dBi]      [dB]
       10/6      10/3       -4.57     -4.57     -2.94
      10/12      10/6       -7.15     -7.15     -3.25
      10/24     10/12       -7.17     -7.17    -10.69
      10/48     10/24       -7.11     -7.11    -49.78
      10/96     10/48       -7.10     -7.10    -72.35
     10/180     10/96       -7.10     -7.10    -99.47  *
      10/72    10/180       -7.10     -7.10    -84.45  *
      10/60    10/180       -7.10     -7.10    -77.89
      10/66    10/180       -7.10     -7.10    -81.50  *
      10/63    10/180       -7.10     -7.10    -78.79
      10/65    10/180       -7.10     -7.10    -82.75  *
  PO1 = 1260  PO2 =   65  Face =    2, Final PO-values from auto-convergence
 
  Face 3:
  Max. values: po1/po2 = 4550/180
 
 PO convergence
  Test-grid  Ref-grid       P_max   P_level  Accuracy
    po1/po2   po1/po2       [dBi]     [dBi]      [dB]
       20/3      10/3       -4.57     -4.57      2.10
       40/3      20/3       -7.85     -7.10      3.29
       80/3      40/3      -10.59     -7.10     -2.11
      160/3      80/3      -13.38     -7.10     -5.43
      320/3     160/3      -12.81     -7.10    -10.86
      640/3     320/3      -12.79     -7.10    -36.07
     1280/3     640/3      -12.82     -7.10    -61.72
     2560/3    1280/3      -12.82     -7.10    -88.29  *
      960/3    2560/3      -12.82     -7.10    -74.53
     1120/3    2560/3      -12.82     -7.10    -78.75
     1200/3    2560/3      -12.82     -7.10    -82.60  *
     1160/3    2560/3      -12.82     -7.10    -81.29  *
     1140/3    2560/3      -12.82     -7.10    -82.13  *
 
 PO convergence
  Test-grid  Ref-grid       P_max   P_level  Accuracy
    po1/po2   po1/po2       [dBi]     [dBi]      [dB]
       10/6      10/3       -4.57     -4.57     -2.94
      10/12      10/6      -10.05     -7.10     -3.30
      10/24     10/12      -11.41     -7.10    -10.75
      10/48     10/24      -11.46     -7.10    -49.78
      10/96     10/48      -11.46     -7.10    -72.06
     10/180     10/96      -11.46     -7.10    -98.54  *
      10/72    10/180      -11.46     -7.10    -83.97  *
      10/60    10/180      -11.46     -7.10    -78.49
      10/66    10/180      -11.46     -7.10    -81.85  *
      10/63    10/180      -11.46     -7.10    -78.12
      10/65    10/180      -11.46     -7.10    -80.73  *
  PO1 = 1140  PO2 =   65  Face =    3, Final PO-values from auto-convergence
 
  Face 4:
  Max. values: po1/po2 = 4550/180
 
 PO convergence
  Test-grid  Ref-grid       P_max   P_level  Accuracy
    po1/po2   po1/po2       [dBi]     [dBi]      [dB]
       20/3      10/3        0.68      0.68      4.17
       40/3      20/3        0.69      0.69      1.59
       80/3      40/3       -2.91     -2.91      1.29
      160/3      80/3       -3.99     -3.99      4.89
      320/3     160/3       -4.59     -4.59      0.13
      640/3     320/3       -5.34     -5.34    -24.81
     1280/3     640/3       -5.30     -5.30    -32.71
     2560/3    1280/3       -5.32     -5.32    -40.46
     4550/3    2560/3       -5.31     -5.31    -43.38
     5120/3    4550/3       -5.31     -5.31    -43.17
  PO1 = 4550  PO2 =    3  Face =    4, Grid limit reached (acc: -43 dB).
 
 PO convergence
  Test-grid  Ref-grid       P_max   P_level  Accuracy
    po1/po2   po1/po2       [dBi]     [dBi]      [dB]
       10/6      10/3        0.68      0.68     -2.86
      10/12      10/6       -0.82     -0.82     -2.32
      10/24     10/12       -2.57     -2.57    -11.05
      10/48     10/24       -2.44     -2.44    -35.79
      10/96     10/48       -2.37     -2.37    -40.84
     10/180     10/96       -2.40     -2.40    -51.24
     10/192    10/180       -2.39     -2.39    -79.02
  PO1 =   10  PO2 =  180  Face =    4, Grid limit reached (acc: -79 dB).
  PO1 = 4550  PO2 =  180  Face =    4, Final PO-values from auto-convergence
 
  Face 5:
  Max. values: po1/po2 = 4550/180
 
 PO convergence
  Test-grid  Ref-grid       P_max   P_level  Accuracy
    po1/po2   po1/po2       [dBi]     [dBi]      [dB]
       20/3      10/3        0.68      0.68      3.44
       40/3      20/3        0.08      0.08      2.20
       80/3      40/3       -2.91     -2.91      1.86
      160/3      80/3       -3.99     -3.99      4.89
      320/3     160/3       -4.59     -4.59      0.13
      640/3     320/3       -7.84     -7.10    -23.05
     1280/3     640/3       -7.91     -7.10    -31.22
     2560/3    1280/3       -7.90     -7.10    -38.68
     4550/3    2560/3       -7.94     -7.10    -41.57
     5120/3    4550/3       -7.89     -7.10    -40.81
  PO1 = 4550  PO2 =    3  Face =    5, Grid limit reached (acc: -40 dB).
 
 PO convergence
  Test-grid  Ref-grid       P_max   P_level  Accuracy
    po1/po2   po1/po2       [dBi]     [dBi]      [dB]
       10/6      10/3        0.68      0.68     -2.86
      10/12      10/6       -2.17     -2.17     -4.37
      10/24     10/12       -2.57     -2.57     -8.47
      10/48     10/24       -2.44     -2.44    -36.04
      10/96     10/48       -2.37     -2.37    -41.97
     10/180     10/96       -2.40     -2.40    -51.02
     10/192    10/180       -2.39     -2.39    -78.65
  PO1 =   10  PO2 =  180  Face =    5, Grid limit reached (acc: -78 dB).
  PO1 = 4550  PO2 =  180  Face =    5, Final PO-values from auto-convergence
 
  Face 6:
  Max. values: po1/po2 = 4550/180
 
 PO convergence
  Test-grid  Ref-grid       P_max   P_level  Accuracy
    po1/po2   po1/po2       [dBi]     [dBi]      [dB]
       20/3      10/3       -5.13     -5.13      1.21
       40/3      20/3       -8.34     -7.10      3.30
       80/3      40/3       -8.91     -7.10     -0.33
      160/3      80/3      -10.84     -7.10     -3.83
      320/3     160/3      -12.14     -7.10    -21.02
      640/3     320/3      -11.94     -7.10    -34.63
     1280/3     640/3      -11.94     -7.10    -57.54
     2560/3    1280/3      -11.94     -7.10    -94.15  *
      960/3    2560/3      -11.94     -7.10    -76.45
     1120/3    2560/3      -11.94     -7.10    -85.98  *
     1040/3    2560/3      -11.94     -7.10    -82.22  *
     1000/3    2560/3      -11.94     -7.10    -76.41
     1020/3    2560/3      -11.94     -7.10    -79.07
 
 PO convergence
  Test-grid  Ref-grid       P_max   P_level  Accuracy
    po1/po2   po1/po2       [dBi]     [dBi]      [dB]
       10/6      10/3       -5.13     -5.13     -2.16
      10/12      10/6       -7.32     -7.10     -1.13
      10/24     10/12      -10.32     -7.10    -11.42
      10/48     10/24      -10.28     -7.10    -39.48
      10/96     10/48      -10.29     -7.10    -63.92
     10/180     10/96      -10.29     -7.10   -106.09  *
      10/72    10/180      -10.29     -7.10    -83.24  *
      10/60    10/180      -10.29     -7.10    -74.37
      10/66    10/180      -10.29     -7.10    -80.99  *
      10/63    10/180      -10.29     -7.10    -76.03
      10/65    10/180      -10.29     -7.10    -79.88
  PO1 = 1040  PO2 =   66  Face =    6, Final PO-values from auto-convergence
 
  Face 7:
  Max. values: po1/po2 = 4550/180
 
 PO convergence
  Test-grid  Ref-grid       P_max   P_level  Accuracy
    po1/po2   po1/po2       [dBi]     [dBi]      [dB]
       20/3      10/3       -5.85     -5.85      1.66
       40/3      20/3       -9.78     -7.10      0.78
       80/3      40/3      -11.01     -7.10     -0.16
      160/3      80/3      -12.11     -7.10     -6.90
      320/3     160/3      -12.84     -7.10    -18.33
      640/3     320/3      -12.90     -7.10    -34.72
     1280/3     640/3      -12.88     -7.10    -57.03
     2560/3    1280/3      -12.88     -7.10    -93.47  *
      960/3    2560/3      -12.88     -7.10    -78.03
     1120/3    2560/3      -12.88     -7.10    -82.32  *
     1040/3    2560/3      -12.88     -7.10    -81.38  *
     1000/3    2560/3      -12.88     -7.10    -76.41
     1020/3    2560/3      -12.88     -7.10    -79.01
 
 PO convergence
  Test-grid  Ref-grid       P_max   P_level  Accuracy
    po1/po2   po1/po2       [dBi]     [dBi]      [dB]
       10/6      10/3       -5.85     -5.85     -2.78
      10/12      10/6      -10.41     -7.10     -4.58
      10/24     10/12      -11.22     -7.10    -11.11
      10/48     10/24      -11.18     -7.10    -39.09
      10/96     10/48      -11.17     -7.10    -63.25
     10/180     10/96      -11.17     -7.10   -106.09  *
      10/72    10/180      -11.17     -7.10    -83.24  *
      10/60    10/180      -11.17     -7.10    -72.22
      10/66    10/180      -11.17     -7.10    -78.94
      10/69    10/180      -11.17     -7.10    -81.99  *
      10/68    10/180      -11.17     -7.10    -82.33  *
  PO1 = 1040  PO2 =   68  Face =    7, Final PO-values from auto-convergence
 
  Face 8:
  Max. values: po1/po2 = 4550/180
 
 PO convergence
  Test-grid  Ref-grid       P_max   P_level  Accuracy
    po1/po2   po1/po2       [dBi]     [dBi]      [dB]
       20/3      10/3       -6.38     -6.38      2.74
       40/3      20/3       -7.45     -7.10      1.68
       80/3      40/3      -10.09     -7.10     -2.95
      160/3      80/3      -12.74     -7.10     -1.64
      320/3     160/3      -13.68     -7.10     -7.64
      640/3     320/3      -13.70     -7.10    -19.50
     1280/3     640/3      -13.69     -7.10    -73.04
     2560/3    1280/3      -13.69     -7.10   -110.09  *
      960/3    2560/3      -13.69     -7.10    -99.92  *
      800/3    2560/3      -13.69     -7.10    -89.34  *
      720/3    2560/3      -13.69     -7.10    -84.47  *
      680/3    2560/3      -13.69     -7.10    -74.57
      700/3    2560/3      -13.69     -7.10    -83.49  *
 
 PO convergence
  Test-grid  Ref-grid       P_max   P_level  Accuracy
    po1/po2   po1/po2       [dBi]     [dBi]      [dB]
       10/6      10/3       -6.38     -6.38     -2.59
      10/12      10/6       -8.31     -7.10     -4.01
      10/24     10/12       -7.75     -7.10    -10.73
      10/48     10/24       -7.77     -7.10    -51.51
      10/96     10/48       -7.77     -7.10    -72.84
     10/180     10/96       -7.77     -7.10    -95.08  *
      10/72    10/180       -7.77     -7.10    -82.29  *
      10/60    10/180       -7.77     -7.10    -77.26
      10/66    10/180       -7.77     -7.10    -79.64
      10/69    10/180       -7.77     -7.10    -81.56  *
      10/68    10/180       -7.77     -7.10    -81.77  *
  PO1 =  700  PO2 =   68  Face =    8, Final PO-values from auto-convergence
 
  Face 9:
  Max. values: po1/po2 = 4550/180
 
 PO convergence
  Test-grid  Ref-grid       P_max   P_level  Accuracy
    po1/po2   po1/po2       [dBi]     [dBi]      [dB]
       20/3      10/3       -6.38     -6.38      2.74
       40/3      20/3       -7.22     -7.10      1.95
       80/3      40/3      -10.09     -7.10     -2.95
      160/3      80/3      -12.74     -7.10     -1.64
      320/3     160/3      -13.19     -7.10     -7.64
      640/3     320/3      -13.70     -7.10    -21.88
     1280/3     640/3      -13.69     -7.10    -72.84
     2560/3    1280/3      -13.69     -7.10   -113.44  *
      960/3    2560/3      -13.69     -7.10    -98.85  *
      800/3    2560/3      -13.69     -7.10    -83.01  *
      720/3    2560/3      -13.69     -7.10    -84.36  *
      680/3    2560/3      -13.69     -7.10    -76.05
      700/3    2560/3      -13.69     -7.10    -85.23  *
 
 PO convergence
  Test-grid  Ref-grid       P_max   P_level  Accuracy
    po1/po2   po1/po2       [dBi]     [dBi]      [dB]
       10/6      10/3       -6.38     -6.38     -2.35
      10/12      10/6       -8.31     -7.10     -4.01
      10/24     10/12       -7.75     -7.10    -10.73
      10/48     10/24       -7.77     -7.10    -51.51
      10/96     10/48       -7.77     -7.10    -70.56
     10/180     10/96       -7.77     -7.10    -95.08  *
      10/72    10/180       -7.77     -7.10    -82.82  *
      10/60    10/180       -7.77     -7.10    -75.56
      10/66    10/180       -7.77     -7.10    -80.32  *
      10/63    10/180       -7.77     -7.10    -77.80
      10/65    10/180       -7.77     -7.10    -80.10  *
  PO1 =  700  PO2 =   65  Face =    9, Final PO-values from auto-convergence
 
  Face 10:
  Max. values: po1/po2 = 4550/180
 
 PO convergence
  Test-grid  Ref-grid       P_max   P_level  Accuracy
    po1/po2   po1/po2       [dBi]     [dBi]      [dB]
       20/3      10/3       -5.16     -5.16      5.46
       40/3      20/3       -5.55     -5.55      2.60
       80/3      40/3       -8.09     -7.10      3.07
      160/3      80/3      -10.20     -7.10     -3.41
      320/3     160/3      -14.23     -7.10    -11.26
      640/3     320/3      -14.17     -7.10    -17.06
     1280/3     640/3      -14.17     -7.10    -50.71
     2560/3    1280/3      -14.17     -7.10    -79.75
     4550/3    2560/3      -14.17     -7.10   -133.71  *
     1920/3    4550/3      -14.17     -7.10   -107.33  *
     1600/3    4550/3      -14.17     -7.10    -93.61  *
     1440/3    4550/3      -14.17     -7.10    -84.74  *
     1360/3    4550/3      -14.17     -7.10    -79.89
     1400/3    4550/3      -14.17     -7.10    -84.78  *
 
 PO convergence
  Test-grid  Ref-grid       P_max   P_level  Accuracy
    po1/po2   po1/po2       [dBi]     [dBi]      [dB]
       10/6      10/3       -5.16     -5.16     -2.42
      10/12      10/6       -6.28     -6.28     -2.35
      10/24     10/12      -11.81     -7.10    -12.69
      10/48     10/24      -11.78     -7.10    -45.84
      10/96     10/48      -11.75     -7.10    -65.49
     10/180     10/96      -11.75     -7.10   -114.04  *
      10/72    10/180      -11.75     -7.10    -90.56  *
      10/60    10/180      -11.75     -7.10    -78.48
      10/66    10/180      -11.75     -7.10    -83.48  *
      10/63    10/180      -11.75     -7.10    -80.63  *
      10/62    10/180      -11.75     -7.10    -79.95
  PO1 = 1400  PO2 =   63  Face =   10, Final PO-values from auto-convergence
 
  Face 11:
  Max. values: po1/po2 = 4550/180
 
 PO convergence
  Test-grid  Ref-grid       P_max   P_level  Accuracy
    po1/po2   po1/po2       [dBi]     [dBi]      [dB]
       20/3      10/3       -4.58     -4.58      2.86
       40/3      20/3       -5.55     -5.55      1.58
       80/3      40/3      -10.59     -7.10     -1.09
      160/3      80/3      -12.55     -7.10     -5.62
      320/3     160/3      -12.90     -7.10    -11.26
      640/3     320/3      -13.07     -7.10    -17.06
     1280/3     640/3      -13.08     -7.10    -48.10
     2560/3    1280/3      -13.06     -7.10    -82.87  *
      960/3    2560/3      -13.06     -7.10    -62.54
     1120/3    2560/3      -13.06     -7.10    -68.83
     1200/3    2560/3      -13.06     -7.10    -76.39
     1240/3    2560/3      -13.06     -7.10    -78.28
     1260/3    2560/3      -13.06     -7.10    -80.60  *
 
 PO convergence
  Test-grid  Ref-grid       P_max   P_level  Accuracy
    po1/po2   po1/po2       [dBi]     [dBi]      [dB]
       10/6      10/3       -4.58     -4.58     -1.30
      10/12      10/6       -6.28     -6.28     -2.35
      10/24     10/12       -8.36     -7.10    -10.99
      10/48     10/24       -8.25     -7.10    -43.95
      10/96     10/48       -8.25     -7.10    -62.55
     10/180     10/96       -8.25     -7.10   -112.53  *
      10/72    10/180       -8.25     -7.10    -90.56  *
      10/60    10/180       -8.25     -7.10    -78.81
      10/66    10/180       -8.25     -7.10    -83.21  *
      10/63    10/180       -8.25     -7.10    -78.69
      10/65    10/180       -8.25     -7.10    -80.64  *
  PO1 = 1260  PO2 =   65  Face =   11, Final PO-values from auto-convergence
 
 ----- TASK No. 4 -----     Started at 14:26:39 on June 10, 2019
 ata01_cut get_field ( source : sequence(ref(ata01_main_po)))
 
 
  *** Object name:  ata01_cut
  *** Class name :  spherical_cut
  *** Message    :  Get_field message received
 
  Source : ata01_main_po
 
 
  *** Object name:  ata01_cut
  *** Class name :  spherical_cut
  *** Message    :  Field calculated
 
  Frequency No. :     1
  Beam No. :     1
 
 ----- TASK No. 5 -----     Started at 14:27:51 on June 10, 2019
 ata01_cut add_field ( source : sequence(ref(ata01_feed), ref(ata01_sub_po),
 ref(strut_analysis_circ_cross)))
 
 
  *** Object name:  ata01_cut
  *** Class name :  spherical_cut
  *** Message    :  Add_field message received
 
  Source : ata01_feed
  Source : ata01_sub_po
  Source : strut_analysis_circ_cross
 
 
  *** Object name:  ata01_cut
  *** Class name :  spherical_cut
  *** Message    :  Field calculated
 
  Frequency No. :     1
  Beam No. :     1
 
  Name of currents file: tmp_0003
 
  Control values found in the file:
    No. of frequencies: 1
    No. of beams      : 1
    No. of faces      : 1
    No. of edges      : 1
    No. of gaps       : 0
 
  Frequency number  1 :  11.000 GHz
 
    Face No.      PO1       PO2     Partitions
          1       113       380         1
 
    Edge No.     PTD1
          1       370
 
 
 
  *** Object name:  ata01_cut
  *** Class name :  spherical_cut
  *** Message    :  Field calculated
 
  Frequency No. :     1
  Beam No. :     1
 
  Name of currents file: tmp_0005
 
  Control values found in the file:
    No. of frequencies: 1
    No. of beams      : 1
    No. of faces      : 11
    No. of edges      : 0
    No. of gaps       : 0
 
  Frequency number  1 :  11.000 GHz
 
    Face No.      PO1       PO2     Partitions
          1      4550       180         1
          2      1260        65         1
          3      1140        65         1
          4      4550       180         1
          5      4550       180         1
          6      1040        66         1
          7      1040        68         1
          8       700        68         1
          9       700        65         1
         10      1400        63         1
         11      1260        65         1
 
 
 
  *** Object name:  ata01_cut
  *** Class name :  spherical_cut
  *** Message    :  Field calculated
 
  Frequency No. :     1
  Beam No. :     1
 
 ----- END OF TASKS -----     Completed at 14:29:59 on June 10, 2019
 Total time was 1:23 hrs
 
 GRASP SN: 006720
 Program stopped at 14:30:00 on 10 June 2019
 
