This is pdfTeX, Version 3.14159265-2.6-1.40.16 (TeX Live 2015) (preloaded format=pdflatex 2016.4.15)  23 JAN 2020 14:47
entering extended mode
 restricted \write18 enabled.
 file:line:error style messages enabled.
 %&-line parsing enabled.
**Snap-Enclosure-10-2019.tex
(./Snap-Enclosure-10-2019.tex
LaTeX2e <2015/01/01>
Babel <3.9l> and hyphenation patterns for 79 languages loaded.
(/usr/local/texlive/2015/texmf-dist/tex/latex/base/article.cls
Document Class: article 2014/09/29 v1.4h Standard LaTeX document class
(/usr/local/texlive/2015/texmf-dist/tex/latex/base/size12.clo
File: size12.clo 2014/09/29 v1.4h Standard LaTeX file (size option)
)
\c@part=\count79
\c@section=\count80
\c@subsection=\count81
\c@subsubsection=\count82
\c@paragraph=\count83
\c@subparagraph=\count84
\c@figure=\count85
\c@table=\count86
\abovecaptionskip=\skip41
\belowcaptionskip=\skip42
\bibindent=\dimen102
)
(/usr/local/texlive/2015/texmf-dist/tex/latex/geometry/geometry.sty
Package: geometry 2010/09/12 v5.6 Page Geometry

(/usr/local/texlive/2015/texmf-dist/tex/latex/graphics/keyval.sty
Package: keyval 2014/10/28 v1.15 key=value parser (DPC)
\KV@toks@=\toks14
)
(/usr/local/texlive/2015/texmf-dist/tex/generic/oberdiek/ifpdf.sty
Package: ifpdf 2011/01/30 v2.3 Provides the ifpdf switch (HO)
Package ifpdf Info: pdfTeX in PDF mode is detected.
)
(/usr/local/texlive/2015/texmf-dist/tex/generic/oberdiek/ifvtex.sty
Package: ifvtex 2010/03/01 v1.5 Detect VTeX and its facilities (HO)
Package ifvtex Info: VTeX not detected.
)
(/usr/local/texlive/2015/texmf-dist/tex/generic/ifxetex/ifxetex.sty
Package: ifxetex 2010/09/12 v0.6 Provides ifxetex conditional
)
\Gm@cnth=\count87
\Gm@cntv=\count88
\c@Gm@tempcnt=\count89
\Gm@bindingoffset=\dimen103
\Gm@wd@mp=\dimen104
\Gm@odd@mp=\dimen105
\Gm@even@mp=\dimen106
\Gm@layoutwidth=\dimen107
\Gm@layoutheight=\dimen108
\Gm@layouthoffset=\dimen109
\Gm@layoutvoffset=\dimen110
\Gm@dimlist=\toks15
)
(/usr/local/texlive/2015/texmf-dist/tex/latex/appendix/appendix.sty
Package: appendix 2009/09/02 v1.2b extra appendix facilities
\c@@pps=\count90
\c@@ppsavesec=\count91
\c@@ppsaveapp=\count92
)
(/usr/local/texlive/2015/texmf-dist/tex/latex/graphics/graphicx.sty
Package: graphicx 2014/10/28 v1.0g Enhanced LaTeX Graphics (DPC,SPQR)

(/usr/local/texlive/2015/texmf-dist/tex/latex/graphics/graphics.sty
Package: graphics 2014/10/28 v1.0p Standard LaTeX Graphics (DPC,SPQR)

(/usr/local/texlive/2015/texmf-dist/tex/latex/graphics/trig.sty
Package: trig 1999/03/16 v1.09 sin cos tan (DPC)
)
(/usr/local/texlive/2015/texmf-dist/tex/latex/latexconfig/graphics.cfg
File: graphics.cfg 2010/04/23 v1.9 graphics configuration of TeX Live
)
Package graphics Info: Driver file: dvips.def on input line 94.

(/usr/local/texlive/2015/texmf-dist/tex/latex/graphics/dvips.def
File: dvips.def 2014/10/14 v3.0j Driver-dependent file (DPC,SPQR)
))
\Gin@req@height=\dimen111
\Gin@req@width=\dimen112
)
(/usr/local/texlive/2015/texmf-dist/tex/latex/graphics/epsfig.sty
Package: epsfig 1999/02/16 v1.7a (e)psfig emulation (SPQR)
\epsfxsize=\dimen113
\epsfysize=\dimen114
)
(/usr/local/texlive/2015/texmf-dist/tex/latex/amsmath/amsmath.sty
Package: amsmath 2013/01/14 v2.14 AMS math features
\@mathmargin=\skip43

For additional information on amsmath, use the `?' option.
(/usr/local/texlive/2015/texmf-dist/tex/latex/amsmath/amstext.sty
Package: amstext 2000/06/29 v2.01

(/usr/local/texlive/2015/texmf-dist/tex/latex/amsmath/amsgen.sty
File: amsgen.sty 1999/11/30 v2.0
\@emptytoks=\toks16
\ex@=\dimen115
))
(/usr/local/texlive/2015/texmf-dist/tex/latex/amsmath/amsbsy.sty
Package: amsbsy 1999/11/29 v1.2d
\pmbraise@=\dimen116
)
(/usr/local/texlive/2015/texmf-dist/tex/latex/amsmath/amsopn.sty
Package: amsopn 1999/12/14 v2.01 operator names
)
\inf@bad=\count93
LaTeX Info: Redefining \frac on input line 210.
\uproot@=\count94
\leftroot@=\count95
LaTeX Info: Redefining \overline on input line 306.
\classnum@=\count96
\DOTSCASE@=\count97
LaTeX Info: Redefining \ldots on input line 378.
LaTeX Info: Redefining \dots on input line 381.
LaTeX Info: Redefining \cdots on input line 466.
\Mathstrutbox@=\box26
\strutbox@=\box27
\big@size=\dimen117
LaTeX Font Info:    Redeclaring font encoding OML on input line 566.
LaTeX Font Info:    Redeclaring font encoding OMS on input line 567.
\macc@depth=\count98
\c@MaxMatrixCols=\count99
\dotsspace@=\muskip10
\c@parentequation=\count100
\dspbrk@lvl=\count101
\tag@help=\toks17
\row@=\count102
\column@=\count103
\maxfields@=\count104
\andhelp@=\toks18
\eqnshift@=\dimen118
\alignsep@=\dimen119
\tagshift@=\dimen120
\tagwidth@=\dimen121
\totwidth@=\dimen122
\lineht@=\dimen123
\@envbody=\toks19
\multlinegap=\skip44
\multlinetaggap=\skip45
\mathdisplay@stack=\toks20
LaTeX Info: Redefining \[ on input line 2665.
LaTeX Info: Redefining \] on input line 2666.
)
(/usr/local/texlive/2015/texmf-dist/tex/latex/amsfonts/amssymb.sty
Package: amssymb 2013/01/14 v3.01 AMS font symbols

(/usr/local/texlive/2015/texmf-dist/tex/latex/amsfonts/amsfonts.sty
Package: amsfonts 2013/01/14 v3.01 Basic AMSFonts support
\symAMSa=\mathgroup4
\symAMSb=\mathgroup5
LaTeX Font Info:    Overwriting math alphabet `\mathfrak' in version `bold'
(Font)                  U/euf/m/n --> U/euf/b/n on input line 106.
))
(/usr/local/texlive/2015/texmf-dist/tex/latex/psfrag/psfrag.sty
Package: psfrag 1998/04/11 v3.04 PSfrag (MCG)
\pfg@pcount=\count105
\pfg@scount=\count106
\pfg@temp=\write3
)
(/usr/local/texlive/2015/texmf-dist/tex/latex/natbib/natbib.sty
Package: natbib 2010/09/13 8.31b (PWD, AO)
\bibhang=\skip46
\bibsep=\skip47
LaTeX Info: Redefining \cite on input line 694.
\c@NAT@ctr=\count107
)
(/usr/local/texlive/2015/texmf-dist/tex/latex/fancyhdr/fancyhdr.sty
\fancy@headwidth=\skip48
\f@ncyO@elh=\skip49
\f@ncyO@erh=\skip50
\f@ncyO@olh=\skip51
\f@ncyO@orh=\skip52
\f@ncyO@elf=\skip53
\f@ncyO@erf=\skip54
\f@ncyO@olf=\skip55
\f@ncyO@orf=\skip56
)
(/usr/local/texlive/2015/texmf-dist/tex/latex/tocbibind/tocbibind.sty
Package: tocbibind 2010/10/13 v1.5k extra ToC listings
Package tocbibind Info: The document has section divisions on input line 50.


Package tocbibind Note: Using section or other style headings.

) (/usr/local/texlive/2015/texmf-dist/tex/latex/graphics/color.sty
Package: color 2014/10/28 v1.1a Standard LaTeX Color (DPC)

(/usr/local/texlive/2015/texmf-dist/tex/latex/latexconfig/color.cfg
File: color.cfg 2007/01/18 v1.5 color configuration of teTeX/TeXLive
)
Package color Info: Driver file: pdftex.def on input line 142.

(/usr/local/texlive/2015/texmf-dist/tex/latex/pdftex-def/pdftex.def
File: pdftex.def 2011/05/27 v0.06d Graphics/color for pdfTeX

(/usr/local/texlive/2015/texmf-dist/tex/generic/oberdiek/infwarerr.sty
Package: infwarerr 2010/04/08 v1.3 Providing info/warning/error messages (HO)
)
(/usr/local/texlive/2015/texmf-dist/tex/generic/oberdiek/ltxcmds.sty
Package: ltxcmds 2011/11/09 v1.22 LaTeX kernel commands for general use (HO)
)
\Gread@gobject=\count108
))
(/usr/local/texlive/2015/texmf-dist/tex/latex/base/fixltx2e.sty
Package: fixltx2e 2015/02/21 v2.0a fixes to LaTeX (obsolete)


Package fixltx2e Warning: fixltx2e is not required with releases after 2015
(fixltx2e)                All fixes are now in the LaTeX kernel.
(fixltx2e)                See the latexrelease package for details.

) (/usr/local/texlive/2015/texmf-dist/tex/latex/pdfpages/pdfpages.sty
Package: pdfpages 2015/05/11 v0.4x Insert pages of external PDF documents (AM)

(/usr/local/texlive/2015/texmf-dist/tex/latex/base/ifthen.sty
Package: ifthen 2014/09/29 v1.1c Standard LaTeX ifthen package (DPC)
)
(/usr/local/texlive/2015/texmf-dist/tex/latex/tools/calc.sty
Package: calc 2014/10/28 v4.3 Infix arithmetic (KKT,FJ)
\calc@Acount=\count109
\calc@Bcount=\count110
\calc@Adimen=\dimen124
\calc@Bdimen=\dimen125
\calc@Askip=\skip57
\calc@Bskip=\skip58
LaTeX Info: Redefining \setlength on input line 80.
LaTeX Info: Redefining \addtolength on input line 81.
\calc@Ccount=\count111
\calc@Cskip=\skip59
)
(/usr/local/texlive/2015/texmf-dist/tex/latex/eso-pic/eso-pic.sty
Package: eso-pic 2015/04/20 v2.0e eso-pic (RN)

(/usr/local/texlive/2015/texmf-dist/tex/generic/oberdiek/atbegshi.sty
Package: atbegshi 2011/10/05 v1.16 At begin shipout hook (HO)
))
\AM@pagewidth=\dimen126
\AM@pageheight=\dimen127

(/usr/local/texlive/2015/texmf-dist/tex/latex/pdfpages/pppdftex.def
File: pppdftex.def 2015/05/11 v0.4x Pdfpages driver for pdfTeX (AM)
)
\AM@pagebox=\box28
\AM@toc@title=\toks21
\c@AM@survey=\count112
\AM@templatesizebox=\box29
)
(/usr/local/texlive/2015/texmf-dist/tex/latex/oberdiek/pdflscape.sty
Package: pdflscape 2008/08/11 v0.10 Display of landscape pages in PDF (HO)

(/usr/local/texlive/2015/texmf-dist/tex/latex/graphics/lscape.sty
Package: lscape 2000/10/22 v3.01 Landscape Pages (DPC)
)
Package pdflscape Info: Auto-detected driver: pdftex on input line 80.
)
(/usr/local/texlive/2015/texmf-dist/tex/latex/booktabs/booktabs.sty
Package: booktabs 2005/04/14 v1.61803 publication quality tables
\heavyrulewidth=\dimen128
\lightrulewidth=\dimen129
\cmidrulewidth=\dimen130
\belowrulesep=\dimen131
\belowbottomsep=\dimen132
\aboverulesep=\dimen133
\abovetopsep=\dimen134
\cmidrulesep=\dimen135
\cmidrulekern=\dimen136
\defaultaddspace=\dimen137
\@cmidla=\count113
\@cmidlb=\count114
\@aboverulesep=\dimen138
\@belowrulesep=\dimen139
\@thisruleclass=\count115
\@lastruleclass=\count116
\@thisrulewidth=\dimen140
)
(/usr/local/texlive/2015/texmf-dist/tex/latex/float/float.sty
Package: float 2001/11/08 v1.3d Float enhancements (AL)
\c@float@type=\count117
\float@exts=\toks22
\float@box=\box30
\@float@everytoks=\toks23
\@floatcapt=\box31
)
(/usr/local/texlive/2015/texmf-dist/tex/latex/tools/afterpage.sty
Package: afterpage 2014/10/28 v1.08 After-Page Package (DPC)
\AP@output=\toks24
\AP@partial=\box32
\AP@footins=\box33
)
(/usr/local/texlive/2015/texmf-dist/tex/latex/caption/subcaption.sty
Package: subcaption 2013/02/03 v1.1-62 Sub-captions (AR)

(/usr/local/texlive/2015/texmf-dist/tex/latex/caption/caption.sty
Package: caption 2013/05/02 v3.3-89 Customizing captions (AR)

(/usr/local/texlive/2015/texmf-dist/tex/latex/caption/caption3.sty
Package: caption3 2013/05/02 v1.6-88 caption3 kernel (AR)
Package caption3 Info: TeX engine: e-TeX on input line 57.
\captionmargin=\dimen141
\captionmargin@=\dimen142
\captionwidth=\dimen143
\caption@tempdima=\dimen144
\caption@indent=\dimen145
\caption@parindent=\dimen146
\caption@hangindent=\dimen147
)
\c@ContinuedFloat=\count118
Package caption Info: float package is loaded.
)
\c@subfigure=\count119
\c@subtable=\count120
)
(/usr/local/texlive/2015/texmf-dist/tex/latex/rotating/rotating.sty
Package: rotating 2009/03/28 v2.16a rotated objects in LaTeX
\c@r@tfl@t=\count121
\rotFPtop=\skip60
\rotFPbot=\skip61
\rot@float@box=\box34
\rot@mess@toks=\toks25
)
(/usr/local/texlive/2015/texmf-dist/tex/latex/enumitem/enumitem.sty
Package: enumitem 2011/09/28 v3.5.2 Customized lists
\labelindent=\skip62
\enit@outerparindent=\dimen148
\enit@toks=\toks26
\enit@inbox=\box35
\enitdp@description=\count122
)
(/usr/local/texlive/2015/texmf-dist/tex/latex/tools/array.sty
Package: array 2014/10/28 v2.4c Tabular extension package (FMi)
\col@sep=\dimen149
\extrarowheight=\dimen150
\NC@list=\toks27
\extratabsurround=\skip63
\backup@length=\skip64
)
(/usr/local/texlive/2015/texmf-dist/tex/latex/tools/tabularx.sty
Package: tabularx 2014/10/28 v2.10 `tabularx' package (DPC)
\TX@col@width=\dimen151
\TX@old@table=\dimen152
\TX@old@col=\dimen153
\TX@target=\dimen154
\TX@delta=\dimen155
\TX@cols=\count123
\TX@ftn=\toks28
)
(/usr/local/texlive/2015/texmf-dist/tex/latex/fancyref/fancyref.sty
Package: fancyref 1999/02/03 v0.9c Fancy cross-referencing

(/usr/local/texlive/2015/texmf-dist/tex/latex/tools/varioref.sty
Package: varioref 2014/10/28 v1.5a package for extended references (FMi)
\c@vrcnt=\count124
))
(/usr/local/texlive/2015/texmf-dist/tex/latex/xcolor/xcolor.sty
Package: xcolor 2007/01/21 v2.11 LaTeX color extensions (UK)

(/usr/local/texlive/2015/texmf-dist/tex/latex/latexconfig/color.cfg
File: color.cfg 2007/01/18 v1.5 color configuration of teTeX/TeXLive
)
Package xcolor Info: Driver file: pdftex.def on input line 225.
LaTeX Info: Redefining \color on input line 702.
Package xcolor Info: Model `cmy' substituted by `cmy0' on input line 1337.
Package xcolor Info: Model `RGB' extended on input line 1353.
Package xcolor Info: Model `HTML' substituted by `rgb' on input line 1355.
Package xcolor Info: Model `Hsb' substituted by `hsb' on input line 1356.
Package xcolor Info: Model `tHsb' substituted by `hsb' on input line 1357.
Package xcolor Info: Model `HSB' substituted by `hsb' on input line 1358.
Package xcolor Info: Model `Gray' substituted by `gray' on input line 1359.
Package xcolor Info: Model `wave' substituted by `hsb' on input line 1360.

(/usr/local/texlive/2015/texmf-dist/tex/latex/graphics/dvipsnam.def
File: dvipsnam.def 2014/10/14 v3.0j Driver-dependent file (DPC,SPQR)
))
(/usr/local/texlive/2015/texmf-dist/tex/latex/hyperref/hyperref.sty
Package: hyperref 2012/11/06 v6.83m Hypertext links for LaTeX

(/usr/local/texlive/2015/texmf-dist/tex/generic/oberdiek/hobsub-hyperref.sty
Package: hobsub-hyperref 2012/05/28 v1.13 Bundle oberdiek, subset hyperref (HO)


(/usr/local/texlive/2015/texmf-dist/tex/generic/oberdiek/hobsub-generic.sty
Package: hobsub-generic 2012/05/28 v1.13 Bundle oberdiek, subset generic (HO)
Package: hobsub 2012/05/28 v1.13 Construct package bundles (HO)
Package hobsub Info: Skipping package `infwarerr' (already loaded).
Package hobsub Info: Skipping package `ltxcmds' (already loaded).
Package: ifluatex 2010/03/01 v1.3 Provides the ifluatex switch (HO)
Package ifluatex Info: LuaTeX not detected.
Package hobsub Info: Skipping package `ifvtex' (already loaded).
Package: intcalc 2007/09/27 v1.1 Expandable calculations with integers (HO)
Package hobsub Info: Skipping package `ifpdf' (already loaded).
Package: etexcmds 2011/02/16 v1.5 Avoid name clashes with e-TeX commands (HO)
Package etexcmds Info: Could not find \expanded.
(etexcmds)             That can mean that you are not using pdfTeX 1.50 or
(etexcmds)             that some package has redefined \expanded.
(etexcmds)             In the latter case, load this package earlier.
Package: kvsetkeys 2012/04/25 v1.16 Key value parser (HO)
Package: kvdefinekeys 2011/04/07 v1.3 Define keys (HO)
Package: pdftexcmds 2011/11/29 v0.20 Utility functions of pdfTeX for LuaTeX (HO
)
Package pdftexcmds Info: LuaTeX not detected.
Package pdftexcmds Info: \pdf@primitive is available.
Package pdftexcmds Info: \pdf@ifprimitive is available.
Package pdftexcmds Info: \pdfdraftmode found.
Package: pdfescape 2011/11/25 v1.13 Implements pdfTeX's escape features (HO)
Package: bigintcalc 2012/04/08 v1.3 Expandable calculations on big integers (HO
)
Package: bitset 2011/01/30 v1.1 Handle bit-vector datatype (HO)
Package: uniquecounter 2011/01/30 v1.2 Provide unlimited unique counter (HO)
)
Package hobsub Info: Skipping package `hobsub' (already loaded).
Package: letltxmacro 2010/09/02 v1.4 Let assignment for LaTeX macros (HO)
Package: hopatch 2012/05/28 v1.2 Wrapper for package hooks (HO)
Package: xcolor-patch 2011/01/30 xcolor patch
Package: atveryend 2011/06/30 v1.8 Hooks at the very end of document (HO)
Package atveryend Info: \AP@enddocument detected (standard20110627).
Package hobsub Info: Skipping package `atbegshi' (already loaded).
Package: refcount 2011/10/16 v3.4 Data extraction from label references (HO)
Package: hycolor 2011/01/30 v1.7 Color options for hyperref/bookmark (HO)
)
(/usr/local/texlive/2015/texmf-dist/tex/latex/oberdiek/auxhook.sty
Package: auxhook 2011/03/04 v1.3 Hooks for auxiliary files (HO)
)
(/usr/local/texlive/2015/texmf-dist/tex/latex/oberdiek/kvoptions.sty
Package: kvoptions 2011/06/30 v3.11 Key value format for package options (HO)
)
\@linkdim=\dimen156
\Hy@linkcounter=\count125
\Hy@pagecounter=\count126

(/usr/local/texlive/2015/texmf-dist/tex/latex/hyperref/pd1enc.def
File: pd1enc.def 2012/11/06 v6.83m Hyperref: PDFDocEncoding definition (HO)
)
\Hy@SavedSpaceFactor=\count127

(/usr/local/texlive/2015/texmf-dist/tex/latex/latexconfig/hyperref.cfg
File: hyperref.cfg 2002/06/06 v1.2 hyperref configuration of TeXLive
)
Package hyperref Info: Option `colorlinks' set `true' on input line 4319.
Package hyperref Info: Hyper figures OFF on input line 4443.
Package hyperref Info: Link nesting OFF on input line 4448.
Package hyperref Info: Hyper index ON on input line 4451.
Package hyperref Info: Plain pages OFF on input line 4458.
Package hyperref Info: Backreferencing OFF on input line 4463.
Package hyperref Info: Implicit mode ON; LaTeX internals redefined.
Package hyperref Info: Bookmarks ON on input line 4688.
\c@Hy@tempcnt=\count128

(/usr/local/texlive/2015/texmf-dist/tex/latex/url/url.sty
\Urlmuskip=\muskip11
Package: url 2013/09/16  ver 3.4  Verb mode for urls, etc.
)
LaTeX Info: Redefining \url on input line 5041.
\XeTeXLinkMargin=\dimen157
\Fld@menulength=\count129
\Field@Width=\dimen158
\Fld@charsize=\dimen159
Package hyperref Info: Hyper figures OFF on input line 6295.
Package hyperref Info: Link nesting OFF on input line 6300.
Package hyperref Info: Hyper index ON on input line 6303.
Package hyperref Info: backreferencing OFF on input line 6310.
Package hyperref Info: Link coloring ON on input line 6313.
Package hyperref Info: Link coloring with OCG OFF on input line 6320.
Package hyperref Info: PDF/A mode OFF on input line 6325.
LaTeX Info: Redefining \ref on input line 6365.
LaTeX Info: Redefining \pageref on input line 6369.
\Hy@abspage=\count130
\c@Item=\count131
\c@Hfootnote=\count132
)

Package hyperref Message: Driver (autodetected): hpdftex.

(/usr/local/texlive/2015/texmf-dist/tex/latex/hyperref/hpdftex.def
File: hpdftex.def 2012/11/06 v6.83m Hyperref driver for pdfTeX
\Fld@listcount=\count133
\c@bookmark@seq@number=\count134

(/usr/local/texlive/2015/texmf-dist/tex/latex/oberdiek/rerunfilecheck.sty
Package: rerunfilecheck 2011/04/15 v1.7 Rerun checks for auxiliary files (HO)
Package uniquecounter Info: New unique counter `rerunfilecheck' on input line 2
82.
)
\Hy@SectionHShift=\skip65
)
(./Snap-Enclosure-10-2019.aux

LaTeX Warning: Label `fig:CAD-model' multiply defined.

)
\openout1 = `Snap-Enclosure-10-2019.aux'.

LaTeX Font Info:    Checking defaults for OML/cmm/m/it on input line 64.
LaTeX Font Info:    ... okay on input line 64.
LaTeX Font Info:    Checking defaults for T1/cmr/m/n on input line 64.
LaTeX Font Info:    ... okay on input line 64.
LaTeX Font Info:    Checking defaults for OT1/cmr/m/n on input line 64.
LaTeX Font Info:    ... okay on input line 64.
LaTeX Font Info:    Checking defaults for OMS/cmsy/m/n on input line 64.
LaTeX Font Info:    ... okay on input line 64.
LaTeX Font Info:    Checking defaults for OMX/cmex/m/n on input line 64.
LaTeX Font Info:    ... okay on input line 64.
LaTeX Font Info:    Checking defaults for U/cmr/m/n on input line 64.
LaTeX Font Info:    ... okay on input line 64.
LaTeX Font Info:    Checking defaults for PD1/pdf/m/n on input line 64.
LaTeX Font Info:    ... okay on input line 64.

*geometry* driver: auto-detecting
*geometry* detected driver: pdftex
*geometry* verbose mode - [ preamble ] result:
* driver: pdftex
* paper: a4paper
* layout: <same size as paper>
* layoutoffset:(h,v)=(0.0pt,0.0pt)
* modes: 
* h-part:(L,W,R)=(86.72377pt, 424.06033pt, 86.72377pt)
* v-part:(T,H,B)=(86.72377pt, 671.5993pt, 86.72377pt)
* \paperwidth=597.50787pt
* \paperheight=845.04684pt
* \textwidth=424.06033pt
* \textheight=671.5993pt
* \oddsidemargin=14.45378pt
* \evensidemargin=14.45378pt
* \topmargin=-22.54622pt
* \headheight=12.0pt
* \headsep=25.0pt
* \topskip=12.0pt
* \footskip=30.0pt
* \marginparwidth=35.0pt
* \marginparsep=10.0pt
* \columnsep=10.0pt
* \skip\footins=10.8pt plus 4.0pt minus 2.0pt
* \hoffset=0.0pt
* \voffset=0.0pt
* \mag=1000
* \@twocolumnfalse
* \@twosidefalse
* \@mparswitchfalse
* \@reversemarginfalse
* (1in=72.27pt=25.4mm, 1cm=28.453pt)

(/usr/local/texlive/2015/texmf-dist/tex/latex/oberdiek/epstopdf-base.sty
Package: epstopdf-base 2010/02/09 v2.5 Base part for package epstopdf

(/usr/local/texlive/2015/texmf-dist/tex/latex/oberdiek/grfext.sty
Package: grfext 2010/08/19 v1.1 Manage graphics extensions (HO)
)
Package epstopdf-base Info: Redefining graphics rule for `.eps' on input line 4
34.
Package grfext Info: Graphics extension search list:
(grfext)             [.png,.pdf,.jpg,.mps,.jpeg,.jbig2,.jb2,.PNG,.PDF,.JPG,.JPE
G,.JBIG2,.JB2,.eps]
(grfext)             \AppendGraphicsExtensions on input line 452.

(/usr/local/texlive/2015/texmf-dist/tex/latex/latexconfig/epstopdf-sys.cfg
File: epstopdf-sys.cfg 2010/07/13 v1.3 Configuration of (r)epstopdf for TeX Liv
e
))
(/usr/local/texlive/2015/texmf-dist/tex/context/base/supp-pdf.mkii
[Loading MPS to PDF converter (version 2006.09.02).]
\scratchcounter=\count135
\scratchdimen=\dimen160
\scratchbox=\box36
\nofMPsegments=\count136
\nofMParguments=\count137
\everyMPshowfont=\toks29
\MPscratchCnt=\count138
\MPscratchDim=\dimen161
\MPnumerator=\count139
\makeMPintoPDFobject=\count140
\everyMPtoPDFconversion=\toks30
)
\AtBeginShipoutBox=\box37
Package caption Info: Begin \AtBeginDocument code.
Package caption Info: hyperref package is loaded.
Package caption Info: rotating package is loaded.
Package caption Info: End \AtBeginDocument code.
Package hyperref Info: Link coloring ON on input line 64.
 (/usr/local/texlive/2015/texmf-dist/tex/latex/hyperref/nameref.sty
Package: nameref 2012/10/27 v2.43 Cross-referencing by name of section

(/usr/local/texlive/2015/texmf-dist/tex/generic/oberdiek/gettitlestring.sty
Package: gettitlestring 2010/12/03 v1.4 Cleanup title references (HO)
)
\c@section@level=\count141
LaTeX Info: Redefining \Ref on input line 513.
)
LaTeX Info: Redefining \ref on input line 64.
LaTeX Info: Redefining \pageref on input line 64.
LaTeX Info: Redefining \nameref on input line 64.

(./Snap-Enclosure-10-2019.out) (./Snap-Enclosure-10-2019.out)
\@outlinefile=\write4
\openout4 = `Snap-Enclosure-10-2019.out'.

LaTeX Info: Redefining \Ref on input line 64.

<titlepage/SETI_institute_logo.jpg, id=24, 401.5pt x 401.5pt>
File: titlepage/SETI_institute_logo.jpg Graphic file (type jpg)

<use titlepage/SETI_institute_logo.jpg>
Package pdftex.def Info: titlepage/SETI_institute_logo.jpg used on input line 6
6.
(pdftex.def)             Requested size: 113.80992pt x 113.81102pt.
LaTeX Font Info:    Try loading font information for U+msa on input line 66.

(/usr/local/texlive/2015/texmf-dist/tex/latex/amsfonts/umsa.fd
File: umsa.fd 2013/01/14 v3.01 AMS symbols A
)
LaTeX Font Info:    Try loading font information for U+msb on input line 66.

(/usr/local/texlive/2015/texmf-dist/tex/latex/amsfonts/umsb.fd
File: umsb.fd 2013/01/14 v3.01 AMS symbols B
) [1
Non-PDF special ignored!


{/usr/local/texlive/2015/texmf-var/fonts/map/pdftex/updmap/pdftex.map} <./title
page/SETI_institute_logo.jpg>]
<figures/VD4001-00-0117.png, id=34, 1453.43pt x 913.91437pt>
File: figures/VD4001-00-0117.png Graphic file (type png)

<use figures/VD4001-00-0117.png>
Package pdftex.def Info: figures/VD4001-00-0117.png used on input line 110.
(pdftex.def)             Requested size: 424.06033pt x 266.64601pt.


Package Fancyhdr Warning: \headheight is too small (12.0pt): 
 Make it at least 14.49998pt.
 We now make it that large for the rest of the document.
 This may cause the page layout to be inconsistent, however.

[2 <./figures/VD4001-00-0117.png>]
Overfull \hbox (9.70183pt too wide) in paragraph at lines 122--123
[]\OT1/cmr/m/n/12 https://www.frontpanelexpress.com[] by up-load-ing the de-sig
n files []VC4039-00-0001.fpd[]
 []

<figures/front.jpeg, id=43, 3727.9275pt x 1064.97874pt>
File: figures/front.jpeg Graphic file (type jpg)

<use figures/front.jpeg>
Package pdftex.def Info: figures/front.jpeg used on input line 199.
(pdftex.def)             Requested size: 424.06033pt x 121.12933pt.

<figures/iso-closed.jpeg, id=44, 3257.16875pt x 1981.4025pt>
File: figures/iso-closed.jpeg Graphic file (type jpg)

<use figures/iso-closed.jpeg>
Package pdftex.def Info: figures/iso-closed.jpeg used on input line 205.
(pdftex.def)             Requested size: 424.06033pt x 257.95418pt.


Package Fancyhdr Warning: \headheight is too small (12.0pt): 
 Make it at least 14.49998pt.
 We now make it that large for the rest of the document.
 This may cause the page layout to be inconsistent, however.

[3] <figures/top-open.jpeg, id=53, 2898.83pt x 2637.855pt>
File: figures/top-open.jpeg Graphic file (type jpg)

<use figures/top-open.jpeg>
Package pdftex.def Info: figures/top-open.jpeg used on input line 215.
(pdftex.def)             Requested size: 424.06033pt x 385.88034pt.


Package Fancyhdr Warning: \headheight is too small (12.0pt): 
 Make it at least 14.49998pt.
 We now make it that large for the rest of the document.
 This may cause the page layout to be inconsistent, however.

[4 <./figures/front.jpeg> <./figures/iso-closed.jpeg>]

pdfTeX warning: /Library/TeX/texbin/pdflatex (file ./figures/VC4039-00-0001.pdf
): PDF inclusion: found PDF version <1.6>, but at most version <1.5> allowed
<figures/VC4039-00-0001.pdf, id=60, 1690.315pt x 1195.46625pt>
File: figures/VC4039-00-0001.pdf Graphic file (type pdf)

<use figures/VC4039-00-0001.pdf>
Package pdftex.def Info: figures/VC4039-00-0001.pdf used on input line 228.
(pdftex.def)             Requested size: 1690.31088pt x 1195.46333pt.


pdfTeX warning: /Library/TeX/texbin/pdflatex (file ./figures/VC4039-00-0001.pdf
): PDF inclusion: found PDF version <1.6>, but at most version <1.5> allowed
File: figures/VC4039-00-0001.pdf Graphic file (type pdf)
<use figures/VC4039-00-0001.pdf>
Package pdftex.def Info: figures/VC4039-00-0001.pdf used on input line 228.
(pdftex.def)             Requested size: 1690.31088pt x 1195.46333pt.


pdfTeX warning: /Library/TeX/texbin/pdflatex (file ./figures/VC4039-00-0001.pdf
): PDF inclusion: found PDF version <1.6>, but at most version <1.5> allowed


pdfTeX warning: /Library/TeX/texbin/pdflatex (file ./figures/VC4039-00-0001.pdf
): PDF inclusion: found PDF version <1.6>, but at most version <1.5> allowed
<figures/VC4039-00-0001.pdf, id=63, page=1, 1690.315pt x 1195.46625pt>
File: figures/VC4039-00-0001.pdf Graphic file (type pdf)

<use figures/VC4039-00-0001.pdf, page 1>
Package pdftex.def Info: figures/VC4039-00-0001.pdf, page1 used on input line 2
28.
(pdftex.def)             Requested size: 1690.31088pt x 1195.46333pt.
File: figures/VC4039-00-0001.pdf Graphic file (type pdf)

<use figures/VC4039-00-0001.pdf, page 1>
Package pdftex.def Info: figures/VC4039-00-0001.pdf, page1 used on input line 2
28.
(pdftex.def)             Requested size: 1690.62038pt x 1195.68222pt.
File: figures/VC4039-00-0001.pdf Graphic file (type pdf)

<use figures/VC4039-00-0001.pdf, page 1>
Package pdftex.def Info: figures/VC4039-00-0001.pdf, page1 used on input line 2
28.
(pdftex.def)             Requested size: 1690.62038pt x 1195.68222pt.
File: figures/VC4039-00-0001.pdf Graphic file (type pdf)

<use figures/VC4039-00-0001.pdf, page 1>
Package pdftex.def Info: figures/VC4039-00-0001.pdf, page1 used on input line 2
28.
(pdftex.def)             Requested size: 1690.62038pt x 1195.68222pt.


Package Fancyhdr Warning: \headheight is too small (12.0pt): 
 Make it at least 14.49998pt.
 We now make it that large for the rest of the document.
 This may cause the page layout to be inconsistent, however.

[5 <./figures/top-open.jpeg>]

pdfTeX warning: /Library/TeX/texbin/pdflatex (file ./figures/VC4039-00-0001.pdf
): PDF inclusion: found PDF version <1.6>, but at most version <1.5> allowed
<figures/VC4039-00-0001.pdf, id=68, page=2, 1690.315pt x 1195.46625pt>
File: figures/VC4039-00-0001.pdf Graphic file (type pdf)

<use figures/VC4039-00-0001.pdf, page 2>
Package pdftex.def Info: figures/VC4039-00-0001.pdf, page2 used on input line 2
28.
(pdftex.def)             Requested size: 1690.62038pt x 1195.68222pt.
File: figures/VC4039-00-0001.pdf Graphic file (type pdf)

<use figures/VC4039-00-0001.pdf, page 2>
Package pdftex.def Info: figures/VC4039-00-0001.pdf, page2 used on input line 2
28.
(pdftex.def)             Requested size: 1690.62038pt x 1195.68222pt.
File: figures/VC4039-00-0001.pdf Graphic file (type pdf)

<use figures/VC4039-00-0001.pdf, page 1>
Package pdftex.def Info: figures/VC4039-00-0001.pdf, page1 used on input line 2
28.
(pdftex.def)             Requested size: 1690.62038pt x 1195.68222pt.
 [6 <./figures/VC4039-00-0001.pdf>]

pdfTeX warning: /Library/TeX/texbin/pdflatex (file ./figures/VC4039-00-0001.pdf
): PDF inclusion: found PDF version <1.6>, but at most version <1.5> allowed
<figures/VC4039-00-0001.pdf, id=101, page=3, 1690.315pt x 1195.46625pt>
File: figures/VC4039-00-0001.pdf Graphic file (type pdf)

<use figures/VC4039-00-0001.pdf, page 3>
Package pdftex.def Info: figures/VC4039-00-0001.pdf, page3 used on input line 2
28.
(pdftex.def)             Requested size: 1690.62038pt x 1195.68222pt.
File: figures/VC4039-00-0001.pdf Graphic file (type pdf)

<use figures/VC4039-00-0001.pdf, page 3>
Package pdftex.def Info: figures/VC4039-00-0001.pdf, page3 used on input line 2
28.
(pdftex.def)             Requested size: 1690.62038pt x 1195.68222pt.
File: figures/VC4039-00-0001.pdf Graphic file (type pdf)

<use figures/VC4039-00-0001.pdf, page 2>
Package pdftex.def Info: figures/VC4039-00-0001.pdf, page2 used on input line 2
28.
(pdftex.def)             Requested size: 1690.62038pt x 1195.68222pt.
 [7 <./figures/VC4039-00-0001.pdf>]
File: figures/VC4039-00-0001.pdf Graphic file (type pdf)

<use figures/VC4039-00-0001.pdf, page 3>
Package pdftex.def Info: figures/VC4039-00-0001.pdf, page3 used on input line 2
28.
(pdftex.def)             Requested size: 1690.62038pt x 1195.68222pt.
 [8 <./figures/VC4039-00-0001.pdf>]

pdfTeX warning: /Library/TeX/texbin/pdflatex (file ./figures/VC4084-00-0018.pdf
): PDF inclusion: found PDF version <1.6>, but at most version <1.5> allowed
<figures/VC4084-00-0018.pdf, id=119, 1690.315pt x 1195.46625pt>
File: figures/VC4084-00-0018.pdf Graphic file (type pdf)

<use figures/VC4084-00-0018.pdf>
Package pdftex.def Info: figures/VC4084-00-0018.pdf used on input line 230.
(pdftex.def)             Requested size: 1690.31088pt x 1195.46333pt.


pdfTeX warning: /Library/TeX/texbin/pdflatex (file ./figures/VC4084-00-0018.pdf
): PDF inclusion: found PDF version <1.6>, but at most version <1.5> allowed
File: figures/VC4084-00-0018.pdf Graphic file (type pdf)
<use figures/VC4084-00-0018.pdf>
Package pdftex.def Info: figures/VC4084-00-0018.pdf used on input line 230.
(pdftex.def)             Requested size: 1690.31088pt x 1195.46333pt.


pdfTeX warning: /Library/TeX/texbin/pdflatex (file ./figures/VC4084-00-0018.pdf
): PDF inclusion: found PDF version <1.6>, but at most version <1.5> allowed


pdfTeX warning: /Library/TeX/texbin/pdflatex (file ./figures/VC4084-00-0018.pdf
): PDF inclusion: found PDF version <1.6>, but at most version <1.5> allowed
<figures/VC4084-00-0018.pdf, id=122, page=1, 1690.315pt x 1195.46625pt>
File: figures/VC4084-00-0018.pdf Graphic file (type pdf)

<use figures/VC4084-00-0018.pdf, page 1>
Package pdftex.def Info: figures/VC4084-00-0018.pdf, page1 used on input line 2
30.
(pdftex.def)             Requested size: 1690.31088pt x 1195.46333pt.
File: figures/VC4084-00-0018.pdf Graphic file (type pdf)

<use figures/VC4084-00-0018.pdf, page 1>
Package pdftex.def Info: figures/VC4084-00-0018.pdf, page1 used on input line 2
30.
(pdftex.def)             Requested size: 1690.62038pt x 1195.68222pt.
File: figures/VC4084-00-0018.pdf Graphic file (type pdf)

<use figures/VC4084-00-0018.pdf, page 1>
Package pdftex.def Info: figures/VC4084-00-0018.pdf, page1 used on input line 2
30.
(pdftex.def)             Requested size: 1690.62038pt x 1195.68222pt.
File: figures/VC4084-00-0018.pdf Graphic file (type pdf)

<use figures/VC4084-00-0018.pdf, page 1>
Package pdftex.def Info: figures/VC4084-00-0018.pdf, page1 used on input line 2
30.
(pdftex.def)             Requested size: 1690.62038pt x 1195.68222pt.


pdfTeX warning: /Library/TeX/texbin/pdflatex (file ./figures/VC4084-00-0018.pdf
): PDF inclusion: found PDF version <1.6>, but at most version <1.5> allowed
<figures/VC4084-00-0018.pdf, id=123, page=2, 1690.315pt x 1195.46625pt>
File: figures/VC4084-00-0018.pdf Graphic file (type pdf)

<use figures/VC4084-00-0018.pdf, page 2>
Package pdftex.def Info: figures/VC4084-00-0018.pdf, page2 used on input line 2
30.
(pdftex.def)             Requested size: 1690.62038pt x 1195.68222pt.
File: figures/VC4084-00-0018.pdf Graphic file (type pdf)

<use figures/VC4084-00-0018.pdf, page 2>
Package pdftex.def Info: figures/VC4084-00-0018.pdf, page2 used on input line 2
30.
(pdftex.def)             Requested size: 1690.62038pt x 1195.68222pt.
File: figures/VC4084-00-0018.pdf Graphic file (type pdf)

<use figures/VC4084-00-0018.pdf, page 1>
Package pdftex.def Info: figures/VC4084-00-0018.pdf, page1 used on input line 2
30.
(pdftex.def)             Requested size: 1690.62038pt x 1195.68222pt.
 [9 <./figures/VC4084-00-0018.pdf>]
File: figures/VC4084-00-0018.pdf Graphic file (type pdf)

<use figures/VC4084-00-0018.pdf, page 2>
Package pdftex.def Info: figures/VC4084-00-0018.pdf, page2 used on input line 2
30.
(pdftex.def)             Requested size: 1690.62038pt x 1195.68222pt.
 [10 <./figures/VC4084-00-0018.pdf>]
No file Snap-Enclosure-10-2019.bbl.
Package atveryend Info: Empty hook `BeforeClearDocument' on input line 256.
Package atveryend Info: Empty hook `AfterLastShipout' on input line 256.
(./Snap-Enclosure-10-2019.aux)
Package atveryend Info: Executing hook `AtVeryEndDocument' on input line 256.
Package atveryend Info: Executing hook `AtEndAfterFileList' on input line 256.
Package rerunfilecheck Info: File `Snap-Enclosure-10-2019.out' has not changed.

(rerunfilecheck)             Checksum: CB8A88EACC7E0BE1BE8B4B6889835F47;245.


LaTeX Warning: There were multiply-defined labels.

Package atveryend Info: Empty hook `AtVeryVeryEnd' on input line 256.
 ) 
Here is how much of TeX's memory you used:
 10308 strings out of 493089
 153206 string characters out of 6134842
 271325 words of memory out of 5000000
 13589 multiletter control sequences out of 15000+600000
 13087 words of font info for 50 fonts, out of 8000000 for 9000
 1141 hyphenation exceptions out of 8191
 42i,18n,46p,613b,483s stack positions out of 5000i,500n,10000p,200000b,80000s
</usr/local/texlive/2015/texmf-dist/fonts/type1/public/amsfonts/cm/cmbx12.pfb
></usr/local/texlive/2015/texmf-dist/fonts/type1/public/amsfonts/cm/cmr10.pfb><
/usr/local/texlive/2015/texmf-dist/fonts/type1/public/amsfonts/cm/cmr12.pfb></u
sr/local/texlive/2015/texmf-dist/fonts/type1/public/amsfonts/cm/cmr17.pfb></usr
/local/texlive/2015/texmf-dist/fonts/type1/public/amsfonts/cm/cmsl12.pfb></usr/
local/texlive/2015/texmf-dist/fonts/type1/public/amsfonts/cm/cmsy10.pfb></usr/l
ocal/texlive/2015/texmf-dist/fonts/type1/public/amsfonts/cm/cmsy8.pfb>
Output written on Snap-Enclosure-10-2019.pdf (10 pages, 6355399 bytes).
PDF statistics:
 192 PDF objects out of 1000 (max. 8388607)
 142 compressed objects within 2 object streams
 21 named destinations out of 1000 (max. 500000)
 121 words of extra memory for PDF output out of 10000 (max. 10000000)

