This is pdfTeX, Version 3.14159265-2.6-1.40.16 (TeX Live 2015) (preloaded format=pdflatex 2016.4.15)  21 FEB 2020 16:05
entering extended mode
 restricted \write18 enabled.
 file:line:error style messages enabled.
 %&-line parsing enabled.
**Feed-Inspection-Report-02-2020.tex
(./Feed-Inspection-Report-02-2020.tex
LaTeX2e <2015/01/01>
Babel <3.9l> and hyphenation patterns for 79 languages loaded.
(/usr/local/texlive/2015/texmf-dist/tex/latex/base/article.cls
Document Class: article 2014/09/29 v1.4h Standard LaTeX document class
(/usr/local/texlive/2015/texmf-dist/tex/latex/base/size12.clo
File: size12.clo 2014/09/29 v1.4h Standard LaTeX file (size option)
)
\c@part=\count79
\c@section=\count80
\c@subsection=\count81
\c@subsubsection=\count82
\c@paragraph=\count83
\c@subparagraph=\count84
\c@figure=\count85
\c@table=\count86
\abovecaptionskip=\skip41
\belowcaptionskip=\skip42
\bibindent=\dimen102
)
(/usr/local/texlive/2015/texmf-dist/tex/latex/appendix/appendix.sty
Package: appendix 2009/09/02 v1.2b extra appendix facilities
\c@@pps=\count87
\c@@ppsavesec=\count88
\c@@ppsaveapp=\count89
)
(/usr/local/texlive/2015/texmf-dist/tex/latex/graphics/graphicx.sty
Package: graphicx 2014/10/28 v1.0g Enhanced LaTeX Graphics (DPC,SPQR)

(/usr/local/texlive/2015/texmf-dist/tex/latex/graphics/keyval.sty
Package: keyval 2014/10/28 v1.15 key=value parser (DPC)
\KV@toks@=\toks14
)
(/usr/local/texlive/2015/texmf-dist/tex/latex/graphics/graphics.sty
Package: graphics 2014/10/28 v1.0p Standard LaTeX Graphics (DPC,SPQR)

(/usr/local/texlive/2015/texmf-dist/tex/latex/graphics/trig.sty
Package: trig 1999/03/16 v1.09 sin cos tan (DPC)
)
(/usr/local/texlive/2015/texmf-dist/tex/latex/latexconfig/graphics.cfg
File: graphics.cfg 2010/04/23 v1.9 graphics configuration of TeX Live
)
Package graphics Info: Driver file: dvips.def on input line 94.

(/usr/local/texlive/2015/texmf-dist/tex/latex/graphics/dvips.def
File: dvips.def 2014/10/14 v3.0j Driver-dependent file (DPC,SPQR)
))
\Gin@req@height=\dimen103
\Gin@req@width=\dimen104
)
(/usr/local/texlive/2015/texmf-dist/tex/latex/graphics/epsfig.sty
Package: epsfig 1999/02/16 v1.7a (e)psfig emulation (SPQR)
\epsfxsize=\dimen105
\epsfysize=\dimen106
)
(/usr/local/texlive/2015/texmf-dist/tex/latex/amsmath/amsmath.sty
Package: amsmath 2013/01/14 v2.14 AMS math features
\@mathmargin=\skip43

For additional information on amsmath, use the `?' option.
(/usr/local/texlive/2015/texmf-dist/tex/latex/amsmath/amstext.sty
Package: amstext 2000/06/29 v2.01

(/usr/local/texlive/2015/texmf-dist/tex/latex/amsmath/amsgen.sty
File: amsgen.sty 1999/11/30 v2.0
\@emptytoks=\toks15
\ex@=\dimen107
))
(/usr/local/texlive/2015/texmf-dist/tex/latex/amsmath/amsbsy.sty
Package: amsbsy 1999/11/29 v1.2d
\pmbraise@=\dimen108
)
(/usr/local/texlive/2015/texmf-dist/tex/latex/amsmath/amsopn.sty
Package: amsopn 1999/12/14 v2.01 operator names
)
\inf@bad=\count90
LaTeX Info: Redefining \frac on input line 210.
\uproot@=\count91
\leftroot@=\count92
LaTeX Info: Redefining \overline on input line 306.
\classnum@=\count93
\DOTSCASE@=\count94
LaTeX Info: Redefining \ldots on input line 378.
LaTeX Info: Redefining \dots on input line 381.
LaTeX Info: Redefining \cdots on input line 466.
\Mathstrutbox@=\box26
\strutbox@=\box27
\big@size=\dimen109
LaTeX Font Info:    Redeclaring font encoding OML on input line 566.
LaTeX Font Info:    Redeclaring font encoding OMS on input line 567.
\macc@depth=\count95
\c@MaxMatrixCols=\count96
\dotsspace@=\muskip10
\c@parentequation=\count97
\dspbrk@lvl=\count98
\tag@help=\toks16
\row@=\count99
\column@=\count100
\maxfields@=\count101
\andhelp@=\toks17
\eqnshift@=\dimen110
\alignsep@=\dimen111
\tagshift@=\dimen112
\tagwidth@=\dimen113
\totwidth@=\dimen114
\lineht@=\dimen115
\@envbody=\toks18
\multlinegap=\skip44
\multlinetaggap=\skip45
\mathdisplay@stack=\toks19
LaTeX Info: Redefining \[ on input line 2665.
LaTeX Info: Redefining \] on input line 2666.
)
(/usr/local/texlive/2015/texmf-dist/tex/latex/amsfonts/amssymb.sty
Package: amssymb 2013/01/14 v3.01 AMS font symbols

(/usr/local/texlive/2015/texmf-dist/tex/latex/amsfonts/amsfonts.sty
Package: amsfonts 2013/01/14 v3.01 Basic AMSFonts support
\symAMSa=\mathgroup4
\symAMSb=\mathgroup5
LaTeX Font Info:    Overwriting math alphabet `\mathfrak' in version `bold'
(Font)                  U/euf/m/n --> U/euf/b/n on input line 106.
))
(/usr/local/texlive/2015/texmf-dist/tex/latex/psfrag/psfrag.sty
Package: psfrag 1998/04/11 v3.04 PSfrag (MCG)
\pfg@pcount=\count102
\pfg@scount=\count103
\pfg@temp=\write3
)
(/usr/local/texlive/2015/texmf-dist/tex/latex/natbib/natbib.sty
Package: natbib 2010/09/13 8.31b (PWD, AO)
\bibhang=\skip46
\bibsep=\skip47
LaTeX Info: Redefining \cite on input line 694.
\c@NAT@ctr=\count104
)
(/usr/local/texlive/2015/texmf-dist/tex/latex/fancyhdr/fancyhdr.sty
\fancy@headwidth=\skip48
\f@ncyO@elh=\skip49
\f@ncyO@erh=\skip50
\f@ncyO@olh=\skip51
\f@ncyO@orh=\skip52
\f@ncyO@elf=\skip53
\f@ncyO@erf=\skip54
\f@ncyO@olf=\skip55
\f@ncyO@orf=\skip56
)
(/usr/local/texlive/2015/texmf-dist/tex/latex/tocbibind/tocbibind.sty
Package: tocbibind 2010/10/13 v1.5k extra ToC listings
Package tocbibind Info: The document has section divisions on input line 50.


Package tocbibind Note: Using section or other style headings.

) (/usr/local/texlive/2015/texmf-dist/tex/latex/graphics/color.sty
Package: color 2014/10/28 v1.1a Standard LaTeX Color (DPC)

(/usr/local/texlive/2015/texmf-dist/tex/latex/latexconfig/color.cfg
File: color.cfg 2007/01/18 v1.5 color configuration of teTeX/TeXLive
)
Package color Info: Driver file: pdftex.def on input line 142.

(/usr/local/texlive/2015/texmf-dist/tex/latex/pdftex-def/pdftex.def
File: pdftex.def 2011/05/27 v0.06d Graphics/color for pdfTeX

(/usr/local/texlive/2015/texmf-dist/tex/generic/oberdiek/infwarerr.sty
Package: infwarerr 2010/04/08 v1.3 Providing info/warning/error messages (HO)
)
(/usr/local/texlive/2015/texmf-dist/tex/generic/oberdiek/ltxcmds.sty
Package: ltxcmds 2011/11/09 v1.22 LaTeX kernel commands for general use (HO)
)
\Gread@gobject=\count105
))
(/usr/local/texlive/2015/texmf-dist/tex/latex/base/fixltx2e.sty
Package: fixltx2e 2015/02/21 v2.0a fixes to LaTeX (obsolete)


Package fixltx2e Warning: fixltx2e is not required with releases after 2015
(fixltx2e)                All fixes are now in the LaTeX kernel.
(fixltx2e)                See the latexrelease package for details.

) (/usr/local/texlive/2015/texmf-dist/tex/latex/pdfpages/pdfpages.sty
Package: pdfpages 2015/05/11 v0.4x Insert pages of external PDF documents (AM)

(/usr/local/texlive/2015/texmf-dist/tex/latex/base/ifthen.sty
Package: ifthen 2014/09/29 v1.1c Standard LaTeX ifthen package (DPC)
)
(/usr/local/texlive/2015/texmf-dist/tex/latex/tools/calc.sty
Package: calc 2014/10/28 v4.3 Infix arithmetic (KKT,FJ)
\calc@Acount=\count106
\calc@Bcount=\count107
\calc@Adimen=\dimen116
\calc@Bdimen=\dimen117
\calc@Askip=\skip57
\calc@Bskip=\skip58
LaTeX Info: Redefining \setlength on input line 80.
LaTeX Info: Redefining \addtolength on input line 81.
\calc@Ccount=\count108
\calc@Cskip=\skip59
)
(/usr/local/texlive/2015/texmf-dist/tex/latex/eso-pic/eso-pic.sty
Package: eso-pic 2015/04/20 v2.0e eso-pic (RN)

(/usr/local/texlive/2015/texmf-dist/tex/generic/oberdiek/atbegshi.sty
Package: atbegshi 2011/10/05 v1.16 At begin shipout hook (HO)

(/usr/local/texlive/2015/texmf-dist/tex/generic/oberdiek/ifpdf.sty
Package: ifpdf 2011/01/30 v2.3 Provides the ifpdf switch (HO)
Package ifpdf Info: pdfTeX in PDF mode is detected.
)))
\AM@pagewidth=\dimen118
\AM@pageheight=\dimen119

(/usr/local/texlive/2015/texmf-dist/tex/latex/pdfpages/pppdftex.def
File: pppdftex.def 2015/05/11 v0.4x Pdfpages driver for pdfTeX (AM)
)
\AM@pagebox=\box28
\AM@toc@title=\toks20
\c@AM@survey=\count109
\AM@templatesizebox=\box29
)
(/usr/local/texlive/2015/texmf-dist/tex/latex/oberdiek/pdflscape.sty
Package: pdflscape 2008/08/11 v0.10 Display of landscape pages in PDF (HO)

(/usr/local/texlive/2015/texmf-dist/tex/latex/graphics/lscape.sty
Package: lscape 2000/10/22 v3.01 Landscape Pages (DPC)
)
Package pdflscape Info: Auto-detected driver: pdftex on input line 80.

(/usr/local/texlive/2015/texmf-dist/tex/generic/ifxetex/ifxetex.sty
Package: ifxetex 2010/09/12 v0.6 Provides ifxetex conditional
))
(/usr/local/texlive/2015/texmf-dist/tex/latex/booktabs/booktabs.sty
Package: booktabs 2005/04/14 v1.61803 publication quality tables
\heavyrulewidth=\dimen120
\lightrulewidth=\dimen121
\cmidrulewidth=\dimen122
\belowrulesep=\dimen123
\belowbottomsep=\dimen124
\aboverulesep=\dimen125
\abovetopsep=\dimen126
\cmidrulesep=\dimen127
\cmidrulekern=\dimen128
\defaultaddspace=\dimen129
\@cmidla=\count110
\@cmidlb=\count111
\@aboverulesep=\dimen130
\@belowrulesep=\dimen131
\@thisruleclass=\count112
\@lastruleclass=\count113
\@thisrulewidth=\dimen132
)
(/usr/local/texlive/2015/texmf-dist/tex/latex/float/float.sty
Package: float 2001/11/08 v1.3d Float enhancements (AL)
\c@float@type=\count114
\float@exts=\toks21
\float@box=\box30
\@float@everytoks=\toks22
\@floatcapt=\box31
)
(/usr/local/texlive/2015/texmf-dist/tex/latex/tools/afterpage.sty
Package: afterpage 2014/10/28 v1.08 After-Page Package (DPC)
\AP@output=\toks23
\AP@partial=\box32
\AP@footins=\box33
)
(/usr/local/texlive/2015/texmf-dist/tex/latex/caption/subcaption.sty
Package: subcaption 2013/02/03 v1.1-62 Sub-captions (AR)

(/usr/local/texlive/2015/texmf-dist/tex/latex/caption/caption.sty
Package: caption 2013/05/02 v3.3-89 Customizing captions (AR)

(/usr/local/texlive/2015/texmf-dist/tex/latex/caption/caption3.sty
Package: caption3 2013/05/02 v1.6-88 caption3 kernel (AR)
Package caption3 Info: TeX engine: e-TeX on input line 57.
\captionmargin=\dimen133
\captionmargin@=\dimen134
\captionwidth=\dimen135
\caption@tempdima=\dimen136
\caption@indent=\dimen137
\caption@parindent=\dimen138
\caption@hangindent=\dimen139
)
\c@ContinuedFloat=\count115
Package caption Info: float package is loaded.
)
\c@subfigure=\count116
\c@subtable=\count117
)
(/usr/local/texlive/2015/texmf-dist/tex/latex/rotating/rotating.sty
Package: rotating 2009/03/28 v2.16a rotated objects in LaTeX
\c@r@tfl@t=\count118
\rotFPtop=\skip60
\rotFPbot=\skip61
\rot@float@box=\box34
\rot@mess@toks=\toks24
)
(/usr/local/texlive/2015/texmf-dist/tex/latex/enumitem/enumitem.sty
Package: enumitem 2011/09/28 v3.5.2 Customized lists
\labelindent=\skip62
\enit@outerparindent=\dimen140
\enit@toks=\toks25
\enit@inbox=\box35
\enitdp@description=\count119
)
(/usr/local/texlive/2015/texmf-dist/tex/latex/tools/array.sty
Package: array 2014/10/28 v2.4c Tabular extension package (FMi)
\col@sep=\dimen141
\extrarowheight=\dimen142
\NC@list=\toks26
\extratabsurround=\skip63
\backup@length=\skip64
)
(/usr/local/texlive/2015/texmf-dist/tex/latex/tools/tabularx.sty
Package: tabularx 2014/10/28 v2.10 `tabularx' package (DPC)
\TX@col@width=\dimen143
\TX@old@table=\dimen144
\TX@old@col=\dimen145
\TX@target=\dimen146
\TX@delta=\dimen147
\TX@cols=\count120
\TX@ftn=\toks27
)
(/usr/local/texlive/2015/texmf-dist/tex/latex/fancyref/fancyref.sty
Package: fancyref 1999/02/03 v0.9c Fancy cross-referencing

(/usr/local/texlive/2015/texmf-dist/tex/latex/tools/varioref.sty
Package: varioref 2014/10/28 v1.5a package for extended references (FMi)
\c@vrcnt=\count121
))
(/usr/local/texlive/2015/texmf-dist/tex/latex/xcolor/xcolor.sty
Package: xcolor 2007/01/21 v2.11 LaTeX color extensions (UK)

(/usr/local/texlive/2015/texmf-dist/tex/latex/latexconfig/color.cfg
File: color.cfg 2007/01/18 v1.5 color configuration of teTeX/TeXLive
)
Package xcolor Info: Driver file: pdftex.def on input line 225.
LaTeX Info: Redefining \color on input line 702.
Package xcolor Info: Model `cmy' substituted by `cmy0' on input line 1337.
Package xcolor Info: Model `RGB' extended on input line 1353.
Package xcolor Info: Model `HTML' substituted by `rgb' on input line 1355.
Package xcolor Info: Model `Hsb' substituted by `hsb' on input line 1356.
Package xcolor Info: Model `tHsb' substituted by `hsb' on input line 1357.
Package xcolor Info: Model `HSB' substituted by `hsb' on input line 1358.
Package xcolor Info: Model `Gray' substituted by `gray' on input line 1359.
Package xcolor Info: Model `wave' substituted by `hsb' on input line 1360.

(/usr/local/texlive/2015/texmf-dist/tex/latex/graphics/dvipsnam.def
File: dvipsnam.def 2014/10/14 v3.0j Driver-dependent file (DPC,SPQR)
))
(/usr/local/texlive/2015/texmf-dist/tex/latex/hyperref/hyperref.sty
Package: hyperref 2012/11/06 v6.83m Hypertext links for LaTeX

(/usr/local/texlive/2015/texmf-dist/tex/generic/oberdiek/hobsub-hyperref.sty
Package: hobsub-hyperref 2012/05/28 v1.13 Bundle oberdiek, subset hyperref (HO)


(/usr/local/texlive/2015/texmf-dist/tex/generic/oberdiek/hobsub-generic.sty
Package: hobsub-generic 2012/05/28 v1.13 Bundle oberdiek, subset generic (HO)
Package: hobsub 2012/05/28 v1.13 Construct package bundles (HO)
Package hobsub Info: Skipping package `infwarerr' (already loaded).
Package hobsub Info: Skipping package `ltxcmds' (already loaded).
Package: ifluatex 2010/03/01 v1.3 Provides the ifluatex switch (HO)
Package ifluatex Info: LuaTeX not detected.
Package: ifvtex 2010/03/01 v1.5 Detect VTeX and its facilities (HO)
Package ifvtex Info: VTeX not detected.
Package: intcalc 2007/09/27 v1.1 Expandable calculations with integers (HO)
Package hobsub Info: Skipping package `ifpdf' (already loaded).
Package: etexcmds 2011/02/16 v1.5 Avoid name clashes with e-TeX commands (HO)
Package etexcmds Info: Could not find \expanded.
(etexcmds)             That can mean that you are not using pdfTeX 1.50 or
(etexcmds)             that some package has redefined \expanded.
(etexcmds)             In the latter case, load this package earlier.
Package: kvsetkeys 2012/04/25 v1.16 Key value parser (HO)
Package: kvdefinekeys 2011/04/07 v1.3 Define keys (HO)
Package: pdftexcmds 2011/11/29 v0.20 Utility functions of pdfTeX for LuaTeX (HO
)
Package pdftexcmds Info: LuaTeX not detected.
Package pdftexcmds Info: \pdf@primitive is available.
Package pdftexcmds Info: \pdf@ifprimitive is available.
Package pdftexcmds Info: \pdfdraftmode found.
Package: pdfescape 2011/11/25 v1.13 Implements pdfTeX's escape features (HO)
Package: bigintcalc 2012/04/08 v1.3 Expandable calculations on big integers (HO
)
Package: bitset 2011/01/30 v1.1 Handle bit-vector datatype (HO)
Package: uniquecounter 2011/01/30 v1.2 Provide unlimited unique counter (HO)
)
Package hobsub Info: Skipping package `hobsub' (already loaded).
Package: letltxmacro 2010/09/02 v1.4 Let assignment for LaTeX macros (HO)
Package: hopatch 2012/05/28 v1.2 Wrapper for package hooks (HO)
Package: xcolor-patch 2011/01/30 xcolor patch
Package: atveryend 2011/06/30 v1.8 Hooks at the very end of document (HO)
Package atveryend Info: \AP@enddocument detected (standard20110627).
Package hobsub Info: Skipping package `atbegshi' (already loaded).
Package: refcount 2011/10/16 v3.4 Data extraction from label references (HO)
Package: hycolor 2011/01/30 v1.7 Color options for hyperref/bookmark (HO)
)
(/usr/local/texlive/2015/texmf-dist/tex/latex/oberdiek/auxhook.sty
Package: auxhook 2011/03/04 v1.3 Hooks for auxiliary files (HO)
)
(/usr/local/texlive/2015/texmf-dist/tex/latex/oberdiek/kvoptions.sty
Package: kvoptions 2011/06/30 v3.11 Key value format for package options (HO)
)
\@linkdim=\dimen148
\Hy@linkcounter=\count122
\Hy@pagecounter=\count123

(/usr/local/texlive/2015/texmf-dist/tex/latex/hyperref/pd1enc.def
File: pd1enc.def 2012/11/06 v6.83m Hyperref: PDFDocEncoding definition (HO)
)
\Hy@SavedSpaceFactor=\count124

(/usr/local/texlive/2015/texmf-dist/tex/latex/latexconfig/hyperref.cfg
File: hyperref.cfg 2002/06/06 v1.2 hyperref configuration of TeXLive
)
Package hyperref Info: Option `colorlinks' set `true' on input line 4319.
Package hyperref Info: Hyper figures OFF on input line 4443.
Package hyperref Info: Link nesting OFF on input line 4448.
Package hyperref Info: Hyper index ON on input line 4451.
Package hyperref Info: Plain pages OFF on input line 4458.
Package hyperref Info: Backreferencing OFF on input line 4463.
Package hyperref Info: Implicit mode ON; LaTeX internals redefined.
Package hyperref Info: Bookmarks ON on input line 4688.
\c@Hy@tempcnt=\count125

(/usr/local/texlive/2015/texmf-dist/tex/latex/url/url.sty
\Urlmuskip=\muskip11
Package: url 2013/09/16  ver 3.4  Verb mode for urls, etc.
)
LaTeX Info: Redefining \url on input line 5041.
\XeTeXLinkMargin=\dimen149
\Fld@menulength=\count126
\Field@Width=\dimen150
\Fld@charsize=\dimen151
Package hyperref Info: Hyper figures OFF on input line 6295.
Package hyperref Info: Link nesting OFF on input line 6300.
Package hyperref Info: Hyper index ON on input line 6303.
Package hyperref Info: backreferencing OFF on input line 6310.
Package hyperref Info: Link coloring ON on input line 6313.
Package hyperref Info: Link coloring with OCG OFF on input line 6320.
Package hyperref Info: PDF/A mode OFF on input line 6325.
LaTeX Info: Redefining \ref on input line 6365.
LaTeX Info: Redefining \pageref on input line 6369.
\Hy@abspage=\count127
\c@Item=\count128
\c@Hfootnote=\count129
)

Package hyperref Message: Driver (autodetected): hpdftex.

(/usr/local/texlive/2015/texmf-dist/tex/latex/hyperref/hpdftex.def
File: hpdftex.def 2012/11/06 v6.83m Hyperref driver for pdfTeX
\Fld@listcount=\count130
\c@bookmark@seq@number=\count131

(/usr/local/texlive/2015/texmf-dist/tex/latex/oberdiek/rerunfilecheck.sty
Package: rerunfilecheck 2011/04/15 v1.7 Rerun checks for auxiliary files (HO)
Package uniquecounter Info: New unique counter `rerunfilecheck' on input line 2
82.
)
\Hy@SectionHShift=\skip65
)
(./Feed-Inspection-Report-02-2020.aux

LaTeX Warning: Label `fig:Tsys-1g' multiply defined.


LaTeX Warning: Label `sub@fig:Tsys-1g' multiply defined.


LaTeX Warning: Label `fig:SpecX-1g' multiply defined.


LaTeX Warning: Label `sub@fig:SpecX-1g' multiply defined.


LaTeX Warning: Label `fig:' multiply defined.


LaTeX Warning: Label `sub@fig:' multiply defined.


LaTeX Warning: Label `fig:' multiply defined.


LaTeX Warning: Label `sub@fig:' multiply defined.


LaTeX Warning: Label `fig:' multiply defined.


LaTeX Warning: Label `sub@fig:' multiply defined.


LaTeX Warning: Label `fig:' multiply defined.


LaTeX Warning: Label `sub@fig:' multiply defined.


LaTeX Warning: Label `fig:' multiply defined.


LaTeX Warning: Label `sub@fig:' multiply defined.


LaTeX Warning: Label `fig:' multiply defined.


LaTeX Warning: Label `sub@fig:' multiply defined.


LaTeX Warning: Label `fig:' multiply defined.


LaTeX Warning: Label `sub@fig:' multiply defined.


LaTeX Warning: Label `fig:Tsys-1g' multiply defined.


LaTeX Warning: Label `sub@fig:Tsys-1g' multiply defined.


LaTeX Warning: Label `fig:SpecX-1g' multiply defined.


LaTeX Warning: Label `sub@fig:SpecX-1g' multiply defined.


LaTeX Warning: Label `fig:Tsys-1g' multiply defined.


LaTeX Warning: Label `sub@fig:Tsys-1g' multiply defined.


LaTeX Warning: Label `fig:SpecX-1g' multiply defined.


LaTeX Warning: Label `sub@fig:SpecX-1g' multiply defined.

)
\openout1 = `Feed-Inspection-Report-02-2020.aux'.

LaTeX Font Info:    Checking defaults for OML/cmm/m/it on input line 63.
LaTeX Font Info:    ... okay on input line 63.
LaTeX Font Info:    Checking defaults for T1/cmr/m/n on input line 63.
LaTeX Font Info:    ... okay on input line 63.
LaTeX Font Info:    Checking defaults for OT1/cmr/m/n on input line 63.
LaTeX Font Info:    ... okay on input line 63.
LaTeX Font Info:    Checking defaults for OMS/cmsy/m/n on input line 63.
LaTeX Font Info:    ... okay on input line 63.
LaTeX Font Info:    Checking defaults for OMX/cmex/m/n on input line 63.
LaTeX Font Info:    ... okay on input line 63.
LaTeX Font Info:    Checking defaults for U/cmr/m/n on input line 63.
LaTeX Font Info:    ... okay on input line 63.
LaTeX Font Info:    Checking defaults for PD1/pdf/m/n on input line 63.
LaTeX Font Info:    ... okay on input line 63.
 (/usr/local/texlive/2015/texmf-dist/tex/latex/oberdiek/epstopdf-base.sty
Package: epstopdf-base 2010/02/09 v2.5 Base part for package epstopdf

(/usr/local/texlive/2015/texmf-dist/tex/latex/oberdiek/grfext.sty
Package: grfext 2010/08/19 v1.1 Manage graphics extensions (HO)
)
Package epstopdf-base Info: Redefining graphics rule for `.eps' on input line 4
34.
Package grfext Info: Graphics extension search list:
(grfext)             [.png,.pdf,.jpg,.mps,.jpeg,.jbig2,.jb2,.PNG,.PDF,.JPG,.JPE
G,.JBIG2,.JB2,.eps]
(grfext)             \AppendGraphicsExtensions on input line 452.

(/usr/local/texlive/2015/texmf-dist/tex/latex/latexconfig/epstopdf-sys.cfg
File: epstopdf-sys.cfg 2010/07/13 v1.3 Configuration of (r)epstopdf for TeX Liv
e
))
(/usr/local/texlive/2015/texmf-dist/tex/context/base/supp-pdf.mkii
[Loading MPS to PDF converter (version 2006.09.02).]
\scratchcounter=\count132
\scratchdimen=\dimen152
\scratchbox=\box36
\nofMPsegments=\count133
\nofMParguments=\count134
\everyMPshowfont=\toks28
\MPscratchCnt=\count135
\MPscratchDim=\dimen153
\MPnumerator=\count136
\makeMPintoPDFobject=\count137
\everyMPtoPDFconversion=\toks29
)
\AtBeginShipoutBox=\box37
Package caption Info: Begin \AtBeginDocument code.
Package caption Info: hyperref package is loaded.
Package caption Info: rotating package is loaded.
Package caption Info: End \AtBeginDocument code.
Package hyperref Info: Link coloring ON on input line 63.
 (/usr/local/texlive/2015/texmf-dist/tex/latex/hyperref/nameref.sty
Package: nameref 2012/10/27 v2.43 Cross-referencing by name of section

(/usr/local/texlive/2015/texmf-dist/tex/generic/oberdiek/gettitlestring.sty
Package: gettitlestring 2010/12/03 v1.4 Cleanup title references (HO)
)
\c@section@level=\count138
LaTeX Info: Redefining \Ref on input line 513.
)
LaTeX Info: Redefining \ref on input line 63.
LaTeX Info: Redefining \pageref on input line 63.
LaTeX Info: Redefining \nameref on input line 63.

(./Feed-Inspection-Report-02-2020.out) (./Feed-Inspection-Report-02-2020.out)
\@outlinefile=\write4
\openout4 = `Feed-Inspection-Report-02-2020.out'.

LaTeX Info: Redefining \Ref on input line 63.

<titlepage/SETI_institute_logo.jpg, id=24, 401.5pt x 401.5pt>
File: titlepage/SETI_institute_logo.jpg Graphic file (type jpg)

<use titlepage/SETI_institute_logo.jpg>
Package pdftex.def Info: titlepage/SETI_institute_logo.jpg used on input line 6
5.
(pdftex.def)             Requested size: 113.80992pt x 113.81102pt.
LaTeX Font Info:    Try loading font information for U+msa on input line 65.

(/usr/local/texlive/2015/texmf-dist/tex/latex/amsfonts/umsa.fd
File: umsa.fd 2013/01/14 v3.01 AMS symbols A
)
LaTeX Font Info:    Try loading font information for U+msb on input line 65.

(/usr/local/texlive/2015/texmf-dist/tex/latex/amsfonts/umsb.fd
File: umsb.fd 2013/01/14 v3.01 AMS symbols B
) [1
Non-PDF special ignored!


{/usr/local/texlive/2015/texmf-var/fonts/map/pdftex/updmap/pdftex.map} <./title
page/SETI_institute_logo.jpg>]
(./Feed-Inspection-Report-02-2020.toc)
\tf@toc=\write5
\openout5 = `Feed-Inspection-Report-02-2020.toc'.

 [2]

Package hyperref Warning: Token not allowed in a PDF string (PDFDocEncoding):
(hyperref)                removing `\\' on input line 122.


Package hyperref Warning: Token not allowed in a PDF string (PDFDocEncoding):
(hyperref)                removing `math shift' on input line 122.


Package hyperref Warning: Token not allowed in a PDF string (PDFDocEncoding):
(hyperref)                removing `math shift' on input line 122.


Package hyperref Warning: Token not allowed in a PDF string (PDFDocEncoding):
(hyperref)                removing `math shift' on input line 122.


Package hyperref Warning: Token not allowed in a PDF string (PDFDocEncoding):
(hyperref)                removing `math shift' on input line 122.

<../020" "(3C)/temperature-cycle.png, id=52, 713.5458pt x 291.9708pt>
File: ../020" "(3C)/temperature-cycle.png Graphic file (type png)

<use ../020" "(3C)/temperature-cycle.png>
Package pdftex.def Info: ../020" "(3C)/temperature-cycle.png used on input line
 137.
(pdftex.def)             Requested size: 390.0pt x 159.58203pt.


Package Fancyhdr Warning: \headheight is too small (12.0pt): 
 Make it at least 27.85004pt.
 We now make it that large for the rest of the document.
 This may cause the page layout to be inconsistent, however.

[3 <../020 (3C)/temperature-cycle.png>]
<../020" "(3C)/3c-3.jpg, id=63, 1606.0pt x 1204.5pt>
File: ../020" "(3C)/3c-3.jpg Graphic file (type jpg)

<use ../020" "(3C)/3c-3.jpg>
Package pdftex.def Info: ../020" "(3C)/3c-3.jpg used on input line 152.
(pdftex.def)             Requested size: 358.79929pt x 269.08937pt.

<../020" "(3C)/3c-4.jpg, id=64, 1606.0pt x 1204.5pt>
File: ../020" "(3C)/3c-4.jpg Graphic file (type jpg)

<use ../020" "(3C)/3c-4.jpg>
Package pdftex.def Info: ../020" "(3C)/3c-4.jpg used on input line 168.
(pdftex.def)             Requested size: 358.79929pt x 269.08937pt.

Overfull \vbox (54.37871pt too high) has occurred while \output is active []


[4 <../020 (3C)/3c-3.jpg> <../020 (3C)/3c-4.jpg>]

Package hyperref Warning: Token not allowed in a PDF string (PDFDocEncoding):
(hyperref)                removing `\\' on input line 194.


Package hyperref Warning: Token not allowed in a PDF string (PDFDocEncoding):
(hyperref)                removing `math shift' on input line 194.


Package hyperref Warning: Token not allowed in a PDF string (PDFDocEncoding):
(hyperref)                removing `math shift' on input line 194.


Package hyperref Warning: Token not allowed in a PDF string (PDFDocEncoding):
(hyperref)                removing `math shift' on input line 194.


Package hyperref Warning: Token not allowed in a PDF string (PDFDocEncoding):
(hyperref)                removing `math shift' on input line 194.

<../006" "(4J)/4J-2.jpg, id=72, 1606.0pt x 1204.5pt>
File: ../006" "(4J)/4J-2.jpg Graphic file (type jpg)

<use ../006" "(4J)/4J-2.jpg>
Package pdftex.def Info: ../006" "(4J)/4J-2.jpg used on input line 206.
(pdftex.def)             Requested size: 347.09976pt x 260.32251pt.


Package Fancyhdr Warning: \headheight is too small (12.0pt): 
 Make it at least 27.85004pt.
 We now make it that large for the rest of the document.
 This may cause the page layout to be inconsistent, however.

[5 <../006 (4J)/4J-2.jpg>]
<../006" "(4J)/4J-0.jpg, id=79, 1606.0pt x 1204.5pt>
File: ../006" "(4J)/4J-0.jpg Graphic file (type jpg)

<use ../006" "(4J)/4J-0.jpg>
Package pdftex.def Info: ../006" "(4J)/4J-0.jpg used on input line 220.
(pdftex.def)             Requested size: 358.79929pt x 269.08937pt.

<../006" "(4J)/4J-1.jpg, id=80, 1606.0pt x 1204.5pt>
File: ../006" "(4J)/4J-1.jpg Graphic file (type jpg)

<use ../006" "(4J)/4J-1.jpg>
Package pdftex.def Info: ../006" "(4J)/4J-1.jpg used on input line 236.
(pdftex.def)             Requested size: 358.79929pt x 269.08937pt.

Overfull \vbox (54.37871pt too high) has occurred while \output is active []


[6 <../006 (4J)/4J-0.jpg> <../006 (4J)/4J-1.jpg>]

Package hyperref Warning: Token not allowed in a PDF string (PDFDocEncoding):
(hyperref)                removing `\\' on input line 254.


Package hyperref Warning: Token not allowed in a PDF string (PDFDocEncoding):
(hyperref)                removing `math shift' on input line 254.


Package hyperref Warning: Token not allowed in a PDF string (PDFDocEncoding):
(hyperref)                removing `math shift' on input line 254.


Package hyperref Warning: Token not allowed in a PDF string (PDFDocEncoding):
(hyperref)                removing `math shift' on input line 254.


Package hyperref Warning: Token not allowed in a PDF string (PDFDocEncoding):
(hyperref)                removing `math shift' on input line 254.


Package Fancyhdr Warning: \headheight is too small (12.0pt): 
 Make it at least 27.85004pt.
 We now make it that large for the rest of the document.
 This may cause the page layout to be inconsistent, however.

[7] <../013" "(1H)/IMG_5289.jpg, id=94, 4047.12pt x 3035.34pt>
File: ../013" "(1H)/IMG_5289.jpg Graphic file (type jpg)

<use ../013" "(1H)/IMG_5289.jpg>
Package pdftex.def Info: ../013" "(1H)/IMG_5289.jpg used on input line 270.
(pdftex.def)             Requested size: 185.25238pt x 138.90018pt.

<../013" "(1H)/IMG_5292.jpg, id=95, 4047.12pt x 3035.34pt>
File: ../013" "(1H)/IMG_5292.jpg Graphic file (type jpg)

<use ../013" "(1H)/IMG_5292.jpg>
Package pdftex.def Info: ../013" "(1H)/IMG_5292.jpg used on input line 277.
(pdftex.def)             Requested size: 185.25238pt x 138.90018pt.

<../013" "(1H)/IMG_5293.jpg, id=96, 4047.12pt x 3035.34pt>
File: ../013" "(1H)/IMG_5293.jpg Graphic file (type jpg)

<use ../013" "(1H)/IMG_5293.jpg>
Package pdftex.def Info: ../013" "(1H)/IMG_5293.jpg used on input line 286.
(pdftex.def)             Requested size: 185.25238pt x 138.90018pt.

<../013" "(1H)/IMG_5295-2.jpg, id=97, 1927.2pt x 1445.4pt>
File: ../013" "(1H)/IMG_5295-2.jpg Graphic file (type jpg)

<use ../013" "(1H)/IMG_5295-2.jpg>
Package pdftex.def Info: ../013" "(1H)/IMG_5295-2.jpg used on input line 293.
(pdftex.def)             Requested size: 185.25238pt x 138.92444pt.


Package Fancyhdr Warning: \headheight is too small (12.0pt): 
 Make it at least 27.85004pt.
 We now make it that large for the rest of the document.
 This may cause the page layout to be inconsistent, however.

[8 <../013 (1H)/IMG_5289.jpg> <../013 (1H)/IMG_5292.jpg> <../013 (1H)/IMG_5293.
jpg> <../013 (1H)/IMG_5295-2.jpg>]
<../013" "(1H)/1H-1.jpg, id=102, 1606.0pt x 1204.5pt>
File: ../013" "(1H)/1H-1.jpg Graphic file (type jpg)

<use ../013" "(1H)/1H-1.jpg>
Package pdftex.def Info: ../013" "(1H)/1H-1.jpg used on input line 310.
(pdftex.def)             Requested size: 185.25238pt x 138.92812pt.

<../013" "(1H)/1H-3.jpg, id=103, 1606.0pt x 1204.5pt>
File: ../013" "(1H)/1H-3.jpg Graphic file (type jpg)

<use ../013" "(1H)/1H-3.jpg>
Package pdftex.def Info: ../013" "(1H)/1H-3.jpg used on input line 317.
(pdftex.def)             Requested size: 185.25238pt x 138.92812pt.

<../013" "(1H)/1H-5.jpg, id=104, 1606.0pt x 1204.5pt>
File: ../013" "(1H)/1H-5.jpg Graphic file (type jpg)

<use ../013" "(1H)/1H-5.jpg>
Package pdftex.def Info: ../013" "(1H)/1H-5.jpg used on input line 326.
(pdftex.def)             Requested size: 185.25238pt x 138.92812pt.

<../013" "(1H)/1H-6.jpg, id=105, 1606.0pt x 1204.5pt>
File: ../013" "(1H)/1H-6.jpg Graphic file (type jpg)

<use ../013" "(1H)/1H-6.jpg>
Package pdftex.def Info: ../013" "(1H)/1H-6.jpg used on input line 333.
(pdftex.def)             Requested size: 185.25238pt x 138.92812pt.


Package Fancyhdr Warning: \headheight is too small (12.0pt): 
 Make it at least 27.85004pt.
 We now make it that large for the rest of the document.
 This may cause the page layout to be inconsistent, however.

[9 <../013 (1H)/1H-1.jpg> <../013 (1H)/1H-3.jpg> <../013 (1H)/1H-5.jpg> <../013
 (1H)/1H-6.jpg>]

Package hyperref Warning: Token not allowed in a PDF string (PDFDocEncoding):
(hyperref)                removing `\\' on input line 345.


Package hyperref Warning: Token not allowed in a PDF string (PDFDocEncoding):
(hyperref)                removing `math shift' on input line 345.


Package hyperref Warning: Token not allowed in a PDF string (PDFDocEncoding):
(hyperref)                removing `math shift' on input line 345.


Package hyperref Warning: Token not allowed in a PDF string (PDFDocEncoding):
(hyperref)                removing `math shift' on input line 345.


Package hyperref Warning: Token not allowed in a PDF string (PDFDocEncoding):
(hyperref)                removing `math shift' on input line 345.


Package Fancyhdr Warning: \headheight is too small (12.0pt): 
 Make it at least 27.85004pt.
 We now make it that large for the rest of the document.
 This may cause the page layout to be inconsistent, however.

[10] <../012" "(1K)/IMG_5301.jpg, id=120, 4047.12pt x 3035.34pt>
File: ../012" "(1K)/IMG_5301.jpg Graphic file (type jpg)

<use ../012" "(1K)/IMG_5301.jpg>
Package pdftex.def Info: ../012" "(1K)/IMG_5301.jpg used on input line 361.
(pdftex.def)             Requested size: 185.25238pt x 138.90018pt.

<../012" "(1K)/IMG_5303.jpg, id=121, 4047.12pt x 3035.34pt>
File: ../012" "(1K)/IMG_5303.jpg Graphic file (type jpg)

<use ../012" "(1K)/IMG_5303.jpg>
Package pdftex.def Info: ../012" "(1K)/IMG_5303.jpg used on input line 368.
(pdftex.def)             Requested size: 185.25238pt x 138.90018pt.

<../012" "(1K)/IMG_5304.jpg, id=122, 4047.12pt x 3035.34pt>
File: ../012" "(1K)/IMG_5304.jpg Graphic file (type jpg)

<use ../012" "(1K)/IMG_5304.jpg>
Package pdftex.def Info: ../012" "(1K)/IMG_5304.jpg used on input line 377.
(pdftex.def)             Requested size: 185.25238pt x 138.90018pt.

<../012" "(1K)/IMG_5305.jpg, id=123, 4047.12pt x 3035.34pt>
File: ../012" "(1K)/IMG_5305.jpg Graphic file (type jpg)

<use ../012" "(1K)/IMG_5305.jpg>
Package pdftex.def Info: ../012" "(1K)/IMG_5305.jpg used on input line 384.
(pdftex.def)             Requested size: 185.25238pt x 138.90018pt.

<../012" "(1K)/1K-4.jpg, id=124, 1606.0pt x 1204.5pt>
File: ../012" "(1K)/1K-4.jpg Graphic file (type jpg)

<use ../012" "(1K)/1K-4.jpg>
Package pdftex.def Info: ../012" "(1K)/1K-4.jpg used on input line 396.
(pdftex.def)             Requested size: 269.10095pt x 201.82162pt.


Package Fancyhdr Warning: \headheight is too small (12.0pt): 
 Make it at least 27.85004pt.
 We now make it that large for the rest of the document.
 This may cause the page layout to be inconsistent, however.

[11 <../012 (1K)/IMG_5301.jpg> <../012 (1K)/IMG_5303.jpg> <../012 (1K)/IMG_5304
.jpg> <../012 (1K)/IMG_5305.jpg> <../012 (1K)/1K-4.jpg>]
<../012" "(1K)/1K-1.jpg, id=129, 1606.0pt x 1204.5pt>
File: ../012" "(1K)/1K-1.jpg Graphic file (type jpg)

<use ../012" "(1K)/1K-1.jpg>
Package pdftex.def Info: ../012" "(1K)/1K-1.jpg used on input line 409.
(pdftex.def)             Requested size: 358.79929pt x 269.08937pt.

<../012" "(1K)/1K-3.jpg, id=130, 1606.0pt x 1204.5pt>
File: ../012" "(1K)/1K-3.jpg Graphic file (type jpg)

<use ../012" "(1K)/1K-3.jpg>
Package pdftex.def Info: ../012" "(1K)/1K-3.jpg used on input line 416.
(pdftex.def)             Requested size: 358.79929pt x 269.08937pt.

Overfull \vbox (39.87871pt too high) has occurred while \output is active []


[12 <../012 (1K)/1K-1.jpg> <../012 (1K)/1K-3.jpg>]
No file Feed-Inspection-Report-02-2020.bbl.
Package atveryend Info: Empty hook `BeforeClearDocument' on input line 448.
Package atveryend Info: Empty hook `AfterLastShipout' on input line 448.
(./Feed-Inspection-Report-02-2020.aux)
Package atveryend Info: Executing hook `AtVeryEndDocument' on input line 448.
Package atveryend Info: Executing hook `AtEndAfterFileList' on input line 448.
Package rerunfilecheck Info: File `Feed-Inspection-Report-02-2020.out' has not 
changed.
(rerunfilecheck)             Checksum: A915B07B5C6156B4AC8238F85886F4F6;342.


LaTeX Warning: There were multiply-defined labels.

Package atveryend Info: Empty hook `AtVeryVeryEnd' on input line 448.
 ) 
Here is how much of TeX's memory you used:
 9958 strings out of 493089
 148703 string characters out of 6134842
 251170 words of memory out of 5000000
 13220 multiletter control sequences out of 15000+600000
 14641 words of font info for 56 fonts, out of 8000000 for 9000
 1141 hyphenation exceptions out of 8191
 42i,14n,43p,866b,486s stack positions out of 5000i,500n,10000p,200000b,80000s
</usr/local/texlive/2015/texmf-dist/fonts/type1/public/amsfonts/cm/cmbx12.pfb
></usr/local/texlive/2015/texmf-dist/fonts/type1/public/amsfonts/cm/cmr10.pfb><
/usr/local/texlive/2015/texmf-dist/fonts/type1/public/amsfonts/cm/cmr12.pfb></u
sr/local/texlive/2015/texmf-dist/fonts/type1/public/amsfonts/cm/cmr17.pfb></usr
/local/texlive/2015/texmf-dist/fonts/type1/public/amsfonts/cm/cmr8.pfb></usr/lo
cal/texlive/2015/texmf-dist/fonts/type1/public/amsfonts/cm/cmsl12.pfb></usr/loc
al/texlive/2015/texmf-dist/fonts/type1/public/amsfonts/cm/cmsy10.pfb>
Output written on Feed-Inspection-Report-02-2020.pdf (12 pages, 37838736 bytes)
.
PDF statistics:
 168 PDF objects out of 1000 (max. 8388607)
 122 compressed objects within 2 object streams
 29 named destinations out of 1000 (max. 500000)
 151 words of extra memory for PDF output out of 10000 (max. 10000000)

